[ 2018-09-29T17:51:40+08:00 ] 127.0.0.1 /index.php
INFO: [ app_init ] --START--
INFO: Run Behavior\BuildLiteBehavior [ RunTime:0.000000s ]
INFO: [ app_init ] --END-- [ RunTime:0.002001s ]
INFO: [ app_begin ] --START--
INFO: Run Behavior\ReadHtmlCacheBehavior [ RunTime:0.001000s ]
INFO: [ app_begin ] --END-- [ RunTime:0.002000s ]
SQL: SHOW COLUMNS FROM `pan_good_category` [ RunTime:0.0040s ]
SQL: SELECT * FROM `pan_good_category`  [ RunTime:0.0000s ]
SQL: SHOW COLUMNS FROM `pan_member` [ RunTime:0.0050s ]
SQL: SELECT * FROM `pan_member` LIMIT 1   [ RunTime:0.0000s ]
SQL: SHOW COLUMNS FROM `pan_member_level` [ RunTime:0.0040s ]
SQL: SELECT `id` FROM `pan_member_level` WHERE `jifen_bottom` <= '6000' AND `jifen_top` >= '6000' LIMIT 1   [ RunTime:0.0000s ]
NOTIC: [2048] Declaration of Home\Model\CartModel::add() should be compatible with Think\Model::add($data = '', $options = Array, $replace = false) C:\phpStudy\PHPTutorial\WWW\shop\Application\Home\Model\CartModel.class.php 第 222 行.
SQL: SHOW COLUMNS FROM `pan_cart` [ RunTime:0.0030s ]
SQL: SHOW COLUMNS FROM `pan_goods` [ RunTime:0.0040s ]
SQL: SELECT * FROM `pan_goods` WHERE `is_on_sale` = '是' AND `promote_price` > 0 AND `promote_start_date` <= '2018-09-29 17:51' AND `promote_end_date` >= '2018-09-29 17:51' ORDER BY sort_num asc LIMIT 5   [ RunTime:0.0010s ]
SQL: SELECT * FROM `pan_goods` WHERE `is_on_sale` = '是' AND `is_new` = '是' ORDER BY sort_num asc LIMIT 5   [ RunTime:0.0000s ]
SQL: SELECT * FROM `pan_goods` WHERE `is_on_sale` = '是' AND `is_hot` = '是' ORDER BY sort_num asc LIMIT 5   [ RunTime:0.0000s ]
SQL: SELECT * FROM `pan_goods` WHERE `is_on_sale` = '是' AND `is_best` = '是' ORDER BY sort_num asc LIMIT 5   [ RunTime:0.0010s ]
SQL: SELECT * FROM `pan_good_category` WHERE `parent_id` = 0 AND `is_floor` = '是'  [ RunTime:0.0000s ]
SQL: SELECT * FROM `pan_good_category` WHERE `parent_id` = '1' AND `is_floor` = '否'  [ RunTime:0.0000s ]
SQL: SELECT * FROM `pan_good_category` WHERE `parent_id` = '1' AND `is_floor` = '是'  [ RunTime:0.0010s ]
SQL: SELECT * FROM `pan_good_category`  [ RunTime:0.0000s ]
SQL: SELECT `id` FROM `pan_goods` WHERE `category_id` IN ('22','17')  [ RunTime:0.0000s ]
SQL: SHOW COLUMNS FROM `pan_good_cat` [ RunTime:0.0030s ]
SQL: SELECT distinct good_id id FROM `pan_good_cat` WHERE `category_id` IN ('22','17')  [ RunTime:0.0000s ]
SQL: SELECT * FROM `pan_goods` WHERE `id` IN ('23','29','30','38','40') LIMIT 8   [ RunTime:0.0010s ]
SQL: SELECT * FROM `pan_good_category`  [ RunTime:0.0000s ]
SQL: SELECT `id` FROM `pan_goods` WHERE `category_id` IN ('25')  [ RunTime:0.0000s ]
SQL: SELECT distinct good_id id FROM `pan_good_cat` WHERE `category_id` IN ('25')  [ RunTime:0.0010s ]
SQL: SELECT * FROM `pan_goods` WHERE `id` IN ('40') LIMIT 8   [ RunTime:0.0000s ]
SQL: SELECT * FROM `pan_good_category`  [ RunTime:0.0010s ]
SQL: SELECT `id` FROM `pan_goods` WHERE `category_id` IN ('17','22','18','19','25','1')  [ RunTime:0.0000s ]
SQL: SELECT distinct good_id id FROM `pan_good_cat` WHERE `category_id` IN ('17','22','18','19','25','1')  [ RunTime:0.0000s ]
SQL: SELECT distinct b.* FROM pan_goods a left join pan_brand b on b.id=a.brand_id  WHERE a.id IN ('22','23','25','29','30','38','39','40') AND b.id > 0 LIMIT 9   [ RunTime:0.0020s ]
SQL: SELECT * FROM `pan_good_category` WHERE `parent_id` = '2' AND `is_floor` = '否'  [ RunTime:0.0010s ]
SQL: SELECT * FROM `pan_good_category` WHERE `parent_id` = '2' AND `is_floor` = '是'  [ RunTime:0.0000s ]
SQL: SELECT * FROM `pan_good_category`  [ RunTime:0.0000s ]
SQL: SELECT `id` FROM `pan_goods` WHERE `category_id` IN ('23')  [ RunTime:0.0000s ]
SQL: SELECT distinct good_id id FROM `pan_good_cat` WHERE `category_id` IN ('23')  [ RunTime:0.0010s ]
SQL: SELECT * FROM `pan_goods` WHERE `id` IN ('18') LIMIT 8   [ RunTime:0.0000s ]
SQL: SELECT * FROM `pan_good_category`  [ RunTime:0.0000s ]
SQL: SELECT `id` FROM `pan_goods` WHERE `category_id` IN ('24')  [ RunTime:0.0000s ]
SQL: SELECT distinct good_id id FROM `pan_good_cat` WHERE `category_id` IN ('24')  [ RunTime:0.0000s ]
SQL: SELECT * FROM `pan_goods` WHERE `id` IN ('15','17') LIMIT 8   [ RunTime:0.0000s ]
SQL: SELECT * FROM `pan_good_category`  [ RunTime:0.0010s ]
SQL: SELECT `id` FROM `pan_goods` WHERE `category_id` IN ('21','23','24','2')  [ RunTime:0.0000s ]
SQL: SELECT distinct good_id id FROM `pan_good_cat` WHERE `category_id` IN ('21','23','24','2')  [ RunTime:0.0000s ]
SQL: SELECT distinct b.* FROM pan_goods a left join pan_brand b on b.id=a.brand_id  WHERE a.id IN ('15','17','18','25','29','39') AND b.id > 0 LIMIT 9   [ RunTime:0.0010s ]
INFO: [ view_parse ] --START--
NOTIC: [2] file_get_contents(Common/help.html): failed to open stream: No such file or directory C:\phpStudy\PHPTutorial\WWW\shop\ThinkPHP\Library\Think\Template.class.php 第 696 行.
INFO: [ template_filter ] --START--
INFO: Run Behavior\ContentReplaceBehavior [ RunTime:0.000000s ]
INFO: [ template_filter ] --END-- [ RunTime:0.000000s ]
NOTIC: [8] Undefined index: children C:\phpStudy\PHPTutorial\WWW\shop\Application\Runtime\Cache\Home\2a94b8bda04ff446dcedd42276fc99ee.php 第 158 行.
NOTIC: [2] Invalid argument supplied for foreach() C:\phpStudy\PHPTutorial\WWW\shop\Application\Runtime\Cache\Home\2a94b8bda04ff446dcedd42276fc99ee.php 第 158 行.
NOTIC: [8] Undefined index: children C:\phpStudy\PHPTutorial\WWW\shop\Application\Runtime\Cache\Home\2a94b8bda04ff446dcedd42276fc99ee.php 第 158 行.
NOTIC: [2] Invalid argument supplied for foreach() C:\phpStudy\PHPTutorial\WWW\shop\Application\Runtime\Cache\Home\2a94b8bda04ff446dcedd42276fc99ee.php 第 158 行.
NOTIC: [8] Undefined index: children C:\phpStudy\PHPTutorial\WWW\shop\Application\Runtime\Cache\Home\2a94b8bda04ff446dcedd42276fc99ee.php 第 158 行.
NOTIC: [2] Invalid argument supplied for foreach() C:\phpStudy\PHPTutorial\WWW\shop\Application\Runtime\Cache\Home\2a94b8bda04ff446dcedd42276fc99ee.php 第 158 行.
NOTIC: [8] Undefined index: children C:\phpStudy\PHPTutorial\WWW\shop\Application\Runtime\Cache\Home\2a94b8bda04ff446dcedd42276fc99ee.php 第 158 行.
NOTIC: [2] Invalid argument supplied for foreach() C:\phpStudy\PHPTutorial\WWW\shop\Application\Runtime\Cache\Home\2a94b8bda04ff446dcedd42276fc99ee.php 第 158 行.
NOTIC: [8] Undefined index: children C:\phpStudy\PHPTutorial\WWW\shop\Application\Runtime\Cache\Home\2a94b8bda04ff446dcedd42276fc99ee.php 第 158 行.
NOTIC: [2] Invalid argument supplied for foreach() C:\phpStudy\PHPTutorial\WWW\shop\Application\Runtime\Cache\Home\2a94b8bda04ff446dcedd42276fc99ee.php 第 158 行.
NOTIC: [8] Undefined index: children C:\phpStudy\PHPTutorial\WWW\shop\Application\Runtime\Cache\Home\2a94b8bda04ff446dcedd42276fc99ee.php 第 158 行.
NOTIC: [2] Invalid argument supplied for foreach() C:\phpStudy\PHPTutorial\WWW\shop\Application\Runtime\Cache\Home\2a94b8bda04ff446dcedd42276fc99ee.php 第 158 行.
NOTIC: [8] Undefined index: children C:\phpStudy\PHPTutorial\WWW\shop\Application\Runtime\Cache\Home\2a94b8bda04ff446dcedd42276fc99ee.php 第 154 行.
NOTIC: [2] Invalid argument supplied for foreach() C:\phpStudy\PHPTutorial\WWW\shop\Application\Runtime\Cache\Home\2a94b8bda04ff446dcedd42276fc99ee.php 第 154 行.
NOTIC: [8] Undefined index: children C:\phpStudy\PHPTutorial\WWW\shop\Application\Runtime\Cache\Home\2a94b8bda04ff446dcedd42276fc99ee.php 第 154 行.
NOTIC: [2] Invalid argument supplied for foreach() C:\phpStudy\PHPTutorial\WWW\shop\Application\Runtime\Cache\Home\2a94b8bda04ff446dcedd42276fc99ee.php 第 154 行.
NOTIC: [8] Undefined index: children C:\phpStudy\PHPTutorial\WWW\shop\Application\Runtime\Cache\Home\2a94b8bda04ff446dcedd42276fc99ee.php 第 154 行.
NOTIC: [2] Invalid argument supplied for foreach() C:\phpStudy\PHPTutorial\WWW\shop\Application\Runtime\Cache\Home\2a94b8bda04ff446dcedd42276fc99ee.php 第 154 行.
NOTIC: [8] Undefined index: children C:\phpStudy\PHPTutorial\WWW\shop\Application\Runtime\Cache\Home\2a94b8bda04ff446dcedd42276fc99ee.php 第 154 行.
NOTIC: [2] Invalid argument supplied for foreach() C:\phpStudy\PHPTutorial\WWW\shop\Application\Runtime\Cache\Home\2a94b8bda04ff446dcedd42276fc99ee.php 第 154 行.
NOTIC: [8] Undefined index: children C:\phpStudy\PHPTutorial\WWW\shop\Application\Runtime\Cache\Home\2a94b8bda04ff446dcedd42276fc99ee.php 第 154 行.
NOTIC: [2] Invalid argument supplied for foreach() C:\phpStudy\PHPTutorial\WWW\shop\Application\Runtime\Cache\Home\2a94b8bda04ff446dcedd42276fc99ee.php 第 154 行.
NOTIC: [8] Undefined index: children C:\phpStudy\PHPTutorial\WWW\shop\Application\Runtime\Cache\Home\2a94b8bda04ff446dcedd42276fc99ee.php 第 154 行.
NOTIC: [2] Invalid argument supplied for foreach() C:\phpStudy\PHPTutorial\WWW\shop\Application\Runtime\Cache\Home\2a94b8bda04ff446dcedd42276fc99ee.php 第 154 行.
NOTIC: [8] Undefined index: children C:\phpStudy\PHPTutorial\WWW\shop\Application\Runtime\Cache\Home\2a94b8bda04ff446dcedd42276fc99ee.php 第 154 行.
NOTIC: [2] Invalid argument supplied for foreach() C:\phpStudy\PHPTutorial\WWW\shop\Application\Runtime\Cache\Home\2a94b8bda04ff446dcedd42276fc99ee.php 第 154 行.
NOTIC: [8] Undefined index: children C:\phpStudy\PHPTutorial\WWW\shop\Application\Runtime\Cache\Home\2a94b8bda04ff446dcedd42276fc99ee.php 第 154 行.
NOTIC: [2] Invalid argument supplied for foreach() C:\phpStudy\PHPTutorial\WWW\shop\Application\Runtime\Cache\Home\2a94b8bda04ff446dcedd42276fc99ee.php 第 154 行.
NOTIC: [8] Undefined index: children C:\phpStudy\PHPTutorial\WWW\shop\Application\Runtime\Cache\Home\2a94b8bda04ff446dcedd42276fc99ee.php 第 154 行.
NOTIC: [2] Invalid argument supplied for foreach() C:\phpStudy\PHPTutorial\WWW\shop\Application\Runtime\Cache\Home\2a94b8bda04ff446dcedd42276fc99ee.php 第 154 行.
NOTIC: [8] Undefined index: children C:\phpStudy\PHPTutorial\WWW\shop\Application\Runtime\Cache\Home\2a94b8bda04ff446dcedd42276fc99ee.php 第 154 行.
NOTIC: [2] Invalid argument supplied for foreach() C:\phpStudy\PHPTutorial\WWW\shop\Application\Runtime\Cache\Home\2a94b8bda04ff446dcedd42276fc99ee.php 第 154 行.
NOTIC: [8] Undefined index: children C:\phpStudy\PHPTutorial\WWW\shop\Application\Runtime\Cache\Home\2a94b8bda04ff446dcedd42276fc99ee.php 第 154 行.
NOTIC: [2] Invalid argument supplied for foreach() C:\phpStudy\PHPTutorial\WWW\shop\Application\Runtime\Cache\Home\2a94b8bda04ff446dcedd42276fc99ee.php 第 154 行.
INFO: Run Behavior\ParseTemplateBehavior [ RunTime:0.014001s ]
INFO: [ view_parse ] --END-- [ RunTime:0.014001s ]
INFO: [ view_filter ] --START--
INFO: Run Behavior\WriteHtmlCacheBehavior [ RunTime:0.001000s ]
INFO: [ view_filter ] --END-- [ RunTime:0.001000s ]
INFO: [ app_end ] --START--
INFO: Run Behavior\ShowPageTraceBehavior [ RunTime:0.001000s ]
INFO: [ app_end ] --END-- [ RunTime:0.001000s ]

[ 2018-09-29T17:51:41+08:00 ] 127.0.0.1 /index.php/Home/Member/ajaxChkLogin
INFO: [ app_init ] --START--
INFO: Run Behavior\BuildLiteBehavior [ RunTime:0.000000s ]
INFO: [ app_init ] --END-- [ RunTime:0.000000s ]
INFO: [ app_begin ] --START--
INFO: Run Behavior\ReadHtmlCacheBehavior [ RunTime:0.001000s ]
INFO: [ app_begin ] --END-- [ RunTime:0.001000s ]
INFO: [ app_end ] --START--
INFO: Run Behavior\ShowPageTraceBehavior [ RunTime:0.001000s ]
INFO: [ app_end ] --END-- [ RunTime:0.001000s ]

[ 2018-09-29T17:51:43+08:00 ] 127.0.0.1 /index.php/Home/Cart/ajaxCarList
INFO: [ app_init ] --START--
INFO: Run Behavior\BuildLiteBehavior [ RunTime:0.000000s ]
INFO: [ app_init ] --END-- [ RunTime:0.001000s ]
INFO: [ app_begin ] --START--
INFO: Run Behavior\ReadHtmlCacheBehavior [ RunTime:0.001000s ]
INFO: [ app_begin ] --END-- [ RunTime:0.001000s ]
NOTIC: [2048] Declaration of Home\Model\CartModel::add() should be compatible with Think\Model::add($data = '', $options = Array, $replace = false) C:\phpStudy\PHPTutorial\WWW\shop\Application\Home\Model\CartModel.class.php 第 5 行.
SQL: SHOW COLUMNS FROM `pan_cart` [ RunTime:0.0030s ]
SQL: SELECT * FROM `pan_cart` WHERE `member_id` = '10'  [ RunTime:0.0000s ]
SQL: SHOW COLUMNS FROM `pan_goods` [ RunTime:0.0030s ]
SQL: SHOW COLUMNS FROM `pan_shangpin_attr` [ RunTime:0.0040s ]
SQL: SELECT * FROM `pan_goods` WHERE `id` = '40' LIMIT 1   [ RunTime:0.0010s ]
SQL: SELECT `promote_price` FROM `pan_goods` WHERE `id` = '40' AND `promote_price` > 0 AND `promote_start_date` <= '2018-09-29 17:51' AND `promote_end_date` >= '2018-09-29 17:51' LIMIT 1   [ RunTime:0.0000s ]
SQL: SELECT `shop_price` FROM `pan_goods` WHERE `id` = 40 LIMIT 1   [ RunTime:0.0000s ]
SQL: SHOW COLUMNS FROM `pan_member_price` [ RunTime:0.0050s ]
SQL: SELECT `price` FROM `pan_member_price` WHERE `good_id` = '40' AND `level_id` = '2' LIMIT 1   [ RunTime:0.0000s ]
SQL: SELECT a.*,b.attr_name FROM pan_shangpin_attr a left join pan_good_attr b on b.id =a.attr_id  WHERE a.id IN ('95','99')  [ RunTime:0.0030s ]
INFO: [ app_end ] --START--
INFO: Run Behavior\ShowPageTraceBehavior [ RunTime:0.000000s ]
INFO: [ app_end ] --END-- [ RunTime:0.000000s ]

[ 2018-09-29T17:51:44+08:00 ] 127.0.0.1 /index.php/Home/Cart/lst
INFO: [ app_init ] --START--
INFO: Run Behavior\BuildLiteBehavior [ RunTime:0.000000s ]
INFO: [ app_init ] --END-- [ RunTime:0.001000s ]
INFO: [ app_begin ] --START--
INFO: Run Behavior\ReadHtmlCacheBehavior [ RunTime:0.001000s ]
INFO: [ app_begin ] --END-- [ RunTime:0.001000s ]
NOTIC: [2048] Declaration of Home\Model\CartModel::add() should be compatible with Think\Model::add($data = '', $options = Array, $replace = false) C:\phpStudy\PHPTutorial\WWW\shop\Application\Home\Model\CartModel.class.php 第 5 行.
SQL: SHOW COLUMNS FROM `pan_cart` [ RunTime:0.0030s ]
SQL: SELECT * FROM `pan_cart` WHERE `member_id` = '10'  [ RunTime:0.0000s ]
SQL: SHOW COLUMNS FROM `pan_goods` [ RunTime:0.0030s ]
SQL: SHOW COLUMNS FROM `pan_shangpin_attr` [ RunTime:0.0020s ]
SQL: SELECT * FROM `pan_goods` WHERE `id` = '40' LIMIT 1   [ RunTime:0.0010s ]
SQL: SELECT `promote_price` FROM `pan_goods` WHERE `id` = '40' AND `promote_price` > 0 AND `promote_start_date` <= '2018-09-29 17:51' AND `promote_end_date` >= '2018-09-29 17:51' LIMIT 1   [ RunTime:0.0000s ]
SQL: SELECT `shop_price` FROM `pan_goods` WHERE `id` = 40 LIMIT 1   [ RunTime:0.0000s ]
SQL: SHOW COLUMNS FROM `pan_member_price` [ RunTime:0.0020s ]
SQL: SELECT `price` FROM `pan_member_price` WHERE `good_id` = '40' AND `level_id` = '2' LIMIT 1   [ RunTime:0.0010s ]
SQL: SELECT a.*,b.attr_name FROM pan_shangpin_attr a left join pan_good_attr b on b.id =a.attr_id  WHERE a.id IN ('95','99')  [ RunTime:0.0000s ]
INFO: [ view_parse ] --START--
INFO: [ template_filter ] --START--
INFO: Run Behavior\ContentReplaceBehavior [ RunTime:0.000000s ]
INFO: [ template_filter ] --END-- [ RunTime:0.000000s ]
INFO: Run Behavior\ParseTemplateBehavior [ RunTime:0.007001s ]
INFO: [ view_parse ] --END-- [ RunTime:0.007001s ]
INFO: [ view_filter ] --START--
INFO: Run Behavior\WriteHtmlCacheBehavior [ RunTime:0.001000s ]
INFO: [ view_filter ] --END-- [ RunTime:0.001000s ]
INFO: [ app_end ] --START--
INFO: Run Behavior\ShowPageTraceBehavior [ RunTime:0.001000s ]
INFO: [ app_end ] --END-- [ RunTime:0.001000s ]

[ 2018-09-29T17:51:44+08:00 ] 127.0.0.1 /index.php/Home/Member/ajaxChkLogin
INFO: [ app_init ] --START--
INFO: Run Behavior\BuildLiteBehavior [ RunTime:0.000000s ]
INFO: [ app_init ] --END-- [ RunTime:0.000000s ]
INFO: [ app_begin ] --START--
INFO: Run Behavior\ReadHtmlCacheBehavior [ RunTime:0.001000s ]
INFO: [ app_begin ] --END-- [ RunTime:0.001000s ]
INFO: [ app_end ] --START--
INFO: Run Behavior\ShowPageTraceBehavior [ RunTime:0.000000s ]
INFO: [ app_end ] --END-- [ RunTime:0.000000s ]

[ 2018-09-29T17:51:56+08:00 ] 127.0.0.1 /index.php/home/index
INFO: [ app_init ] --START--
INFO: Run Behavior\BuildLiteBehavior [ RunTime:0.000000s ]
INFO: [ app_init ] --END-- [ RunTime:0.000000s ]
INFO: [ app_begin ] --START--
INFO: Run Behavior\ReadHtmlCacheBehavior [ RunTime:0.001000s ]
INFO: [ app_begin ] --END-- [ RunTime:0.001000s ]
SQL: SHOW COLUMNS FROM `pan_good_category` [ RunTime:0.0070s ]
SQL: SHOW COLUMNS FROM `pan_member` [ RunTime:0.0070s ]
SQL: SELECT * FROM `pan_member` LIMIT 1   [ RunTime:0.0010s ]
SQL: SHOW COLUMNS FROM `pan_member_level` [ RunTime:0.0040s ]
SQL: SELECT `id` FROM `pan_member_level` WHERE `jifen_bottom` <= '6000' AND `jifen_top` >= '6000' LIMIT 1   [ RunTime:0.0000s ]
NOTIC: [2048] Declaration of Home\Model\CartModel::add() should be compatible with Think\Model::add($data = '', $options = Array, $replace = false) C:\phpStudy\PHPTutorial\WWW\shop\Application\Home\Model\CartModel.class.php 第 222 行.
SQL: SHOW COLUMNS FROM `pan_cart` [ RunTime:0.0050s ]
SQL: SHOW COLUMNS FROM `pan_goods` [ RunTime:0.0040s ]
SQL: SELECT * FROM `pan_goods` WHERE `is_on_sale` = '是' AND `promote_price` > 0 AND `promote_start_date` <= '2018-09-29 17:51' AND `promote_end_date` >= '2018-09-29 17:51' ORDER BY sort_num asc LIMIT 5   [ RunTime:0.0000s ]
SQL: SELECT * FROM `pan_goods` WHERE `is_on_sale` = '是' AND `is_new` = '是' ORDER BY sort_num asc LIMIT 5   [ RunTime:0.0010s ]
SQL: SELECT * FROM `pan_goods` WHERE `is_on_sale` = '是' AND `is_hot` = '是' ORDER BY sort_num asc LIMIT 5   [ RunTime:0.0000s ]
SQL: SELECT * FROM `pan_goods` WHERE `is_on_sale` = '是' AND `is_best` = '是' ORDER BY sort_num asc LIMIT 5   [ RunTime:0.0010s ]
INFO: [ view_parse ] --START--
NOTIC: [2] file_get_contents(Common/help.html): failed to open stream: No such file or directory C:\phpStudy\PHPTutorial\WWW\shop\ThinkPHP\Library\Think\Template.class.php 第 696 行.
INFO: [ template_filter ] --START--
INFO: Run Behavior\ContentReplaceBehavior [ RunTime:0.000000s ]
INFO: [ template_filter ] --END-- [ RunTime:0.000000s ]
NOTIC: [8] Undefined index: children C:\phpStudy\PHPTutorial\WWW\shop\Application\Runtime\Cache\Home\2a94b8bda04ff446dcedd42276fc99ee.php 第 158 行.
NOTIC: [2] Invalid argument supplied for foreach() C:\phpStudy\PHPTutorial\WWW\shop\Application\Runtime\Cache\Home\2a94b8bda04ff446dcedd42276fc99ee.php 第 158 行.
NOTIC: [8] Undefined index: children C:\phpStudy\PHPTutorial\WWW\shop\Application\Runtime\Cache\Home\2a94b8bda04ff446dcedd42276fc99ee.php 第 158 行.
NOTIC: [2] Invalid argument supplied for foreach() C:\phpStudy\PHPTutorial\WWW\shop\Application\Runtime\Cache\Home\2a94b8bda04ff446dcedd42276fc99ee.php 第 158 行.
NOTIC: [8] Undefined index: children C:\phpStudy\PHPTutorial\WWW\shop\Application\Runtime\Cache\Home\2a94b8bda04ff446dcedd42276fc99ee.php 第 158 行.
NOTIC: [2] Invalid argument supplied for foreach() C:\phpStudy\PHPTutorial\WWW\shop\Application\Runtime\Cache\Home\2a94b8bda04ff446dcedd42276fc99ee.php 第 158 行.
NOTIC: [8] Undefined index: children C:\phpStudy\PHPTutorial\WWW\shop\Application\Runtime\Cache\Home\2a94b8bda04ff446dcedd42276fc99ee.php 第 158 行.
NOTIC: [2] Invalid argument supplied for foreach() C:\phpStudy\PHPTutorial\WWW\shop\Application\Runtime\Cache\Home\2a94b8bda04ff446dcedd42276fc99ee.php 第 158 行.
NOTIC: [8] Undefined index: children C:\phpStudy\PHPTutorial\WWW\shop\Application\Runtime\Cache\Home\2a94b8bda04ff446dcedd42276fc99ee.php 第 158 行.
NOTIC: [2] Invalid argument supplied for foreach() C:\phpStudy\PHPTutorial\WWW\shop\Application\Runtime\Cache\Home\2a94b8bda04ff446dcedd42276fc99ee.php 第 158 行.
NOTIC: [8] Undefined index: children C:\phpStudy\PHPTutorial\WWW\shop\Application\Runtime\Cache\Home\2a94b8bda04ff446dcedd42276fc99ee.php 第 158 行.
NOTIC: [2] Invalid argument supplied for foreach() C:\phpStudy\PHPTutorial\WWW\shop\Application\Runtime\Cache\Home\2a94b8bda04ff446dcedd42276fc99ee.php 第 158 行.
NOTIC: [8] Undefined index: children C:\phpStudy\PHPTutorial\WWW\shop\Application\Runtime\Cache\Home\2a94b8bda04ff446dcedd42276fc99ee.php 第 154 行.
NOTIC: [2] Invalid argument supplied for foreach() C:\phpStudy\PHPTutorial\WWW\shop\Application\Runtime\Cache\Home\2a94b8bda04ff446dcedd42276fc99ee.php 第 154 行.
NOTIC: [8] Undefined index: children C:\phpStudy\PHPTutorial\WWW\shop\Application\Runtime\Cache\Home\2a94b8bda04ff446dcedd42276fc99ee.php 第 154 行.
NOTIC: [2] Invalid argument supplied for foreach() C:\phpStudy\PHPTutorial\WWW\shop\Application\Runtime\Cache\Home\2a94b8bda04ff446dcedd42276fc99ee.php 第 154 行.
NOTIC: [8] Undefined index: children C:\phpStudy\PHPTutorial\WWW\shop\Application\Runtime\Cache\Home\2a94b8bda04ff446dcedd42276fc99ee.php 第 154 行.
NOTIC: [2] Invalid argument supplied for foreach() C:\phpStudy\PHPTutorial\WWW\shop\Application\Runtime\Cache\Home\2a94b8bda04ff446dcedd42276fc99ee.php 第 154 行.
NOTIC: [8] Undefined index: children C:\phpStudy\PHPTutorial\WWW\shop\Application\Runtime\Cache\Home\2a94b8bda04ff446dcedd42276fc99ee.php 第 154 行.
NOTIC: [2] Invalid argument supplied for foreach() C:\phpStudy\PHPTutorial\WWW\shop\Application\Runtime\Cache\Home\2a94b8bda04ff446dcedd42276fc99ee.php 第 154 行.
NOTIC: [8] Undefined index: children C:\phpStudy\PHPTutorial\WWW\shop\Application\Runtime\Cache\Home\2a94b8bda04ff446dcedd42276fc99ee.php 第 154 行.
NOTIC: [2] Invalid argument supplied for foreach() C:\phpStudy\PHPTutorial\WWW\shop\Application\Runtime\Cache\Home\2a94b8bda04ff446dcedd42276fc99ee.php 第 154 行.
NOTIC: [8] Undefined index: children C:\phpStudy\PHPTutorial\WWW\shop\Application\Runtime\Cache\Home\2a94b8bda04ff446dcedd42276fc99ee.php 第 154 行.
NOTIC: [2] Invalid argument supplied for foreach() C:\phpStudy\PHPTutorial\WWW\shop\Application\Runtime\Cache\Home\2a94b8bda04ff446dcedd42276fc99ee.php 第 154 行.
NOTIC: [8] Undefined index: children C:\phpStudy\PHPTutorial\WWW\shop\Application\Runtime\Cache\Home\2a94b8bda04ff446dcedd42276fc99ee.php 第 154 行.
NOTIC: [2] Invalid argument supplied for foreach() C:\phpStudy\PHPTutorial\WWW\shop\Application\Runtime\Cache\Home\2a94b8bda04ff446dcedd42276fc99ee.php 第 154 行.
NOTIC: [8] Undefined index: children C:\phpStudy\PHPTutorial\WWW\shop\Application\Runtime\Cache\Home\2a94b8bda04ff446dcedd42276fc99ee.php 第 154 行.
NOTIC: [2] Invalid argument supplied for foreach() C:\phpStudy\PHPTutorial\WWW\shop\Application\Runtime\Cache\Home\2a94b8bda04ff446dcedd42276fc99ee.php 第 154 行.
NOTIC: [8] Undefined index: children C:\phpStudy\PHPTutorial\WWW\shop\Application\Runtime\Cache\Home\2a94b8bda04ff446dcedd42276fc99ee.php 第 154 行.
NOTIC: [2] Invalid argument supplied for foreach() C:\phpStudy\PHPTutorial\WWW\shop\Application\Runtime\Cache\Home\2a94b8bda04ff446dcedd42276fc99ee.php 第 154 行.
NOTIC: [8] Undefined index: children C:\phpStudy\PHPTutorial\WWW\shop\Application\Runtime\Cache\Home\2a94b8bda04ff446dcedd42276fc99ee.php 第 154 行.
NOTIC: [2] Invalid argument supplied for foreach() C:\phpStudy\PHPTutorial\WWW\shop\Application\Runtime\Cache\Home\2a94b8bda04ff446dcedd42276fc99ee.php 第 154 行.
NOTIC: [8] Undefined index: children C:\phpStudy\PHPTutorial\WWW\shop\Application\Runtime\Cache\Home\2a94b8bda04ff446dcedd42276fc99ee.php 第 154 行.
NOTIC: [2] Invalid argument supplied for foreach() C:\phpStudy\PHPTutorial\WWW\shop\Application\Runtime\Cache\Home\2a94b8bda04ff446dcedd42276fc99ee.php 第 154 行.
INFO: Run Behavior\ParseTemplateBehavior [ RunTime:0.015001s ]
INFO: [ view_parse ] --END-- [ RunTime:0.015001s ]
INFO: [ view_filter ] --START--
INFO: Run Behavior\WriteHtmlCacheBehavior [ RunTime:0.001000s ]
INFO: [ view_filter ] --END-- [ RunTime:0.001000s ]
INFO: [ app_end ] --START--
INFO: Run Behavior\ShowPageTraceBehavior [ RunTime:0.001000s ]
INFO: [ app_end ] --END-- [ RunTime:0.001000s ]

[ 2018-09-29T17:51:56+08:00 ] 127.0.0.1 /index.php/Home/Member/ajaxChkLogin
INFO: [ app_init ] --START--
INFO: Run Behavior\BuildLiteBehavior [ RunTime:0.000000s ]
INFO: [ app_init ] --END-- [ RunTime:0.001000s ]
INFO: [ app_begin ] --START--
INFO: Run Behavior\ReadHtmlCacheBehavior [ RunTime:0.001000s ]
INFO: [ app_begin ] --END-- [ RunTime:0.001000s ]
INFO: [ app_end ] --START--
INFO: Run Behavior\ShowPageTraceBehavior [ RunTime:0.000000s ]
INFO: [ app_end ] --END-- [ RunTime:0.000000s ]

[ 2018-09-29T17:51:59+08:00 ] 127.0.0.1 /index.php/Home/Goods/detail/id/25.html
INFO: [ app_init ] --START--
INFO: Run Behavior\BuildLiteBehavior [ RunTime:0.000000s ]
INFO: [ app_init ] --END-- [ RunTime:0.000000s ]
INFO: [ app_begin ] --START--
INFO: Run Behavior\ReadHtmlCacheBehavior [ RunTime:0.001000s ]
INFO: [ app_begin ] --END-- [ RunTime:0.001000s ]
SQL: SHOW COLUMNS FROM `pan_good_category` [ RunTime:0.0060s ]
SQL: SHOW COLUMNS FROM `pan_goods` [ RunTime:0.0070s ]
SQL: SELECT * FROM `pan_goods` WHERE `id` = 25 LIMIT 1   [ RunTime:0.0000s ]
SQL: SELECT `id`,`catename`,`parent_id` FROM `pan_good_category` WHERE `id` = 18 LIMIT 1   [ RunTime:0.0010s ]
SQL: SELECT `id`,`catename`,`parent_id` FROM `pan_good_category` WHERE `id` = 1 LIMIT 1   [ RunTime:0.0000s ]
SQL: SHOW COLUMNS FROM `pan_good_phone` [ RunTime:0.0060s ]
SQL: SELECT * FROM `pan_good_phone` WHERE `good_id` = '25'  [ RunTime:0.0000s ]
SQL: SHOW COLUMNS FROM `pan_shangpin_attr` [ RunTime:0.0030s ]
SQL: SELECT a.*,b.attr_name,b.atrr_type FROM pan_shangpin_attr a left join pan_good_attr b on b.id = a.attr_id  WHERE a.good_id = '25'  [ RunTime:0.0000s ]
SQL: SHOW COLUMNS FROM `pan_member_price` [ RunTime:0.0030s ]
SQL: SELECT a.*,b.level_name FROM pan_member_price a left join pan_member_level b on b.id = a.level_id  WHERE `good_id` = '25'  [ RunTime:0.0010s ]
INFO: [ view_parse ] --START--
INFO: [ template_filter ] --START--
INFO: Run Behavior\ContentReplaceBehavior [ RunTime:0.000000s ]
INFO: [ template_filter ] --END-- [ RunTime:0.000000s ]
NOTIC: [8] Undefined index: children C:\phpStudy\PHPTutorial\WWW\shop\Application\Runtime\Cache\Home\795e274f7e0defaaba4ae5ed57f62a8c.php 第 172 行.
NOTIC: [2] Invalid argument supplied for foreach() C:\phpStudy\PHPTutorial\WWW\shop\Application\Runtime\Cache\Home\795e274f7e0defaaba4ae5ed57f62a8c.php 第 172 行.
NOTIC: [8] Undefined index: children C:\phpStudy\PHPTutorial\WWW\shop\Application\Runtime\Cache\Home\795e274f7e0defaaba4ae5ed57f62a8c.php 第 172 行.
NOTIC: [2] Invalid argument supplied for foreach() C:\phpStudy\PHPTutorial\WWW\shop\Application\Runtime\Cache\Home\795e274f7e0defaaba4ae5ed57f62a8c.php 第 172 行.
INFO: Run Behavior\ParseTemplateBehavior [ RunTime:0.016001s ]
INFO: [ view_parse ] --END-- [ RunTime:0.016001s ]
INFO: [ view_filter ] --START--
INFO: Run Behavior\WriteHtmlCacheBehavior [ RunTime:0.000000s ]
INFO: [ view_filter ] --END-- [ RunTime:0.000000s ]
INFO: [ app_end ] --START--
INFO: Run Behavior\ShowPageTraceBehavior [ RunTime:0.000000s ]
INFO: [ app_end ] --END-- [ RunTime:0.001000s ]

[ 2018-09-29T17:52:00+08:00 ] 127.0.0.1 /index.php/Home/Goods/displayHistory/id/25
INFO: [ app_init ] --START--
INFO: Run Behavior\BuildLiteBehavior [ RunTime:0.000000s ]
INFO: [ app_init ] --END-- [ RunTime:0.000000s ]
INFO: [ app_begin ] --START--
INFO: Run Behavior\ReadHtmlCacheBehavior [ RunTime:0.001000s ]
INFO: [ app_begin ] --END-- [ RunTime:0.001000s ]
SQL: SHOW COLUMNS FROM `pan_good_category` [ RunTime:0.0050s ]
SQL: SHOW COLUMNS FROM `pan_goods` [ RunTime:0.0060s ]
ERR: SQLSTATE[42000]: Syntax error or access violation: 1064 You have an error in your SQL syntax; check the manual that corresponds to your MySQL server version for the right syntax to use near '23)' at line 1

[ 2018-09-29T17:52:01+08:00 ] 127.0.0.1 /index.php/Home/Goods/ajaxGetPrice/id/25
INFO: [ app_init ] --START--
INFO: Run Behavior\BuildLiteBehavior [ RunTime:0.000000s ]
INFO: [ app_init ] --END-- [ RunTime:0.000000s ]
INFO: [ app_begin ] --START--
INFO: Run Behavior\ReadHtmlCacheBehavior [ RunTime:0.001000s ]
INFO: [ app_begin ] --END-- [ RunTime:0.001000s ]
SQL: SHOW COLUMNS FROM `pan_good_category` [ RunTime:0.0060s ]
SQL: SHOW COLUMNS FROM `pan_goods` [ RunTime:0.0060s ]
SQL: SELECT `promote_price` FROM `pan_goods` WHERE `id` = '25' AND `promote_price` > 0 AND `promote_start_date` <= '2018-09-29 17:52' AND `promote_end_date` >= '2018-09-29 17:52' LIMIT 1   [ RunTime:0.0000s ]
SQL: SELECT `shop_price` FROM `pan_goods` WHERE `id` = 25 LIMIT 1   [ RunTime:0.0010s ]
SQL: SHOW COLUMNS FROM `pan_member_price` [ RunTime:0.0060s ]
SQL: SELECT `price` FROM `pan_member_price` WHERE `good_id` = '25' AND `level_id` = '2' LIMIT 1   [ RunTime:0.0010s ]
INFO: [ app_end ] --START--
INFO: Run Behavior\ShowPageTraceBehavior [ RunTime:0.001000s ]
INFO: [ app_end ] --END-- [ RunTime:0.001000s ]

[ 2018-09-29T17:52:01+08:00 ] 127.0.0.1 /index.php/Home/Member/ajaxChkLogin
INFO: [ app_init ] --START--
INFO: Run Behavior\BuildLiteBehavior [ RunTime:0.000000s ]
INFO: [ app_init ] --END-- [ RunTime:0.000000s ]
INFO: [ app_begin ] --START--
INFO: Run Behavior\ReadHtmlCacheBehavior [ RunTime:0.001000s ]
INFO: [ app_begin ] --END-- [ RunTime:0.001000s ]
INFO: [ app_end ] --START--
INFO: Run Behavior\ShowPageTraceBehavior [ RunTime:0.000000s ]
INFO: [ app_end ] --END-- [ RunTime:0.000000s ]

[ 2018-09-29T17:52:03+08:00 ] 127.0.0.1 /index.php/Home/Goods/detail/id/25.html
INFO: [ app_init ] --START--
INFO: Run Behavior\BuildLiteBehavior [ RunTime:0.000000s ]
INFO: [ app_init ] --END-- [ RunTime:0.000000s ]
INFO: [ app_begin ] --START--
INFO: Run Behavior\ReadHtmlCacheBehavior [ RunTime:0.001000s ]
INFO: [ app_begin ] --END-- [ RunTime:0.001000s ]
SQL: SHOW COLUMNS FROM `pan_good_category` [ RunTime:0.0060s ]
SQL: SHOW COLUMNS FROM `pan_goods` [ RunTime:0.0050s ]
SQL: SELECT * FROM `pan_goods` WHERE `id` = 25 LIMIT 1   [ RunTime:0.0000s ]
SQL: SELECT `id`,`catename`,`parent_id` FROM `pan_good_category` WHERE `id` = 18 LIMIT 1   [ RunTime:0.0000s ]
SQL: SELECT `id`,`catename`,`parent_id` FROM `pan_good_category` WHERE `id` = 1 LIMIT 1   [ RunTime:0.0000s ]
SQL: SHOW COLUMNS FROM `pan_good_phone` [ RunTime:0.0050s ]
SQL: SELECT * FROM `pan_good_phone` WHERE `good_id` = '25'  [ RunTime:0.0000s ]
SQL: SHOW COLUMNS FROM `pan_shangpin_attr` [ RunTime:0.0040s ]
SQL: SELECT a.*,b.attr_name,b.atrr_type FROM pan_shangpin_attr a left join pan_good_attr b on b.id = a.attr_id  WHERE a.good_id = '25'  [ RunTime:0.0000s ]
SQL: SHOW COLUMNS FROM `pan_member_price` [ RunTime:0.0030s ]
SQL: SELECT a.*,b.level_name FROM pan_member_price a left join pan_member_level b on b.id = a.level_id  WHERE `good_id` = '25'  [ RunTime:0.0000s ]
INFO: [ view_parse ] --START--
INFO: [ template_filter ] --START--
INFO: Run Behavior\ContentReplaceBehavior [ RunTime:0.000000s ]
INFO: [ template_filter ] --END-- [ RunTime:0.000000s ]
NOTIC: [8] Undefined index: children C:\phpStudy\PHPTutorial\WWW\shop\Application\Runtime\Cache\Home\795e274f7e0defaaba4ae5ed57f62a8c.php 第 172 行.
NOTIC: [2] Invalid argument supplied for foreach() C:\phpStudy\PHPTutorial\WWW\shop\Application\Runtime\Cache\Home\795e274f7e0defaaba4ae5ed57f62a8c.php 第 172 行.
NOTIC: [8] Undefined index: children C:\phpStudy\PHPTutorial\WWW\shop\Application\Runtime\Cache\Home\795e274f7e0defaaba4ae5ed57f62a8c.php 第 172 行.
NOTIC: [2] Invalid argument supplied for foreach() C:\phpStudy\PHPTutorial\WWW\shop\Application\Runtime\Cache\Home\795e274f7e0defaaba4ae5ed57f62a8c.php 第 172 行.
INFO: Run Behavior\ParseTemplateBehavior [ RunTime:0.014001s ]
INFO: [ view_parse ] --END-- [ RunTime:0.014001s ]
INFO: [ view_filter ] --START--
INFO: Run Behavior\WriteHtmlCacheBehavior [ RunTime:0.001000s ]
INFO: [ view_filter ] --END-- [ RunTime:0.001000s ]
INFO: [ app_end ] --START--
INFO: Run Behavior\ShowPageTraceBehavior [ RunTime:0.001000s ]
INFO: [ app_end ] --END-- [ RunTime:0.001000s ]

[ 2018-09-29T17:52:04+08:00 ] 127.0.0.1 /index.php/Home/Goods/ajaxGetPrice/id/25
INFO: [ app_init ] --START--
INFO: Run Behavior\BuildLiteBehavior [ RunTime:0.000000s ]
INFO: [ app_init ] --END-- [ RunTime:0.000000s ]
INFO: [ app_begin ] --START--
INFO: Run Behavior\ReadHtmlCacheBehavior [ RunTime:0.001000s ]
INFO: [ app_begin ] --END-- [ RunTime:0.001000s ]
SQL: SHOW COLUMNS FROM `pan_good_category` [ RunTime:0.0040s ]
SQL: SHOW COLUMNS FROM `pan_goods` [ RunTime:0.0050s ]
SQL: SELECT `promote_price` FROM `pan_goods` WHERE `id` = '25' AND `promote_price` > 0 AND `promote_start_date` <= '2018-09-29 17:52' AND `promote_end_date` >= '2018-09-29 17:52' LIMIT 1   [ RunTime:0.0000s ]
SQL: SELECT `shop_price` FROM `pan_goods` WHERE `id` = 25 LIMIT 1   [ RunTime:0.0000s ]
SQL: SHOW COLUMNS FROM `pan_member_price` [ RunTime:0.0050s ]
SQL: SELECT `price` FROM `pan_member_price` WHERE `good_id` = '25' AND `level_id` = '2' LIMIT 1   [ RunTime:0.0010s ]
INFO: [ app_end ] --START--
INFO: Run Behavior\ShowPageTraceBehavior [ RunTime:0.001000s ]
INFO: [ app_end ] --END-- [ RunTime:0.001000s ]

[ 2018-09-29T17:52:05+08:00 ] 127.0.0.1 /index.php/Home/Goods/displayHistory/id/25
INFO: [ app_init ] --START--
INFO: Run Behavior\BuildLiteBehavior [ RunTime:0.000000s ]
INFO: [ app_init ] --END-- [ RunTime:0.000000s ]
INFO: [ app_begin ] --START--
INFO: Run Behavior\ReadHtmlCacheBehavior [ RunTime:0.001000s ]
INFO: [ app_begin ] --END-- [ RunTime:0.001000s ]
SQL: SHOW COLUMNS FROM `pan_good_category` [ RunTime:0.0080s ]
SQL: SHOW COLUMNS FROM `pan_goods` [ RunTime:0.0080s ]
ERR: SQLSTATE[42000]: Syntax error or access violation: 1064 You have an error in your SQL syntax; check the manual that corresponds to your MySQL server version for the right syntax to use near '23)' at line 1

[ 2018-09-29T17:52:05+08:00 ] 127.0.0.1 /index.php/Home/Member/ajaxChkLogin
INFO: [ app_init ] --START--
INFO: Run Behavior\BuildLiteBehavior [ RunTime:0.000000s ]
INFO: [ app_init ] --END-- [ RunTime:0.000000s ]
INFO: [ app_begin ] --START--
INFO: Run Behavior\ReadHtmlCacheBehavior [ RunTime:0.000000s ]
INFO: [ app_begin ] --END-- [ RunTime:0.000000s ]
INFO: [ app_end ] --START--
INFO: Run Behavior\ShowPageTraceBehavior [ RunTime:0.001000s ]
INFO: [ app_end ] --END-- [ RunTime:0.001000s ]

[ 2018-09-29T17:52:07+08:00 ] 127.0.0.1 /index.php/Home/Cart/ajaxCarList
INFO: [ app_init ] --START--
INFO: Run Behavior\BuildLiteBehavior [ RunTime:0.000000s ]
INFO: [ app_init ] --END-- [ RunTime:0.000000s ]
INFO: [ app_begin ] --START--
INFO: Run Behavior\ReadHtmlCacheBehavior [ RunTime:0.001000s ]
INFO: [ app_begin ] --END-- [ RunTime:0.001000s ]
NOTIC: [2048] Declaration of Home\Model\CartModel::add() should be compatible with Think\Model::add($data = '', $options = Array, $replace = false) C:\phpStudy\PHPTutorial\WWW\shop\Application\Home\Model\CartModel.class.php 第 5 行.
SQL: SHOW COLUMNS FROM `pan_cart` [ RunTime:0.0040s ]
SQL: SELECT * FROM `pan_cart` WHERE `member_id` = '10'  [ RunTime:0.0000s ]
SQL: SHOW COLUMNS FROM `pan_goods` [ RunTime:0.0030s ]
SQL: SHOW COLUMNS FROM `pan_shangpin_attr` [ RunTime:0.0030s ]
SQL: SELECT * FROM `pan_goods` WHERE `id` = '40' LIMIT 1   [ RunTime:0.0000s ]
SQL: SELECT `promote_price` FROM `pan_goods` WHERE `id` = '40' AND `promote_price` > 0 AND `promote_start_date` <= '2018-09-29 17:52' AND `promote_end_date` >= '2018-09-29 17:52' LIMIT 1   [ RunTime:0.0000s ]
SQL: SELECT `shop_price` FROM `pan_goods` WHERE `id` = 40 LIMIT 1   [ RunTime:0.0000s ]
SQL: SHOW COLUMNS FROM `pan_member_price` [ RunTime:0.0030s ]
SQL: SELECT `price` FROM `pan_member_price` WHERE `good_id` = '40' AND `level_id` = '2' LIMIT 1   [ RunTime:0.0000s ]
SQL: SELECT a.*,b.attr_name FROM pan_shangpin_attr a left join pan_good_attr b on b.id =a.attr_id  WHERE a.id IN ('95','99')  [ RunTime:0.0000s ]
INFO: [ app_end ] --START--
INFO: Run Behavior\ShowPageTraceBehavior [ RunTime:0.001000s ]
INFO: [ app_end ] --END-- [ RunTime:0.001000s ]

[ 2018-09-29T17:52:08+08:00 ] 127.0.0.1 /index.php/Home/Cart/lst
INFO: [ app_init ] --START--
INFO: Run Behavior\BuildLiteBehavior [ RunTime:0.001000s ]
INFO: [ app_init ] --END-- [ RunTime:0.001000s ]
INFO: [ app_begin ] --START--
INFO: Run Behavior\ReadHtmlCacheBehavior [ RunTime:0.001000s ]
INFO: [ app_begin ] --END-- [ RunTime:0.001000s ]
NOTIC: [2048] Declaration of Home\Model\CartModel::add() should be compatible with Think\Model::add($data = '', $options = Array, $replace = false) C:\phpStudy\PHPTutorial\WWW\shop\Application\Home\Model\CartModel.class.php 第 5 行.
SQL: SHOW COLUMNS FROM `pan_cart` [ RunTime:0.0050s ]
SQL: SELECT * FROM `pan_cart` WHERE `member_id` = '10'  [ RunTime:0.0010s ]
SQL: SHOW COLUMNS FROM `pan_goods` [ RunTime:0.0050s ]
SQL: SHOW COLUMNS FROM `pan_shangpin_attr` [ RunTime:0.0050s ]
SQL: SELECT * FROM `pan_goods` WHERE `id` = '40' LIMIT 1   [ RunTime:0.0010s ]
SQL: SELECT `promote_price` FROM `pan_goods` WHERE `id` = '40' AND `promote_price` > 0 AND `promote_start_date` <= '2018-09-29 17:52' AND `promote_end_date` >= '2018-09-29 17:52' LIMIT 1   [ RunTime:0.0000s ]
SQL: SELECT `shop_price` FROM `pan_goods` WHERE `id` = 40 LIMIT 1   [ RunTime:0.0000s ]
SQL: SHOW COLUMNS FROM `pan_member_price` [ RunTime:0.0050s ]
SQL: SELECT `price` FROM `pan_member_price` WHERE `good_id` = '40' AND `level_id` = '2' LIMIT 1   [ RunTime:0.0000s ]
SQL: SELECT a.*,b.attr_name FROM pan_shangpin_attr a left join pan_good_attr b on b.id =a.attr_id  WHERE a.id IN ('95','99')  [ RunTime:0.0010s ]
INFO: [ view_parse ] --START--
INFO: [ template_filter ] --START--
INFO: Run Behavior\ContentReplaceBehavior [ RunTime:0.000000s ]
INFO: [ template_filter ] --END-- [ RunTime:0.000000s ]
INFO: Run Behavior\ParseTemplateBehavior [ RunTime:0.009000s ]
INFO: [ view_parse ] --END-- [ RunTime:0.009000s ]
INFO: [ view_filter ] --START--
INFO: Run Behavior\WriteHtmlCacheBehavior [ RunTime:0.001000s ]
INFO: [ view_filter ] --END-- [ RunTime:0.001000s ]
INFO: [ app_end ] --START--
INFO: Run Behavior\ShowPageTraceBehavior [ RunTime:0.001000s ]
INFO: [ app_end ] --END-- [ RunTime:0.001000s ]

[ 2018-09-29T17:52:08+08:00 ] 127.0.0.1 /index.php/Home/Member/ajaxChkLogin
INFO: [ app_init ] --START--
INFO: Run Behavior\BuildLiteBehavior [ RunTime:0.000000s ]
INFO: [ app_init ] --END-- [ RunTime:0.001000s ]
INFO: [ app_begin ] --START--
INFO: Run Behavior\ReadHtmlCacheBehavior [ RunTime:0.000000s ]
INFO: [ app_begin ] --END-- [ RunTime:0.000000s ]
INFO: [ app_end ] --START--
INFO: Run Behavior\ShowPageTraceBehavior [ RunTime:0.000000s ]
INFO: [ app_end ] --END-- [ RunTime:0.000000s ]

[ 2018-09-29T17:52:10+08:00 ] 127.0.0.1 /index.php/home/index
INFO: [ app_init ] --START--
INFO: Run Behavior\BuildLiteBehavior [ RunTime:0.000000s ]
INFO: [ app_init ] --END-- [ RunTime:0.000000s ]
INFO: [ app_begin ] --START--
INFO: Run Behavior\ReadHtmlCacheBehavior [ RunTime:0.001000s ]
INFO: [ app_begin ] --END-- [ RunTime:0.001000s ]
SQL: SHOW COLUMNS FROM `pan_good_category` [ RunTime:0.0120s ]
SQL: SHOW COLUMNS FROM `pan_member` [ RunTime:0.0080s ]
SQL: SELECT * FROM `pan_member` LIMIT 1   [ RunTime:0.0000s ]
SQL: SHOW COLUMNS FROM `pan_member_level` [ RunTime:0.0090s ]
SQL: SELECT `id` FROM `pan_member_level` WHERE `jifen_bottom` <= '6000' AND `jifen_top` >= '6000' LIMIT 1   [ RunTime:0.0010s ]
NOTIC: [2048] Declaration of Home\Model\CartModel::add() should be compatible with Think\Model::add($data = '', $options = Array, $replace = false) C:\phpStudy\PHPTutorial\WWW\shop\Application\Home\Model\CartModel.class.php 第 222 行.
SQL: SHOW COLUMNS FROM `pan_cart` [ RunTime:0.0040s ]
SQL: SHOW COLUMNS FROM `pan_goods` [ RunTime:0.0040s ]
SQL: SELECT * FROM `pan_goods` WHERE `is_on_sale` = '是' AND `promote_price` > 0 AND `promote_start_date` <= '2018-09-29 17:52' AND `promote_end_date` >= '2018-09-29 17:52' ORDER BY sort_num asc LIMIT 5   [ RunTime:0.0010s ]
SQL: SELECT * FROM `pan_goods` WHERE `is_on_sale` = '是' AND `is_new` = '是' ORDER BY sort_num asc LIMIT 5   [ RunTime:0.0000s ]
SQL: SELECT * FROM `pan_goods` WHERE `is_on_sale` = '是' AND `is_hot` = '是' ORDER BY sort_num asc LIMIT 5   [ RunTime:0.0000s ]
SQL: SELECT * FROM `pan_goods` WHERE `is_on_sale` = '是' AND `is_best` = '是' ORDER BY sort_num asc LIMIT 5   [ RunTime:0.0010s ]
INFO: [ view_parse ] --START--
NOTIC: [2] file_get_contents(Common/help.html): failed to open stream: No such file or directory C:\phpStudy\PHPTutorial\WWW\shop\ThinkPHP\Library\Think\Template.class.php 第 696 行.
INFO: [ template_filter ] --START--
INFO: Run Behavior\ContentReplaceBehavior [ RunTime:0.001000s ]
INFO: [ template_filter ] --END-- [ RunTime:0.001000s ]
NOTIC: [8] Undefined index: children C:\phpStudy\PHPTutorial\WWW\shop\Application\Runtime\Cache\Home\2a94b8bda04ff446dcedd42276fc99ee.php 第 158 行.
NOTIC: [2] Invalid argument supplied for foreach() C:\phpStudy\PHPTutorial\WWW\shop\Application\Runtime\Cache\Home\2a94b8bda04ff446dcedd42276fc99ee.php 第 158 行.
NOTIC: [8] Undefined index: children C:\phpStudy\PHPTutorial\WWW\shop\Application\Runtime\Cache\Home\2a94b8bda04ff446dcedd42276fc99ee.php 第 158 行.
NOTIC: [2] Invalid argument supplied for foreach() C:\phpStudy\PHPTutorial\WWW\shop\Application\Runtime\Cache\Home\2a94b8bda04ff446dcedd42276fc99ee.php 第 158 行.
NOTIC: [8] Undefined index: children C:\phpStudy\PHPTutorial\WWW\shop\Application\Runtime\Cache\Home\2a94b8bda04ff446dcedd42276fc99ee.php 第 158 行.
NOTIC: [2] Invalid argument supplied for foreach() C:\phpStudy\PHPTutorial\WWW\shop\Application\Runtime\Cache\Home\2a94b8bda04ff446dcedd42276fc99ee.php 第 158 行.
NOTIC: [8] Undefined index: children C:\phpStudy\PHPTutorial\WWW\shop\Application\Runtime\Cache\Home\2a94b8bda04ff446dcedd42276fc99ee.php 第 158 行.
NOTIC: [2] Invalid argument supplied for foreach() C:\phpStudy\PHPTutorial\WWW\shop\Application\Runtime\Cache\Home\2a94b8bda04ff446dcedd42276fc99ee.php 第 158 行.
NOTIC: [8] Undefined index: children C:\phpStudy\PHPTutorial\WWW\shop\Application\Runtime\Cache\Home\2a94b8bda04ff446dcedd42276fc99ee.php 第 158 行.
NOTIC: [2] Invalid argument supplied for foreach() C:\phpStudy\PHPTutorial\WWW\shop\Application\Runtime\Cache\Home\2a94b8bda04ff446dcedd42276fc99ee.php 第 158 行.
NOTIC: [8] Undefined index: children C:\phpStudy\PHPTutorial\WWW\shop\Application\Runtime\Cache\Home\2a94b8bda04ff446dcedd42276fc99ee.php 第 158 行.
NOTIC: [2] Invalid argument supplied for foreach() C:\phpStudy\PHPTutorial\WWW\shop\Application\Runtime\Cache\Home\2a94b8bda04ff446dcedd42276fc99ee.php 第 158 行.
NOTIC: [8] Undefined index: children C:\phpStudy\PHPTutorial\WWW\shop\Application\Runtime\Cache\Home\2a94b8bda04ff446dcedd42276fc99ee.php 第 154 行.
NOTIC: [2] Invalid argument supplied for foreach() C:\phpStudy\PHPTutorial\WWW\shop\Application\Runtime\Cache\Home\2a94b8bda04ff446dcedd42276fc99ee.php 第 154 行.
NOTIC: [8] Undefined index: children C:\phpStudy\PHPTutorial\WWW\shop\Application\Runtime\Cache\Home\2a94b8bda04ff446dcedd42276fc99ee.php 第 154 行.
NOTIC: [2] Invalid argument supplied for foreach() C:\phpStudy\PHPTutorial\WWW\shop\Application\Runtime\Cache\Home\2a94b8bda04ff446dcedd42276fc99ee.php 第 154 行.
NOTIC: [8] Undefined index: children C:\phpStudy\PHPTutorial\WWW\shop\Application\Runtime\Cache\Home\2a94b8bda04ff446dcedd42276fc99ee.php 第 154 行.
NOTIC: [2] Invalid argument supplied for foreach() C:\phpStudy\PHPTutorial\WWW\shop\Application\Runtime\Cache\Home\2a94b8bda04ff446dcedd42276fc99ee.php 第 154 行.
NOTIC: [8] Undefined index: children C:\phpStudy\PHPTutorial\WWW\shop\Application\Runtime\Cache\Home\2a94b8bda04ff446dcedd42276fc99ee.php 第 154 行.
NOTIC: [2] Invalid argument supplied for foreach() C:\phpStudy\PHPTutorial\WWW\shop\Application\Runtime\Cache\Home\2a94b8bda04ff446dcedd42276fc99ee.php 第 154 行.
NOTIC: [8] Undefined index: children C:\phpStudy\PHPTutorial\WWW\shop\Application\Runtime\Cache\Home\2a94b8bda04ff446dcedd42276fc99ee.php 第 154 行.
NOTIC: [2] Invalid argument supplied for foreach() C:\phpStudy\PHPTutorial\WWW\shop\Application\Runtime\Cache\Home\2a94b8bda04ff446dcedd42276fc99ee.php 第 154 行.
NOTIC: [8] Undefined index: children C:\phpStudy\PHPTutorial\WWW\shop\Application\Runtime\Cache\Home\2a94b8bda04ff446dcedd42276fc99ee.php 第 154 行.
NOTIC: [2] Invalid argument supplied for foreach() C:\phpStudy\PHPTutorial\WWW\shop\Application\Runtime\Cache\Home\2a94b8bda04ff446dcedd42276fc99ee.php 第 154 行.
NOTIC: [8] Undefined index: children C:\phpStudy\PHPTutorial\WWW\shop\Application\Runtime\Cache\Home\2a94b8bda04ff446dcedd42276fc99ee.php 第 154 行.
NOTIC: [2] Invalid argument supplied for foreach() C:\phpStudy\PHPTutorial\WWW\shop\Application\Runtime\Cache\Home\2a94b8bda04ff446dcedd42276fc99ee.php 第 154 行.
NOTIC: [8] Undefined index: children C:\phpStudy\PHPTutorial\WWW\shop\Application\Runtime\Cache\Home\2a94b8bda04ff446dcedd42276fc99ee.php 第 154 行.
NOTIC: [2] Invalid argument supplied for foreach() C:\phpStudy\PHPTutorial\WWW\shop\Application\Runtime\Cache\Home\2a94b8bda04ff446dcedd42276fc99ee.php 第 154 行.
NOTIC: [8] Undefined index: children C:\phpStudy\PHPTutorial\WWW\shop\Application\Runtime\Cache\Home\2a94b8bda04ff446dcedd42276fc99ee.php 第 154 行.
NOTIC: [2] Invalid argument supplied for foreach() C:\phpStudy\PHPTutorial\WWW\shop\Application\Runtime\Cache\Home\2a94b8bda04ff446dcedd42276fc99ee.php 第 154 行.
NOTIC: [8] Undefined index: children C:\phpStudy\PHPTutorial\WWW\shop\Application\Runtime\Cache\Home\2a94b8bda04ff446dcedd42276fc99ee.php 第 154 行.
NOTIC: [2] Invalid argument supplied for foreach() C:\phpStudy\PHPTutorial\WWW\shop\Application\Runtime\Cache\Home\2a94b8bda04ff446dcedd42276fc99ee.php 第 154 行.
NOTIC: [8] Undefined index: children C:\phpStudy\PHPTutorial\WWW\shop\Application\Runtime\Cache\Home\2a94b8bda04ff446dcedd42276fc99ee.php 第 154 行.
NOTIC: [2] Invalid argument supplied for foreach() C:\phpStudy\PHPTutorial\WWW\shop\Application\Runtime\Cache\Home\2a94b8bda04ff446dcedd42276fc99ee.php 第 154 行.
INFO: Run Behavior\ParseTemplateBehavior [ RunTime:0.016001s ]
INFO: [ view_parse ] --END-- [ RunTime:0.016001s ]
INFO: [ view_filter ] --START--
INFO: Run Behavior\WriteHtmlCacheBehavior [ RunTime:0.000000s ]
INFO: [ view_filter ] --END-- [ RunTime:0.000000s ]
INFO: [ app_end ] --START--
INFO: Run Behavior\ShowPageTraceBehavior [ RunTime:0.000000s ]
INFO: [ app_end ] --END-- [ RunTime:0.000000s ]

[ 2018-09-29T17:52:10+08:00 ] 127.0.0.1 /index.php/Home/Member/ajaxChkLogin
INFO: [ app_init ] --START--
INFO: Run Behavior\BuildLiteBehavior [ RunTime:0.000000s ]
INFO: [ app_init ] --END-- [ RunTime:0.000000s ]
INFO: [ app_begin ] --START--
INFO: Run Behavior\ReadHtmlCacheBehavior [ RunTime:0.000000s ]
INFO: [ app_begin ] --END-- [ RunTime:0.000000s ]
INFO: [ app_end ] --START--
INFO: Run Behavior\ShowPageTraceBehavior [ RunTime:0.001000s ]
INFO: [ app_end ] --END-- [ RunTime:0.001000s ]

[ 2018-09-29T17:52:15+08:00 ] 127.0.0.1 /index.php/Home/Goods/detail/id/38.html
INFO: [ app_init ] --START--
INFO: Run Behavior\BuildLiteBehavior [ RunTime:0.000000s ]
INFO: [ app_init ] --END-- [ RunTime:0.001000s ]
INFO: [ app_begin ] --START--
INFO: Run Behavior\ReadHtmlCacheBehavior [ RunTime:0.001000s ]
INFO: [ app_begin ] --END-- [ RunTime:0.001000s ]
SQL: SHOW COLUMNS FROM `pan_good_category` [ RunTime:0.0050s ]
SQL: SHOW COLUMNS FROM `pan_goods` [ RunTime:0.0060s ]
SQL: SELECT * FROM `pan_goods` WHERE `id` = 38 LIMIT 1   [ RunTime:0.0010s ]
SQL: SELECT `id`,`catename`,`parent_id` FROM `pan_good_category` WHERE `id` = 22 LIMIT 1   [ RunTime:0.0000s ]
SQL: SELECT `id`,`catename`,`parent_id` FROM `pan_good_category` WHERE `id` = 17 LIMIT 1   [ RunTime:0.0010s ]
SQL: SELECT `id`,`catename`,`parent_id` FROM `pan_good_category` WHERE `id` = 1 LIMIT 1   [ RunTime:0.0000s ]
SQL: SHOW COLUMNS FROM `pan_good_phone` [ RunTime:0.0060s ]
SQL: SELECT * FROM `pan_good_phone` WHERE `good_id` = '38'  [ RunTime:0.0000s ]
SQL: SHOW COLUMNS FROM `pan_shangpin_attr` [ RunTime:0.0060s ]
SQL: SELECT a.*,b.attr_name,b.atrr_type FROM pan_shangpin_attr a left join pan_good_attr b on b.id = a.attr_id  WHERE a.good_id = '38'  [ RunTime:0.0010s ]
SQL: SHOW COLUMNS FROM `pan_member_price` [ RunTime:0.0060s ]
SQL: SELECT a.*,b.level_name FROM pan_member_price a left join pan_member_level b on b.id = a.level_id  WHERE `good_id` = '38'  [ RunTime:0.0010s ]
INFO: [ view_parse ] --START--
INFO: [ template_filter ] --START--
INFO: Run Behavior\ContentReplaceBehavior [ RunTime:0.000000s ]
INFO: [ template_filter ] --END-- [ RunTime:0.000000s ]
NOTIC: [8] Undefined index: children C:\phpStudy\PHPTutorial\WWW\shop\Application\Runtime\Cache\Home\795e274f7e0defaaba4ae5ed57f62a8c.php 第 172 行.
NOTIC: [2] Invalid argument supplied for foreach() C:\phpStudy\PHPTutorial\WWW\shop\Application\Runtime\Cache\Home\795e274f7e0defaaba4ae5ed57f62a8c.php 第 172 行.
NOTIC: [8] Undefined index: children C:\phpStudy\PHPTutorial\WWW\shop\Application\Runtime\Cache\Home\795e274f7e0defaaba4ae5ed57f62a8c.php 第 172 行.
NOTIC: [2] Invalid argument supplied for foreach() C:\phpStudy\PHPTutorial\WWW\shop\Application\Runtime\Cache\Home\795e274f7e0defaaba4ae5ed57f62a8c.php 第 172 行.
NOTIC: [8] Undefined index: children C:\phpStudy\PHPTutorial\WWW\shop\Application\Runtime\Cache\Home\795e274f7e0defaaba4ae5ed57f62a8c.php 第 172 行.
NOTIC: [2] Invalid argument supplied for foreach() C:\phpStudy\PHPTutorial\WWW\shop\Application\Runtime\Cache\Home\795e274f7e0defaaba4ae5ed57f62a8c.php 第 172 行.
INFO: Run Behavior\ParseTemplateBehavior [ RunTime:0.022002s ]
INFO: [ view_parse ] --END-- [ RunTime:0.022002s ]
INFO: [ view_filter ] --START--
INFO: Run Behavior\WriteHtmlCacheBehavior [ RunTime:0.000000s ]
INFO: [ view_filter ] --END-- [ RunTime:0.000000s ]
INFO: [ app_end ] --START--
INFO: Run Behavior\ShowPageTraceBehavior [ RunTime:0.000000s ]
INFO: [ app_end ] --END-- [ RunTime:0.000000s ]

[ 2018-09-29T17:52:16+08:00 ] 127.0.0.1 /index.php/Home/Goods/ajaxGetPrice/id/38
INFO: [ app_init ] --START--
INFO: Run Behavior\BuildLiteBehavior [ RunTime:0.000000s ]
INFO: [ app_init ] --END-- [ RunTime:0.001000s ]
INFO: [ app_begin ] --START--
INFO: Run Behavior\ReadHtmlCacheBehavior [ RunTime:0.000000s ]
INFO: [ app_begin ] --END-- [ RunTime:0.000000s ]
SQL: SHOW COLUMNS FROM `pan_good_category` [ RunTime:0.0120s ]
SQL: SHOW COLUMNS FROM `pan_goods` [ RunTime:0.0080s ]
SQL: SELECT `promote_price` FROM `pan_goods` WHERE `id` = '38' AND `promote_price` > 0 AND `promote_start_date` <= '2018-09-29 17:52' AND `promote_end_date` >= '2018-09-29 17:52' LIMIT 1   [ RunTime:0.0000s ]
SQL: SELECT `shop_price` FROM `pan_goods` WHERE `id` = 38 LIMIT 1   [ RunTime:0.0010s ]
SQL: SHOW COLUMNS FROM `pan_member_price` [ RunTime:0.0070s ]
SQL: SELECT `price` FROM `pan_member_price` WHERE `good_id` = '38' AND `level_id` = '2' LIMIT 1   [ RunTime:0.0010s ]
INFO: [ app_end ] --START--
INFO: Run Behavior\ShowPageTraceBehavior [ RunTime:0.001000s ]
INFO: [ app_end ] --END-- [ RunTime:0.001000s ]

[ 2018-09-29T17:52:16+08:00 ] 127.0.0.1 /index.php/Home/Member/ajaxChkLogin
INFO: [ app_init ] --START--
INFO: Run Behavior\BuildLiteBehavior [ RunTime:0.000000s ]
INFO: [ app_init ] --END-- [ RunTime:0.009001s ]
INFO: [ app_begin ] --START--
INFO: Run Behavior\ReadHtmlCacheBehavior [ RunTime:0.001000s ]
INFO: [ app_begin ] --END-- [ RunTime:0.001000s ]
INFO: [ app_end ] --START--
INFO: Run Behavior\ShowPageTraceBehavior [ RunTime:0.001000s ]
INFO: [ app_end ] --END-- [ RunTime:0.001000s ]

[ 2018-09-29T17:52:17+08:00 ] 127.0.0.1 /index.php/Home/Goods/displayHistory/id/38
INFO: [ app_init ] --START--
INFO: Run Behavior\BuildLiteBehavior [ RunTime:0.000000s ]
INFO: [ app_init ] --END-- [ RunTime:0.000000s ]
INFO: [ app_begin ] --START--
INFO: Run Behavior\ReadHtmlCacheBehavior [ RunTime:0.000000s ]
INFO: [ app_begin ] --END-- [ RunTime:0.001000s ]
SQL: SHOW COLUMNS FROM `pan_good_category` [ RunTime:0.0080s ]
SQL: SHOW COLUMNS FROM `pan_goods` [ RunTime:0.0050s ]
ERR: SQLSTATE[42000]: Syntax error or access violation: 1064 You have an error in your SQL syntax; check the manual that corresponds to your MySQL server version for the right syntax to use near '23)' at line 1

[ 2018-09-29T17:58:13+08:00 ] 127.0.0.1 /index.php/Home/Cart/ajaxCarList
INFO: [ app_init ] --START--
INFO: Run Behavior\BuildLiteBehavior [ RunTime:0.000000s ]
INFO: [ app_init ] --END-- [ RunTime:0.000000s ]
INFO: [ app_begin ] --START--
INFO: Run Behavior\ReadHtmlCacheBehavior [ RunTime:0.001000s ]
INFO: [ app_begin ] --END-- [ RunTime:0.001000s ]
NOTIC: [2048] Declaration of Home\Model\CartModel::add() should be compatible with Think\Model::add($data = '', $options = Array, $replace = false) C:\phpStudy\PHPTutorial\WWW\shop\Application\Home\Model\CartModel.class.php 第 5 行.
SQL: SHOW COLUMNS FROM `pan_cart` [ RunTime:0.0070s ]
SQL: SELECT * FROM `pan_cart` WHERE `member_id` = '10'  [ RunTime:0.0000s ]
SQL: SHOW COLUMNS FROM `pan_goods` [ RunTime:0.0070s ]
SQL: SHOW COLUMNS FROM `pan_shangpin_attr` [ RunTime:0.0060s ]
SQL: SELECT * FROM `pan_goods` WHERE `id` = '40' LIMIT 1   [ RunTime:0.0010s ]
SQL: SELECT `promote_price` FROM `pan_goods` WHERE `id` = '40' AND `promote_price` > 0 AND `promote_start_date` <= '2018-09-29 17:58' AND `promote_end_date` >= '2018-09-29 17:58' LIMIT 1   [ RunTime:0.0000s ]
SQL: SELECT `shop_price` FROM `pan_goods` WHERE `id` = 40 LIMIT 1   [ RunTime:0.0000s ]
SQL: SHOW COLUMNS FROM `pan_member_price` [ RunTime:0.0070s ]
SQL: SELECT `price` FROM `pan_member_price` WHERE `good_id` = '40' AND `level_id` = '2' LIMIT 1   [ RunTime:0.0000s ]
SQL: SELECT a.*,b.attr_name FROM pan_shangpin_attr a left join pan_good_attr b on b.id =a.attr_id  WHERE a.id IN ('95','99')  [ RunTime:0.0010s ]
INFO: [ app_end ] --START--
INFO: Run Behavior\ShowPageTraceBehavior [ RunTime:0.002001s ]
INFO: [ app_end ] --END-- [ RunTime:0.002001s ]

[ 2018-09-29T17:58:14+08:00 ] 127.0.0.1 /index.php/Home/Cart/lst
INFO: [ app_init ] --START--
INFO: Run Behavior\BuildLiteBehavior [ RunTime:0.000000s ]
INFO: [ app_init ] --END-- [ RunTime:0.000000s ]
INFO: [ app_begin ] --START--
INFO: Run Behavior\ReadHtmlCacheBehavior [ RunTime:0.001000s ]
INFO: [ app_begin ] --END-- [ RunTime:0.001000s ]
NOTIC: [2048] Declaration of Home\Model\CartModel::add() should be compatible with Think\Model::add($data = '', $options = Array, $replace = false) C:\phpStudy\PHPTutorial\WWW\shop\Application\Home\Model\CartModel.class.php 第 5 行.
SQL: SHOW COLUMNS FROM `pan_cart` [ RunTime:0.0070s ]
SQL: SELECT * FROM `pan_cart` WHERE `member_id` = '10'  [ RunTime:0.0010s ]
SQL: SHOW COLUMNS FROM `pan_goods` [ RunTime:0.0080s ]
SQL: SHOW COLUMNS FROM `pan_shangpin_attr` [ RunTime:0.0070s ]
SQL: SELECT * FROM `pan_goods` WHERE `id` = '40' LIMIT 1   [ RunTime:0.0010s ]
SQL: SELECT `promote_price` FROM `pan_goods` WHERE `id` = '40' AND `promote_price` > 0 AND `promote_start_date` <= '2018-09-29 17:58' AND `promote_end_date` >= '2018-09-29 17:58' LIMIT 1   [ RunTime:0.0010s ]
SQL: SELECT `shop_price` FROM `pan_goods` WHERE `id` = 40 LIMIT 1   [ RunTime:0.0000s ]
SQL: SHOW COLUMNS FROM `pan_member_price` [ RunTime:0.0070s ]
SQL: SELECT `price` FROM `pan_member_price` WHERE `good_id` = '40' AND `level_id` = '2' LIMIT 1   [ RunTime:0.0000s ]
SQL: SELECT a.*,b.attr_name FROM pan_shangpin_attr a left join pan_good_attr b on b.id =a.attr_id  WHERE a.id IN ('95','99')  [ RunTime:0.0010s ]
INFO: [ view_parse ] --START--
INFO: [ template_filter ] --START--
INFO: Run Behavior\ContentReplaceBehavior [ RunTime:0.000000s ]
INFO: [ template_filter ] --END-- [ RunTime:0.000000s ]
INFO: Run Behavior\ParseTemplateBehavior [ RunTime:0.013001s ]
INFO: [ view_parse ] --END-- [ RunTime:0.013001s ]
INFO: [ view_filter ] --START--
INFO: Run Behavior\WriteHtmlCacheBehavior [ RunTime:0.000000s ]
INFO: [ view_filter ] --END-- [ RunTime:0.000000s ]
INFO: [ app_end ] --START--
INFO: Run Behavior\ShowPageTraceBehavior [ RunTime:0.000000s ]
INFO: [ app_end ] --END-- [ RunTime:0.000000s ]

[ 2018-09-29T17:58:14+08:00 ] 127.0.0.1 /index.php/Home/Member/ajaxChkLogin
INFO: [ app_init ] --START--
INFO: Run Behavior\BuildLiteBehavior [ RunTime:0.000000s ]
INFO: [ app_init ] --END-- [ RunTime:0.001000s ]
INFO: [ app_begin ] --START--
INFO: Run Behavior\ReadHtmlCacheBehavior [ RunTime:0.000000s ]
INFO: [ app_begin ] --END-- [ RunTime:0.000000s ]
INFO: [ app_end ] --START--
INFO: Run Behavior\ShowPageTraceBehavior [ RunTime:0.001000s ]
INFO: [ app_end ] --END-- [ RunTime:0.001000s ]

[ 2018-09-29T17:59:33+08:00 ] 127.0.0.1 /index.php/home/Order/add/ids/
INFO: [ app_init ] --START--
INFO: Run Behavior\BuildLiteBehavior [ RunTime:0.000000s ]
INFO: [ app_init ] --END-- [ RunTime:0.000000s ]
INFO: [ app_begin ] --START--
INFO: Run Behavior\ReadHtmlCacheBehavior [ RunTime:0.001000s ]
INFO: [ app_begin ] --END-- [ RunTime:0.001000s ]

[ 2018-09-29T17:59:36+08:00 ] 127.0.0.1 /index.php/Home/Member/ajaxChkLogin
INFO: [ app_init ] --START--
INFO: Run Behavior\BuildLiteBehavior [ RunTime:0.000000s ]
INFO: [ app_init ] --END-- [ RunTime:0.000000s ]
INFO: [ app_begin ] --START--
INFO: Run Behavior\ReadHtmlCacheBehavior [ RunTime:0.000000s ]
INFO: [ app_begin ] --END-- [ RunTime:0.000000s ]
INFO: [ app_end ] --START--
INFO: Run Behavior\ShowPageTraceBehavior [ RunTime:0.001000s ]
INFO: [ app_end ] --END-- [ RunTime:0.001000s ]

[ 2018-09-29T17:59:39+08:00 ] 127.0.0.1 /index.php/home/Order/add/ids/3
INFO: [ app_init ] --START--
INFO: Run Behavior\BuildLiteBehavior [ RunTime:0.000000s ]
INFO: [ app_init ] --END-- [ RunTime:0.001000s ]
INFO: [ app_begin ] --START--
INFO: Run Behavior\ReadHtmlCacheBehavior [ RunTime:0.000000s ]
INFO: [ app_begin ] --END-- [ RunTime:0.000000s ]
NOTIC: [2048] Declaration of Home\Model\CartModel::add() should be compatible with Think\Model::add($data = '', $options = Array, $replace = false) C:\phpStudy\PHPTutorial\WWW\shop\Application\Home\Model\CartModel.class.php 第 5 行.
SQL: SHOW COLUMNS FROM `pan_cart` [ RunTime:0.0070s ]
SQL: SELECT * FROM `pan_cart` WHERE `member_id` = '10' AND `id` IN ('3')  [ RunTime:0.0000s ]
SQL: SHOW COLUMNS FROM `pan_goods` [ RunTime:0.0070s ]
SQL: SHOW COLUMNS FROM `pan_shangpin_attr` [ RunTime:0.0070s ]
SQL: SELECT * FROM `pan_goods` WHERE `id` = '40' LIMIT 1   [ RunTime:0.0000s ]
SQL: SELECT `promote_price` FROM `pan_goods` WHERE `id` = '40' AND `promote_price` > 0 AND `promote_start_date` <= '2018-09-29 17:59' AND `promote_end_date` >= '2018-09-29 17:59' LIMIT 1   [ RunTime:0.0000s ]
SQL: SELECT `shop_price` FROM `pan_goods` WHERE `id` = 40 LIMIT 1   [ RunTime:0.0010s ]
SQL: SHOW COLUMNS FROM `pan_member_price` [ RunTime:0.0030s ]
SQL: SELECT `price` FROM `pan_member_price` WHERE `good_id` = '40' AND `level_id` = '2' LIMIT 1   [ RunTime:0.0000s ]
SQL: SELECT a.*,b.attr_name FROM pan_shangpin_attr a left join pan_good_attr b on b.id =a.attr_id  WHERE a.id IN ('95','99')  [ RunTime:0.0000s ]
INFO: [ view_parse ] --START--
INFO: [ template_filter ] --START--
INFO: Run Behavior\ContentReplaceBehavior [ RunTime:0.000000s ]
INFO: [ template_filter ] --END-- [ RunTime:0.000000s ]
INFO: Run Behavior\ParseTemplateBehavior [ RunTime:0.009000s ]
INFO: [ view_parse ] --END-- [ RunTime:0.009000s ]
INFO: [ view_filter ] --START--
INFO: Run Behavior\WriteHtmlCacheBehavior [ RunTime:0.000000s ]
INFO: [ view_filter ] --END-- [ RunTime:0.000000s ]
INFO: [ app_end ] --START--
INFO: Run Behavior\ShowPageTraceBehavior [ RunTime:0.000000s ]
INFO: [ app_end ] --END-- [ RunTime:0.000000s ]

[ 2018-09-29T17:59:39+08:00 ] 127.0.0.1 /index.php/Home/Member/ajaxChkLogin
INFO: [ app_init ] --START--
INFO: Run Behavior\BuildLiteBehavior [ RunTime:0.000000s ]
INFO: [ app_init ] --END-- [ RunTime:0.000000s ]
INFO: [ app_begin ] --START--
INFO: Run Behavior\ReadHtmlCacheBehavior [ RunTime:0.001000s ]
INFO: [ app_begin ] --END-- [ RunTime:0.001000s ]
INFO: [ app_end ] --START--
INFO: Run Behavior\ShowPageTraceBehavior [ RunTime:0.000000s ]
INFO: [ app_end ] --END-- [ RunTime:0.000000s ]

