[ 2018-09-17T16:49:04+08:00 ] 127.0.0.1 /index.php/home
INFO: [ app_init ] --START--
INFO: Run Behavior\BuildLiteBehavior [ RunTime:0.000000s ]
INFO: [ app_init ] --END-- [ RunTime:0.000000s ]
INFO: [ app_begin ] --START--

[ 2018-09-17T16:49:09+08:00 ] 127.0.0.1 /index.php/Home/Goods/detail/id/23.html
INFO: [ app_init ] --START--
INFO: Run Behavior\BuildLiteBehavior [ RunTime:0.000000s ]
INFO: [ app_init ] --END-- [ RunTime:0.001000s ]
INFO: [ app_begin ] --START--
INFO: Run Behavior\ReadHtmlCacheBehavior [ RunTime:0.002000s ]
INFO: [ app_begin ] --END-- [ RunTime:0.002000s ]
SQL: SHOW COLUMNS FROM `pan_good_category` [ RunTime:0.0100s ]
SQL: SHOW COLUMNS FROM `pan_goods` [ RunTime:0.0080s ]
SQL: SELECT * FROM `pan_goods` WHERE `id` = 23 LIMIT 1   [ RunTime:0.0010s ]
SQL: SELECT `id`,`catename`,`parent_id` FROM `pan_good_category` WHERE `id` = 22 LIMIT 1   [ RunTime:0.0000s ]
SQL: SELECT `id`,`catename`,`parent_id` FROM `pan_good_category` WHERE `id` = 17 LIMIT 1   [ RunTime:0.0010s ]
SQL: SELECT `id`,`catename`,`parent_id` FROM `pan_good_category` WHERE `id` = 1 LIMIT 1   [ RunTime:0.0000s ]
INFO: [ view_parse ] --START--
INFO: [ template_filter ] --START--
INFO: Run Behavior\ContentReplaceBehavior [ RunTime:0.000000s ]
INFO: [ template_filter ] --END-- [ RunTime:0.000000s ]
NOTIC: [8] Undefined index: children C:\phpStudy\PHPTutorial\WWW\shop\Application\Runtime\Cache\Home\795e274f7e0defaaba4ae5ed57f62a8c.php 第 167 行.
NOTIC: [2] Invalid argument supplied for foreach() C:\phpStudy\PHPTutorial\WWW\shop\Application\Runtime\Cache\Home\795e274f7e0defaaba4ae5ed57f62a8c.php 第 167 行.
NOTIC: [8] Undefined index: children C:\phpStudy\PHPTutorial\WWW\shop\Application\Runtime\Cache\Home\795e274f7e0defaaba4ae5ed57f62a8c.php 第 167 行.
NOTIC: [2] Invalid argument supplied for foreach() C:\phpStudy\PHPTutorial\WWW\shop\Application\Runtime\Cache\Home\795e274f7e0defaaba4ae5ed57f62a8c.php 第 167 行.
NOTIC: [8] Undefined index: children C:\phpStudy\PHPTutorial\WWW\shop\Application\Runtime\Cache\Home\795e274f7e0defaaba4ae5ed57f62a8c.php 第 167 行.
NOTIC: [2] Invalid argument supplied for foreach() C:\phpStudy\PHPTutorial\WWW\shop\Application\Runtime\Cache\Home\795e274f7e0defaaba4ae5ed57f62a8c.php 第 167 行.
INFO: Run Behavior\ParseTemplateBehavior [ RunTime:0.016001s ]
INFO: [ view_parse ] --END-- [ RunTime:0.016001s ]
INFO: [ view_filter ] --START--
INFO: Run Behavior\WriteHtmlCacheBehavior [ RunTime:0.003000s ]
INFO: [ view_filter ] --END-- [ RunTime:0.004000s ]
INFO: [ app_end ] --START--
INFO: Run Behavior\ShowPageTraceBehavior [ RunTime:0.002000s ]
INFO: [ app_end ] --END-- [ RunTime:0.002000s ]

[ 2018-09-17T16:49:10+08:00 ] 127.0.0.1 /index.php/Home/Goods/displayHistory/id/23.html
INFO: [ app_init ] --START--
INFO: Run Behavior\BuildLiteBehavior [ RunTime:0.000000s ]
INFO: [ app_init ] --END-- [ RunTime:0.000000s ]
INFO: [ app_begin ] --START--
INFO: Run Behavior\ReadHtmlCacheBehavior [ RunTime:0.001000s ]
INFO: [ app_begin ] --END-- [ RunTime:0.001000s ]
SQL: SHOW COLUMNS FROM `pan_good_category` [ RunTime:0.0140s ]
SQL: SHOW COLUMNS FROM `pan_goods` [ RunTime:0.0060s ]
SQL: SELECT * FROM `pan_goods` WHERE `id` IN ('23') AND `is_on_sale` = '是' ORDER BY field(id,23)  [ RunTime:0.0010s ]
INFO: [ app_end ] --START--
INFO: Run Behavior\ShowPageTraceBehavior [ RunTime:0.001000s ]
INFO: [ app_end ] --END-- [ RunTime:0.001000s ]

[ 2018-09-17T16:49:18+08:00 ] 127.0.0.1 /index.php/Home/Goods/detail/id/29.html
INFO: [ app_init ] --START--
INFO: Run Behavior\BuildLiteBehavior [ RunTime:0.000000s ]
INFO: [ app_init ] --END-- [ RunTime:0.001000s ]
INFO: [ app_begin ] --START--
INFO: Run Behavior\ReadHtmlCacheBehavior [ RunTime:0.002000s ]
INFO: [ app_begin ] --END-- [ RunTime:0.002000s ]
SQL: SHOW COLUMNS FROM `pan_good_category` [ RunTime:0.0130s ]
SQL: SHOW COLUMNS FROM `pan_goods` [ RunTime:0.0150s ]
SQL: SELECT * FROM `pan_goods` WHERE `id` = 29 LIMIT 1   [ RunTime:0.0010s ]
SQL: SELECT `id`,`catename`,`parent_id` FROM `pan_good_category` WHERE `id` = 17 LIMIT 1   [ RunTime:0.0000s ]
SQL: SELECT `id`,`catename`,`parent_id` FROM `pan_good_category` WHERE `id` = 1 LIMIT 1   [ RunTime:0.0010s ]
INFO: [ view_parse ] --START--
INFO: [ template_filter ] --START--
INFO: Run Behavior\ContentReplaceBehavior [ RunTime:0.000000s ]
INFO: [ template_filter ] --END-- [ RunTime:0.000000s ]
NOTIC: [8] Undefined index: children C:\phpStudy\PHPTutorial\WWW\shop\Application\Runtime\Cache\Home\795e274f7e0defaaba4ae5ed57f62a8c.php 第 167 行.
NOTIC: [2] Invalid argument supplied for foreach() C:\phpStudy\PHPTutorial\WWW\shop\Application\Runtime\Cache\Home\795e274f7e0defaaba4ae5ed57f62a8c.php 第 167 行.
NOTIC: [8] Undefined index: children C:\phpStudy\PHPTutorial\WWW\shop\Application\Runtime\Cache\Home\795e274f7e0defaaba4ae5ed57f62a8c.php 第 167 行.
NOTIC: [2] Invalid argument supplied for foreach() C:\phpStudy\PHPTutorial\WWW\shop\Application\Runtime\Cache\Home\795e274f7e0defaaba4ae5ed57f62a8c.php 第 167 行.
INFO: Run Behavior\ParseTemplateBehavior [ RunTime:0.045003s ]
INFO: [ view_parse ] --END-- [ RunTime:0.045003s ]
INFO: [ view_filter ] --START--
INFO: Run Behavior\WriteHtmlCacheBehavior [ RunTime:0.004000s ]
INFO: [ view_filter ] --END-- [ RunTime:0.004000s ]
INFO: [ app_end ] --START--
INFO: Run Behavior\ShowPageTraceBehavior [ RunTime:0.003000s ]
INFO: [ app_end ] --END-- [ RunTime:0.003000s ]

[ 2018-09-17T16:49:19+08:00 ] 127.0.0.1 /index.php/Home/Goods/displayHistory/id/29.html
INFO: [ app_init ] --START--
INFO: Run Behavior\BuildLiteBehavior [ RunTime:0.000000s ]
INFO: [ app_init ] --END-- [ RunTime:0.001000s ]
INFO: [ app_begin ] --START--
INFO: Run Behavior\ReadHtmlCacheBehavior [ RunTime:0.001000s ]
INFO: [ app_begin ] --END-- [ RunTime:0.001000s ]
SQL: SHOW COLUMNS FROM `pan_good_category` [ RunTime:0.0140s ]
SQL: SHOW COLUMNS FROM `pan_goods` [ RunTime:0.0140s ]
SQL: SELECT * FROM `pan_goods` WHERE `id` IN ('29','23') AND `is_on_sale` = '是' ORDER BY field(id,29,23)  [ RunTime:0.0000s ]
INFO: [ app_end ] --START--
INFO: Run Behavior\ShowPageTraceBehavior [ RunTime:0.003000s ]
INFO: [ app_end ] --END-- [ RunTime:0.003000s ]

[ 2018-09-17T17:00:04+08:00 ] 127.0.0.1 /index.php/Home/Goods/detail/id/29.html
INFO: [ app_init ] --START--
INFO: Run Behavior\BuildLiteBehavior [ RunTime:0.000000s ]
INFO: [ app_init ] --END-- [ RunTime:0.001000s ]
INFO: [ app_begin ] --START--
INFO: Run Behavior\ReadHtmlCacheBehavior [ RunTime:0.001000s ]
INFO: [ app_begin ] --END-- [ RunTime:0.001000s ]
SQL: SHOW COLUMNS FROM `pan_good_category` [ RunTime:0.0130s ]
SQL: SHOW COLUMNS FROM `pan_goods` [ RunTime:0.0150s ]
SQL: SELECT * FROM `pan_goods` WHERE `id` = 29 LIMIT 1   [ RunTime:0.0010s ]
SQL: SELECT `id`,`catename`,`parent_id` FROM `pan_good_category` WHERE `id` = 17 LIMIT 1   [ RunTime:0.0010s ]
SQL: SELECT `id`,`catename`,`parent_id` FROM `pan_good_category` WHERE `id` = 1 LIMIT 1   [ RunTime:0.0000s ]
INFO: [ view_parse ] --START--
INFO: [ template_filter ] --START--
INFO: Run Behavior\ContentReplaceBehavior [ RunTime:0.000000s ]
INFO: [ template_filter ] --END-- [ RunTime:0.001000s ]
NOTIC: [8] Undefined index: children C:\phpStudy\PHPTutorial\WWW\shop\Application\Runtime\Cache\Home\795e274f7e0defaaba4ae5ed57f62a8c.php 第 167 行.
NOTIC: [2] Invalid argument supplied for foreach() C:\phpStudy\PHPTutorial\WWW\shop\Application\Runtime\Cache\Home\795e274f7e0defaaba4ae5ed57f62a8c.php 第 167 行.
NOTIC: [8] Undefined index: children C:\phpStudy\PHPTutorial\WWW\shop\Application\Runtime\Cache\Home\795e274f7e0defaaba4ae5ed57f62a8c.php 第 167 行.
NOTIC: [2] Invalid argument supplied for foreach() C:\phpStudy\PHPTutorial\WWW\shop\Application\Runtime\Cache\Home\795e274f7e0defaaba4ae5ed57f62a8c.php 第 167 行.
INFO: Run Behavior\ParseTemplateBehavior [ RunTime:0.023002s ]
INFO: [ view_parse ] --END-- [ RunTime:0.024002s ]
INFO: [ view_filter ] --START--
INFO: Run Behavior\WriteHtmlCacheBehavior [ RunTime:0.002000s ]
INFO: [ view_filter ] --END-- [ RunTime:0.002000s ]
INFO: [ app_end ] --START--
INFO: Run Behavior\ShowPageTraceBehavior [ RunTime:0.003000s ]
INFO: [ app_end ] --END-- [ RunTime:0.003000s ]

[ 2018-09-17T17:00:05+08:00 ] 127.0.0.1 /index.php/Home/Goods/displayHistory/id/29.html
INFO: [ app_init ] --START--
INFO: Run Behavior\BuildLiteBehavior [ RunTime:0.000000s ]
INFO: [ app_init ] --END-- [ RunTime:0.001000s ]
INFO: [ app_begin ] --START--
INFO: Run Behavior\ReadHtmlCacheBehavior [ RunTime:0.001000s ]
INFO: [ app_begin ] --END-- [ RunTime:0.001000s ]
SQL: SHOW COLUMNS FROM `pan_good_category` [ RunTime:0.0070s ]
SQL: SHOW COLUMNS FROM `pan_goods` [ RunTime:0.0070s ]
SQL: SELECT * FROM `pan_goods` WHERE `id` IN ('29','23') AND `is_on_sale` = '是' ORDER BY field(id,29,23)  [ RunTime:0.0010s ]
INFO: [ app_end ] --START--
INFO: Run Behavior\ShowPageTraceBehavior [ RunTime:0.002000s ]
INFO: [ app_end ] --END-- [ RunTime:0.002000s ]

[ 2018-09-17T17:09:48+08:00 ] 127.0.0.1 /index.php/Home/Goods/detail/id/29.html
INFO: [ app_init ] --START--
INFO: Run Behavior\BuildLiteBehavior [ RunTime:0.000000s ]
INFO: [ app_init ] --END-- [ RunTime:0.000000s ]
INFO: [ app_begin ] --START--
INFO: Run Behavior\ReadHtmlCacheBehavior [ RunTime:0.002001s ]
INFO: [ app_begin ] --END-- [ RunTime:0.002001s ]
SQL: SHOW COLUMNS FROM `pan_good_category` [ RunTime:0.0050s ]
SQL: SHOW COLUMNS FROM `pan_goods` [ RunTime:0.0050s ]
SQL: SELECT * FROM `pan_goods` WHERE `id` = 29 LIMIT 1   [ RunTime:0.0000s ]
SQL: SELECT `id`,`catename`,`parent_id` FROM `pan_good_category` WHERE `id` = 17 LIMIT 1   [ RunTime:0.0000s ]
SQL: SELECT `id`,`catename`,`parent_id` FROM `pan_good_category` WHERE `id` = 1 LIMIT 1   [ RunTime:0.0000s ]
ERR: SQLSTATE[42S02]: Base table or view not found: 1146 Table 'shopshop.pan_pan_good_phone' doesn't exist

[ 2018-09-17T17:10:38+08:00 ] 127.0.0.1 /index.php/Home/Goods/detail/id/29.html
INFO: [ app_init ] --START--
INFO: Run Behavior\BuildLiteBehavior [ RunTime:0.000000s ]
INFO: [ app_init ] --END-- [ RunTime:0.000000s ]
INFO: [ app_begin ] --START--
INFO: Run Behavior\ReadHtmlCacheBehavior [ RunTime:0.002000s ]
INFO: [ app_begin ] --END-- [ RunTime:0.002000s ]
SQL: SHOW COLUMNS FROM `pan_good_category` [ RunTime:0.0110s ]
SQL: SHOW COLUMNS FROM `pan_goods` [ RunTime:0.0080s ]
SQL: SELECT * FROM `pan_goods` WHERE `id` = 29 LIMIT 1   [ RunTime:0.0010s ]
SQL: SELECT `id`,`catename`,`parent_id` FROM `pan_good_category` WHERE `id` = 17 LIMIT 1   [ RunTime:0.0000s ]
SQL: SELECT `id`,`catename`,`parent_id` FROM `pan_good_category` WHERE `id` = 1 LIMIT 1   [ RunTime:0.0000s ]
SQL: SHOW COLUMNS FROM `pan_good_phone` [ RunTime:0.0070s ]
SQL: SELECT * FROM `pan_good_phone` WHERE `id` = '29'  [ RunTime:0.0010s ]

[ 2018-09-17T17:10:49+08:00 ] 127.0.0.1 /index.php/Home/Goods/detail/id/22.html
INFO: [ app_init ] --START--
INFO: Run Behavior\BuildLiteBehavior [ RunTime:0.000000s ]
INFO: [ app_init ] --END-- [ RunTime:0.000000s ]
INFO: [ app_begin ] --START--
INFO: Run Behavior\ReadHtmlCacheBehavior [ RunTime:0.002000s ]
INFO: [ app_begin ] --END-- [ RunTime:0.002000s ]
SQL: SHOW COLUMNS FROM `pan_good_category` [ RunTime:0.0030s ]
SQL: SHOW COLUMNS FROM `pan_goods` [ RunTime:0.0030s ]
SQL: SELECT * FROM `pan_goods` WHERE `id` = 22 LIMIT 1   [ RunTime:0.0000s ]
SQL: SELECT `id`,`catename`,`parent_id` FROM `pan_good_category` WHERE `id` = 18 LIMIT 1   [ RunTime:0.0000s ]
SQL: SELECT `id`,`catename`,`parent_id` FROM `pan_good_category` WHERE `id` = 1 LIMIT 1   [ RunTime:0.0000s ]
SQL: SHOW COLUMNS FROM `pan_good_phone` [ RunTime:0.0020s ]
SQL: SELECT * FROM `pan_good_phone` WHERE `id` = '22'  [ RunTime:0.0000s ]

[ 2018-09-17T17:11:10+08:00 ] 127.0.0.1 /index.php/Home/Goods/detail/id/22.html
INFO: [ app_init ] --START--
INFO: Run Behavior\BuildLiteBehavior [ RunTime:0.000000s ]
INFO: [ app_init ] --END-- [ RunTime:0.000000s ]
INFO: [ app_begin ] --START--
INFO: Run Behavior\ReadHtmlCacheBehavior [ RunTime:0.001000s ]
INFO: [ app_begin ] --END-- [ RunTime:0.001000s ]
SQL: SHOW COLUMNS FROM `pan_good_category` [ RunTime:0.0120s ]
SQL: SHOW COLUMNS FROM `pan_goods` [ RunTime:0.0140s ]
SQL: SELECT * FROM `pan_goods` WHERE `id` = 22 LIMIT 1   [ RunTime:0.0010s ]
SQL: SELECT `id`,`catename`,`parent_id` FROM `pan_good_category` WHERE `id` = 18 LIMIT 1   [ RunTime:0.0010s ]
SQL: SELECT `id`,`catename`,`parent_id` FROM `pan_good_category` WHERE `id` = 1 LIMIT 1   [ RunTime:0.0000s ]
SQL: SHOW COLUMNS FROM `pan_good_phone` [ RunTime:0.0070s ]
SQL: SELECT * FROM `pan_good_phone` WHERE `good_id` = '22'  [ RunTime:0.0000s ]

[ 2018-09-17T17:17:00+08:00 ] 127.0.0.1 /index.php/Home/Goods/detail/id/38.html
INFO: [ app_init ] --START--
INFO: Run Behavior\BuildLiteBehavior [ RunTime:0.000000s ]
INFO: [ app_init ] --END-- [ RunTime:0.000000s ]
INFO: [ app_begin ] --START--
INFO: Run Behavior\ReadHtmlCacheBehavior [ RunTime:0.001000s ]
INFO: [ app_begin ] --END-- [ RunTime:0.001000s ]
SQL: SHOW COLUMNS FROM `pan_good_category` [ RunTime:0.0120s ]
SQL: SHOW COLUMNS FROM `pan_goods` [ RunTime:0.0120s ]
SQL: SELECT * FROM `pan_goods` WHERE `id` = 38 LIMIT 1   [ RunTime:0.0010s ]
SQL: SELECT `id`,`catename`,`parent_id` FROM `pan_good_category` WHERE `id` = 22 LIMIT 1   [ RunTime:0.0010s ]
SQL: SELECT `id`,`catename`,`parent_id` FROM `pan_good_category` WHERE `id` = 17 LIMIT 1   [ RunTime:0.0000s ]
SQL: SELECT `id`,`catename`,`parent_id` FROM `pan_good_category` WHERE `id` = 1 LIMIT 1   [ RunTime:0.0000s ]
SQL: SHOW COLUMNS FROM `pan_good_phone` [ RunTime:0.0060s ]
SQL: SELECT * FROM `pan_good_phone` WHERE `good_id` = '38'  [ RunTime:0.0000s ]
SQL: SHOW COLUMNS FROM `pan_shangpin_attr` [ RunTime:0.0060s ]
ERR: SQLSTATE[42S22]: Column not found: 1054 Unknown column 'eq' in 'where clause'

[ 2018-09-17T17:17:26+08:00 ] 127.0.0.1 /index.php/Home/Goods/detail/id/38.html
INFO: [ app_init ] --START--
INFO: Run Behavior\BuildLiteBehavior [ RunTime:0.000000s ]
INFO: [ app_init ] --END-- [ RunTime:0.001000s ]
INFO: [ app_begin ] --START--
INFO: Run Behavior\ReadHtmlCacheBehavior [ RunTime:0.002000s ]
INFO: [ app_begin ] --END-- [ RunTime:0.002000s ]
SQL: SHOW COLUMNS FROM `pan_good_category` [ RunTime:0.0100s ]
SQL: SHOW COLUMNS FROM `pan_goods` [ RunTime:0.0100s ]
SQL: SELECT * FROM `pan_goods` WHERE `id` = 38 LIMIT 1   [ RunTime:0.0000s ]
SQL: SELECT `id`,`catename`,`parent_id` FROM `pan_good_category` WHERE `id` = 22 LIMIT 1   [ RunTime:0.0000s ]
SQL: SELECT `id`,`catename`,`parent_id` FROM `pan_good_category` WHERE `id` = 17 LIMIT 1   [ RunTime:0.0000s ]
SQL: SELECT `id`,`catename`,`parent_id` FROM `pan_good_category` WHERE `id` = 1 LIMIT 1   [ RunTime:0.0010s ]
SQL: SHOW COLUMNS FROM `pan_good_phone` [ RunTime:0.0040s ]
SQL: SELECT * FROM `pan_good_phone` WHERE `good_id` = '38'  [ RunTime:0.0000s ]
SQL: SHOW COLUMNS FROM `pan_shangpin_attr` [ RunTime:0.0040s ]
SQL: SELECT a.* FROM pan_shangpin_attr a WHERE a.good_id = '38'  [ RunTime:0.0000s ]

[ 2018-09-17T17:26:50+08:00 ] 127.0.0.1 /index.php/Home/Goods/detail/id/38.html
INFO: [ app_init ] --START--
INFO: Run Behavior\BuildLiteBehavior [ RunTime:0.000000s ]
INFO: [ app_init ] --END-- [ RunTime:0.001000s ]
INFO: [ app_begin ] --START--
INFO: Run Behavior\ReadHtmlCacheBehavior [ RunTime:0.001000s ]
INFO: [ app_begin ] --END-- [ RunTime:0.001000s ]
SQL: SHOW COLUMNS FROM `pan_good_category` [ RunTime:0.0100s ]
SQL: SHOW COLUMNS FROM `pan_goods` [ RunTime:0.0110s ]
SQL: SELECT * FROM `pan_goods` WHERE `id` = 38 LIMIT 1   [ RunTime:0.0010s ]
SQL: SELECT `id`,`catename`,`parent_id` FROM `pan_good_category` WHERE `id` = 22 LIMIT 1   [ RunTime:0.0010s ]
SQL: SELECT `id`,`catename`,`parent_id` FROM `pan_good_category` WHERE `id` = 17 LIMIT 1   [ RunTime:0.0000s ]
SQL: SELECT `id`,`catename`,`parent_id` FROM `pan_good_category` WHERE `id` = 1 LIMIT 1   [ RunTime:0.0000s ]
SQL: SHOW COLUMNS FROM `pan_good_phone` [ RunTime:0.0080s ]
SQL: SELECT * FROM `pan_good_phone` WHERE `good_id` = '38'  [ RunTime:0.0000s ]
SQL: SHOW COLUMNS FROM `pan_shangpin_attr` [ RunTime:0.0080s ]
ERR: SQLSTATE[42000]: Syntax error or access violation: 1064 You have an error in your SQL syntax; check the manual that corresponds to your MySQL server version for the right syntax to use near '.b.attr_name,b.attr_type FROM pan_shangpin_attr a left join pan_good_attr b on b' at line 1

[ 2018-09-17T17:27:23+08:00 ] 127.0.0.1 /index.php/Home/Goods/detail/id/38.html
INFO: [ app_init ] --START--
INFO: Run Behavior\BuildLiteBehavior [ RunTime:0.000000s ]
INFO: [ app_init ] --END-- [ RunTime:0.001000s ]
INFO: [ app_begin ] --START--
INFO: Run Behavior\ReadHtmlCacheBehavior [ RunTime:0.001000s ]
INFO: [ app_begin ] --END-- [ RunTime:0.001000s ]
SQL: SHOW COLUMNS FROM `pan_good_category` [ RunTime:0.0070s ]
SQL: SHOW COLUMNS FROM `pan_goods` [ RunTime:0.0080s ]
SQL: SELECT * FROM `pan_goods` WHERE `id` = 38 LIMIT 1   [ RunTime:0.0010s ]
SQL: SELECT `id`,`catename`,`parent_id` FROM `pan_good_category` WHERE `id` = 22 LIMIT 1   [ RunTime:0.0010s ]
SQL: SELECT `id`,`catename`,`parent_id` FROM `pan_good_category` WHERE `id` = 17 LIMIT 1   [ RunTime:0.0010s ]
SQL: SELECT `id`,`catename`,`parent_id` FROM `pan_good_category` WHERE `id` = 1 LIMIT 1   [ RunTime:0.0000s ]
SQL: SHOW COLUMNS FROM `pan_good_phone` [ RunTime:0.0080s ]
SQL: SELECT * FROM `pan_good_phone` WHERE `good_id` = '38'  [ RunTime:0.0010s ]
SQL: SHOW COLUMNS FROM `pan_shangpin_attr` [ RunTime:0.0070s ]
ERR: SQLSTATE[42S22]: Column not found: 1054 Unknown column 'b.attr_type' in 'field list'

[ 2018-09-17T17:27:39+08:00 ] 127.0.0.1 /index.php/Home/Goods/detail/id/38.html
INFO: [ app_init ] --START--
INFO: Run Behavior\BuildLiteBehavior [ RunTime:0.000000s ]
INFO: [ app_init ] --END-- [ RunTime:0.000000s ]
INFO: [ app_begin ] --START--
INFO: Run Behavior\ReadHtmlCacheBehavior [ RunTime:0.001000s ]
INFO: [ app_begin ] --END-- [ RunTime:0.001000s ]
SQL: SHOW COLUMNS FROM `pan_good_category` [ RunTime:0.0120s ]
SQL: SHOW COLUMNS FROM `pan_goods` [ RunTime:0.0120s ]
SQL: SELECT * FROM `pan_goods` WHERE `id` = 38 LIMIT 1   [ RunTime:0.0000s ]
SQL: SELECT `id`,`catename`,`parent_id` FROM `pan_good_category` WHERE `id` = 22 LIMIT 1   [ RunTime:0.0000s ]
SQL: SELECT `id`,`catename`,`parent_id` FROM `pan_good_category` WHERE `id` = 17 LIMIT 1   [ RunTime:0.0000s ]
SQL: SELECT `id`,`catename`,`parent_id` FROM `pan_good_category` WHERE `id` = 1 LIMIT 1   [ RunTime:0.0000s ]
SQL: SHOW COLUMNS FROM `pan_good_phone` [ RunTime:0.0050s ]
SQL: SELECT * FROM `pan_good_phone` WHERE `good_id` = '38'  [ RunTime:0.0010s ]
SQL: SHOW COLUMNS FROM `pan_shangpin_attr` [ RunTime:0.0050s ]
SQL: SELECT a.*,b.attr_name,b.atrr_type FROM pan_shangpin_attr a left join pan_good_attr b on b.id = a.attr_id  WHERE a.good_id = '38'  [ RunTime:0.0000s ]

[ 2018-09-17T17:32:41+08:00 ] 127.0.0.1 /index.php/Home/Goods/detail/id/38.html
INFO: [ app_init ] --START--
INFO: Run Behavior\BuildLiteBehavior [ RunTime:0.000000s ]
INFO: [ app_init ] --END-- [ RunTime:0.000000s ]
INFO: [ app_begin ] --START--
INFO: Run Behavior\ReadHtmlCacheBehavior [ RunTime:0.001000s ]
INFO: [ app_begin ] --END-- [ RunTime:0.001000s ]
SQL: SHOW COLUMNS FROM `pan_good_category` [ RunTime:0.0110s ]
SQL: SHOW COLUMNS FROM `pan_goods` [ RunTime:0.0070s ]
SQL: SELECT * FROM `pan_goods` WHERE `id` = 38 LIMIT 1   [ RunTime:0.0010s ]
SQL: SELECT `id`,`catename`,`parent_id` FROM `pan_good_category` WHERE `id` = 22 LIMIT 1   [ RunTime:0.0010s ]
SQL: SELECT `id`,`catename`,`parent_id` FROM `pan_good_category` WHERE `id` = 17 LIMIT 1   [ RunTime:0.0000s ]
SQL: SELECT `id`,`catename`,`parent_id` FROM `pan_good_category` WHERE `id` = 1 LIMIT 1   [ RunTime:0.0010s ]
SQL: SHOW COLUMNS FROM `pan_good_phone` [ RunTime:0.0060s ]
SQL: SELECT * FROM `pan_good_phone` WHERE `good_id` = '38'  [ RunTime:0.0010s ]
SQL: SHOW COLUMNS FROM `pan_shangpin_attr` [ RunTime:0.0060s ]
SQL: SELECT a.*,b.attr_name,b.atrr_type FROM pan_shangpin_attr a left join pan_good_attr b on b.id = a.attr_id  WHERE a.good_id = '38'  [ RunTime:0.0010s ]

[ 2018-09-17T17:38:18+08:00 ] 127.0.0.1 /index.php/Home/Goods/detail/id/38.html
INFO: [ app_init ] --START--
INFO: Run Behavior\BuildLiteBehavior [ RunTime:0.000000s ]
INFO: [ app_init ] --END-- [ RunTime:0.000000s ]
INFO: [ app_begin ] --START--
INFO: Run Behavior\ReadHtmlCacheBehavior [ RunTime:0.000000s ]
INFO: [ app_begin ] --END-- [ RunTime:0.001000s ]
SQL: SHOW COLUMNS FROM `pan_good_category` [ RunTime:0.0030s ]
SQL: SHOW COLUMNS FROM `pan_goods` [ RunTime:0.0030s ]
SQL: SELECT * FROM `pan_goods` WHERE `id` = 38 LIMIT 1   [ RunTime:0.0000s ]
SQL: SELECT `id`,`catename`,`parent_id` FROM `pan_good_category` WHERE `id` = 22 LIMIT 1   [ RunTime:0.0000s ]
SQL: SELECT `id`,`catename`,`parent_id` FROM `pan_good_category` WHERE `id` = 17 LIMIT 1   [ RunTime:0.0000s ]
SQL: SELECT `id`,`catename`,`parent_id` FROM `pan_good_category` WHERE `id` = 1 LIMIT 1   [ RunTime:0.0000s ]
SQL: SHOW COLUMNS FROM `pan_good_phone` [ RunTime:0.0030s ]
SQL: SELECT * FROM `pan_good_phone` WHERE `good_id` = '38'  [ RunTime:0.0000s ]
SQL: SHOW COLUMNS FROM `pan_shangpin_attr` [ RunTime:0.0030s ]
SQL: SELECT a.*,b.attr_name,b.atrr_type FROM pan_shangpin_attr a left join pan_good_attr b on b.id = a.attr_id  WHERE a.good_id = '38'  [ RunTime:0.0010s ]
INFO: [ view_parse ] --START--
INFO: [ template_filter ] --START--
INFO: Run Behavior\ContentReplaceBehavior [ RunTime:0.000000s ]
INFO: [ template_filter ] --END-- [ RunTime:0.000000s ]
NOTIC: [8] Undefined index: children C:\phpStudy\PHPTutorial\WWW\shop\Application\Runtime\Cache\Home\795e274f7e0defaaba4ae5ed57f62a8c.php 第 167 行.
NOTIC: [2] Invalid argument supplied for foreach() C:\phpStudy\PHPTutorial\WWW\shop\Application\Runtime\Cache\Home\795e274f7e0defaaba4ae5ed57f62a8c.php 第 167 行.
NOTIC: [8] Undefined index: children C:\phpStudy\PHPTutorial\WWW\shop\Application\Runtime\Cache\Home\795e274f7e0defaaba4ae5ed57f62a8c.php 第 167 行.
NOTIC: [2] Invalid argument supplied for foreach() C:\phpStudy\PHPTutorial\WWW\shop\Application\Runtime\Cache\Home\795e274f7e0defaaba4ae5ed57f62a8c.php 第 167 行.
NOTIC: [8] Undefined index: children C:\phpStudy\PHPTutorial\WWW\shop\Application\Runtime\Cache\Home\795e274f7e0defaaba4ae5ed57f62a8c.php 第 167 行.
NOTIC: [2] Invalid argument supplied for foreach() C:\phpStudy\PHPTutorial\WWW\shop\Application\Runtime\Cache\Home\795e274f7e0defaaba4ae5ed57f62a8c.php 第 167 行.
INFO: Run Behavior\ParseTemplateBehavior [ RunTime:0.010001s ]
INFO: [ view_parse ] --END-- [ RunTime:0.010001s ]
INFO: [ view_filter ] --START--
INFO: Run Behavior\WriteHtmlCacheBehavior [ RunTime:0.001000s ]
INFO: [ view_filter ] --END-- [ RunTime:0.001000s ]
INFO: [ app_end ] --START--
INFO: Run Behavior\ShowPageTraceBehavior [ RunTime:0.001000s ]
INFO: [ app_end ] --END-- [ RunTime:0.001000s ]

[ 2018-09-17T17:38:19+08:00 ] 127.0.0.1 /index.php/Home/Goods/displayHistory/id/38.html
INFO: [ app_init ] --START--
INFO: Run Behavior\BuildLiteBehavior [ RunTime:0.000000s ]
INFO: [ app_init ] --END-- [ RunTime:0.001000s ]
INFO: [ app_begin ] --START--
INFO: Run Behavior\ReadHtmlCacheBehavior [ RunTime:0.000000s ]
INFO: [ app_begin ] --END-- [ RunTime:0.001000s ]
SQL: SHOW COLUMNS FROM `pan_good_category` [ RunTime:0.0070s ]
SQL: SHOW COLUMNS FROM `pan_goods` [ RunTime:0.0070s ]
SQL: SELECT * FROM `pan_goods` WHERE `id` IN ('38','29','23') AND `is_on_sale` = '是' ORDER BY field(id,38,29,23)  [ RunTime:0.0010s ]
INFO: [ app_end ] --START--
INFO: Run Behavior\ShowPageTraceBehavior [ RunTime:0.003000s ]
INFO: [ app_end ] --END-- [ RunTime:0.003000s ]

[ 2018-09-17T18:10:21+08:00 ] 127.0.0.1 /index.php/Home/Goods/detail/id/38.html
INFO: [ app_init ] --START--
INFO: Run Behavior\BuildLiteBehavior [ RunTime:0.000000s ]
INFO: [ app_init ] --END-- [ RunTime:0.001000s ]
INFO: [ app_begin ] --START--
INFO: Run Behavior\ReadHtmlCacheBehavior [ RunTime:0.002000s ]
INFO: [ app_begin ] --END-- [ RunTime:0.002000s ]
SQL: SHOW COLUMNS FROM `pan_good_category` [ RunTime:0.0110s ]
SQL: SHOW COLUMNS FROM `pan_goods` [ RunTime:0.0060s ]
SQL: SELECT * FROM `pan_goods` WHERE `id` = 38 LIMIT 1   [ RunTime:0.0010s ]
SQL: SELECT `id`,`catename`,`parent_id` FROM `pan_good_category` WHERE `id` = 22 LIMIT 1   [ RunTime:0.0000s ]
SQL: SELECT `id`,`catename`,`parent_id` FROM `pan_good_category` WHERE `id` = 17 LIMIT 1   [ RunTime:0.0000s ]
SQL: SELECT `id`,`catename`,`parent_id` FROM `pan_good_category` WHERE `id` = 1 LIMIT 1   [ RunTime:0.0000s ]
SQL: SHOW COLUMNS FROM `pan_good_phone` [ RunTime:0.0050s ]
SQL: SELECT * FROM `pan_good_phone` WHERE `good_id` = '38'  [ RunTime:0.0010s ]
SQL: SHOW COLUMNS FROM `pan_shangpin_attr` [ RunTime:0.0050s ]
SQL: SELECT a.*,b.attr_name,b.atrr_type FROM pan_shangpin_attr a left join pan_good_attr b on b.id = a.attr_id  WHERE a.good_id = '38'  [ RunTime:0.0010s ]
SQL: SHOW COLUMNS FROM `pan_member_price` [ RunTime:0.0050s ]
SQL: SELECT a.* FROM pan_member_price a WHERE `good_id` = '38'  [ RunTime:0.0000s ]

[ 2018-09-17T18:12:22+08:00 ] 127.0.0.1 /index.php/Home/Goods/detail/id/38.html
INFO: [ app_init ] --START--
INFO: Run Behavior\BuildLiteBehavior [ RunTime:0.000000s ]
INFO: [ app_init ] --END-- [ RunTime:0.001000s ]
INFO: [ app_begin ] --START--
INFO: Run Behavior\ReadHtmlCacheBehavior [ RunTime:0.001000s ]
INFO: [ app_begin ] --END-- [ RunTime:0.001000s ]
SQL: SHOW COLUMNS FROM `pan_good_category` [ RunTime:0.0100s ]
SQL: SHOW COLUMNS FROM `pan_goods` [ RunTime:0.0110s ]
SQL: SELECT * FROM `pan_goods` WHERE `id` = 38 LIMIT 1   [ RunTime:0.0010s ]
SQL: SELECT `id`,`catename`,`parent_id` FROM `pan_good_category` WHERE `id` = 22 LIMIT 1   [ RunTime:0.0000s ]
SQL: SELECT `id`,`catename`,`parent_id` FROM `pan_good_category` WHERE `id` = 17 LIMIT 1   [ RunTime:0.0000s ]
SQL: SELECT `id`,`catename`,`parent_id` FROM `pan_good_category` WHERE `id` = 1 LIMIT 1   [ RunTime:0.0010s ]
SQL: SHOW COLUMNS FROM `pan_good_phone` [ RunTime:0.0090s ]
SQL: SELECT * FROM `pan_good_phone` WHERE `good_id` = '38'  [ RunTime:0.0010s ]
SQL: SHOW COLUMNS FROM `pan_shangpin_attr` [ RunTime:0.0050s ]
SQL: SELECT a.*,b.attr_name,b.atrr_type FROM pan_shangpin_attr a left join pan_good_attr b on b.id = a.attr_id  WHERE a.good_id = '38'  [ RunTime:0.0000s ]
SQL: SHOW COLUMNS FROM `pan_member_price` [ RunTime:0.0050s ]
SQL: SELECT a.*,b.level_name FROM pan_member_price a left join pan_member_level b on b.id = a.level_id  WHERE `good_id` = '38'  [ RunTime:0.0000s ]

[ 2018-09-17T18:27:00+08:00 ] 127.0.0.1 /index.php/Home/Goods/detail/id/38.html
INFO: [ app_init ] --START--
INFO: Run Behavior\BuildLiteBehavior [ RunTime:0.000000s ]
INFO: [ app_init ] --END-- [ RunTime:0.001000s ]
INFO: [ app_begin ] --START--
INFO: Run Behavior\ReadHtmlCacheBehavior [ RunTime:0.002000s ]
INFO: [ app_begin ] --END-- [ RunTime:0.002000s ]
SQL: SHOW COLUMNS FROM `pan_good_category` [ RunTime:0.0130s ]
SQL: SHOW COLUMNS FROM `pan_goods` [ RunTime:0.0090s ]
SQL: SELECT * FROM `pan_goods` WHERE `id` = 38 LIMIT 1   [ RunTime:0.0010s ]
SQL: SELECT `id`,`catename`,`parent_id` FROM `pan_good_category` WHERE `id` = 22 LIMIT 1   [ RunTime:0.0010s ]
SQL: SELECT `id`,`catename`,`parent_id` FROM `pan_good_category` WHERE `id` = 17 LIMIT 1   [ RunTime:0.0000s ]
SQL: SELECT `id`,`catename`,`parent_id` FROM `pan_good_category` WHERE `id` = 1 LIMIT 1   [ RunTime:0.0010s ]
SQL: SHOW COLUMNS FROM `pan_good_phone` [ RunTime:0.0060s ]
SQL: SELECT * FROM `pan_good_phone` WHERE `good_id` = '38'  [ RunTime:0.0010s ]
SQL: SHOW COLUMNS FROM `pan_shangpin_attr` [ RunTime:0.0060s ]
SQL: SELECT a.*,b.attr_name,b.atrr_type FROM pan_shangpin_attr a left join pan_good_attr b on b.id = a.attr_id  WHERE a.good_id = '38'  [ RunTime:0.0010s ]
SQL: SHOW COLUMNS FROM `pan_member_price` [ RunTime:0.0050s ]
SQL: SELECT a.*,b.level_name FROM pan_member_price a left join pan_member_level b on b.id = a.level_id  WHERE `good_id` = '38'  [ RunTime:0.0010s ]
INFO: [ view_parse ] --START--
INFO: [ template_filter ] --START--
INFO: Run Behavior\ContentReplaceBehavior [ RunTime:0.000000s ]
INFO: [ template_filter ] --END-- [ RunTime:0.000000s ]
NOTIC: [8] Undefined index: children C:\phpStudy\PHPTutorial\WWW\shop\Application\Runtime\Cache\Home\795e274f7e0defaaba4ae5ed57f62a8c.php 第 167 行.
NOTIC: [2] Invalid argument supplied for foreach() C:\phpStudy\PHPTutorial\WWW\shop\Application\Runtime\Cache\Home\795e274f7e0defaaba4ae5ed57f62a8c.php 第 167 行.
NOTIC: [8] Undefined index: children C:\phpStudy\PHPTutorial\WWW\shop\Application\Runtime\Cache\Home\795e274f7e0defaaba4ae5ed57f62a8c.php 第 167 行.
NOTIC: [2] Invalid argument supplied for foreach() C:\phpStudy\PHPTutorial\WWW\shop\Application\Runtime\Cache\Home\795e274f7e0defaaba4ae5ed57f62a8c.php 第 167 行.
NOTIC: [8] Undefined index: children C:\phpStudy\PHPTutorial\WWW\shop\Application\Runtime\Cache\Home\795e274f7e0defaaba4ae5ed57f62a8c.php 第 167 行.
NOTIC: [2] Invalid argument supplied for foreach() C:\phpStudy\PHPTutorial\WWW\shop\Application\Runtime\Cache\Home\795e274f7e0defaaba4ae5ed57f62a8c.php 第 167 行.
NOTIC: [8] Undefined variable: viewPath C:\phpStudy\PHPTutorial\WWW\shop\Application\Runtime\Cache\Home\795e274f7e0defaaba4ae5ed57f62a8c.php 第 323 行.
NOTIC: [8] Undefined variable: info C:\phpStudy\PHPTutorial\WWW\shop\Application\Runtime\Cache\Home\795e274f7e0defaaba4ae5ed57f62a8c.php 第 324 行.
NOTIC: [8] Undefined variable: viewPath C:\phpStudy\PHPTutorial\WWW\shop\Application\Runtime\Cache\Home\795e274f7e0defaaba4ae5ed57f62a8c.php 第 337 行.
NOTIC: [8] Undefined variable: viewPath C:\phpStudy\PHPTutorial\WWW\shop\Application\Runtime\Cache\Home\795e274f7e0defaaba4ae5ed57f62a8c.php 第 337 行.
NOTIC: [8] Undefined variable: viewPath C:\phpStudy\PHPTutorial\WWW\shop\Application\Runtime\Cache\Home\795e274f7e0defaaba4ae5ed57f62a8c.php 第 342 行.
NOTIC: [8] Undefined variable: viewPath C:\phpStudy\PHPTutorial\WWW\shop\Application\Runtime\Cache\Home\795e274f7e0defaaba4ae5ed57f62a8c.php 第 342 行.
NOTIC: [8] Undefined variable: viewPath C:\phpStudy\PHPTutorial\WWW\shop\Application\Runtime\Cache\Home\795e274f7e0defaaba4ae5ed57f62a8c.php 第 342 行.
NOTIC: [8] Undefined variable: viewPath C:\phpStudy\PHPTutorial\WWW\shop\Application\Runtime\Cache\Home\795e274f7e0defaaba4ae5ed57f62a8c.php 第 342 行.
NOTIC: [8] Undefined variable: viewPath C:\phpStudy\PHPTutorial\WWW\shop\Application\Runtime\Cache\Home\795e274f7e0defaaba4ae5ed57f62a8c.php 第 342 行.
NOTIC: [8] Undefined variable: viewPath C:\phpStudy\PHPTutorial\WWW\shop\Application\Runtime\Cache\Home\795e274f7e0defaaba4ae5ed57f62a8c.php 第 342 行.
NOTIC: [8] Undefined variable: viewPath C:\phpStudy\PHPTutorial\WWW\shop\Application\Runtime\Cache\Home\795e274f7e0defaaba4ae5ed57f62a8c.php 第 342 行.
NOTIC: [8] Undefined variable: viewPath C:\phpStudy\PHPTutorial\WWW\shop\Application\Runtime\Cache\Home\795e274f7e0defaaba4ae5ed57f62a8c.php 第 342 行.
NOTIC: [8] Undefined variable: info C:\phpStudy\PHPTutorial\WWW\shop\Application\Runtime\Cache\Home\795e274f7e0defaaba4ae5ed57f62a8c.php 第 356 行.
NOTIC: [8] Undefined variable: info C:\phpStudy\PHPTutorial\WWW\shop\Application\Runtime\Cache\Home\795e274f7e0defaaba4ae5ed57f62a8c.php 第 357 行.
NOTIC: [8] Undefined variable: memberData C:\phpStudy\PHPTutorial\WWW\shop\Application\Runtime\Cache\Home\795e274f7e0defaaba4ae5ed57f62a8c.php 第 361 行.
NOTIC: [2] Invalid argument supplied for foreach() C:\phpStudy\PHPTutorial\WWW\shop\Application\Runtime\Cache\Home\795e274f7e0defaaba4ae5ed57f62a8c.php 第 361 行.
NOTIC: [8] Undefined variable: info C:\phpStudy\PHPTutorial\WWW\shop\Application\Runtime\Cache\Home\795e274f7e0defaaba4ae5ed57f62a8c.php 第 371 行.
NOTIC: [8] Undefined variable: viewPath C:\phpStudy\PHPTutorial\WWW\shop\Application\Runtime\Cache\Home\795e274f7e0defaaba4ae5ed57f62a8c.php 第 720 行.
INFO: Run Behavior\ParseTemplateBehavior [ RunTime:0.018001s ]
INFO: [ view_parse ] --END-- [ RunTime:0.018001s ]
INFO: [ view_filter ] --START--
INFO: Run Behavior\WriteHtmlCacheBehavior [ RunTime:0.001000s ]
INFO: [ view_filter ] --END-- [ RunTime:0.001000s ]
INFO: [ app_end ] --START--
INFO: Run Behavior\ShowPageTraceBehavior [ RunTime:0.002000s ]
INFO: [ app_end ] --END-- [ RunTime:0.002000s ]

[ 2018-09-17T18:27:17+08:00 ] 127.0.0.1 /index.php/Home/Goods/detail/id/Goods/2018-09-16/thumb_0_5b9dc0c943045.png
INFO: [ app_init ] --START--
INFO: Run Behavior\BuildLiteBehavior [ RunTime:0.000000s ]
INFO: [ app_init ] --END-- [ RunTime:0.000000s ]

[ 2018-09-17T18:27:55+08:00 ] 127.0.0.1 /index.php/Home/Goods/detail/id/38.html
INFO: [ app_init ] --START--
INFO: Run Behavior\BuildLiteBehavior [ RunTime:0.000000s ]
INFO: [ app_init ] --END-- [ RunTime:0.000000s ]
INFO: [ app_begin ] --START--
INFO: Run Behavior\ReadHtmlCacheBehavior [ RunTime:0.001000s ]
INFO: [ app_begin ] --END-- [ RunTime:0.001000s ]
SQL: SHOW COLUMNS FROM `pan_good_category` [ RunTime:0.0110s ]
SQL: SHOW COLUMNS FROM `pan_goods` [ RunTime:0.0110s ]
SQL: SELECT * FROM `pan_goods` WHERE `id` = 38 LIMIT 1   [ RunTime:0.0000s ]
SQL: SELECT `id`,`catename`,`parent_id` FROM `pan_good_category` WHERE `id` = 22 LIMIT 1   [ RunTime:0.0000s ]
SQL: SELECT `id`,`catename`,`parent_id` FROM `pan_good_category` WHERE `id` = 17 LIMIT 1   [ RunTime:0.0010s ]
SQL: SELECT `id`,`catename`,`parent_id` FROM `pan_good_category` WHERE `id` = 1 LIMIT 1   [ RunTime:0.0000s ]
SQL: SHOW COLUMNS FROM `pan_good_phone` [ RunTime:0.0070s ]
SQL: SELECT * FROM `pan_good_phone` WHERE `good_id` = '38'  [ RunTime:0.0000s ]
SQL: SHOW COLUMNS FROM `pan_shangpin_attr` [ RunTime:0.0060s ]
SQL: SELECT a.*,b.attr_name,b.atrr_type FROM pan_shangpin_attr a left join pan_good_attr b on b.id = a.attr_id  WHERE a.good_id = '38'  [ RunTime:0.0000s ]
SQL: SHOW COLUMNS FROM `pan_member_price` [ RunTime:0.0060s ]
SQL: SELECT a.*,b.level_name FROM pan_member_price a left join pan_member_level b on b.id = a.level_id  WHERE `good_id` = '38'  [ RunTime:0.0000s ]
INFO: [ view_parse ] --START--
INFO: [ template_filter ] --START--
INFO: Run Behavior\ContentReplaceBehavior [ RunTime:0.000000s ]
INFO: [ template_filter ] --END-- [ RunTime:0.000000s ]
NOTIC: [8] Undefined index: children C:\phpStudy\PHPTutorial\WWW\shop\Application\Runtime\Cache\Home\795e274f7e0defaaba4ae5ed57f62a8c.php 第 167 行.
NOTIC: [2] Invalid argument supplied for foreach() C:\phpStudy\PHPTutorial\WWW\shop\Application\Runtime\Cache\Home\795e274f7e0defaaba4ae5ed57f62a8c.php 第 167 行.
NOTIC: [8] Undefined index: children C:\phpStudy\PHPTutorial\WWW\shop\Application\Runtime\Cache\Home\795e274f7e0defaaba4ae5ed57f62a8c.php 第 167 行.
NOTIC: [2] Invalid argument supplied for foreach() C:\phpStudy\PHPTutorial\WWW\shop\Application\Runtime\Cache\Home\795e274f7e0defaaba4ae5ed57f62a8c.php 第 167 行.
NOTIC: [8] Undefined index: children C:\phpStudy\PHPTutorial\WWW\shop\Application\Runtime\Cache\Home\795e274f7e0defaaba4ae5ed57f62a8c.php 第 167 行.
NOTIC: [2] Invalid argument supplied for foreach() C:\phpStudy\PHPTutorial\WWW\shop\Application\Runtime\Cache\Home\795e274f7e0defaaba4ae5ed57f62a8c.php 第 167 行.
NOTIC: [8] Undefined variable: viewPath C:\phpStudy\PHPTutorial\WWW\shop\Application\Runtime\Cache\Home\795e274f7e0defaaba4ae5ed57f62a8c.php 第 323 行.
NOTIC: [8] Undefined variable: info C:\phpStudy\PHPTutorial\WWW\shop\Application\Runtime\Cache\Home\795e274f7e0defaaba4ae5ed57f62a8c.php 第 324 行.
NOTIC: [8] Undefined variable: viewPath C:\phpStudy\PHPTutorial\WWW\shop\Application\Runtime\Cache\Home\795e274f7e0defaaba4ae5ed57f62a8c.php 第 337 行.
NOTIC: [8] Undefined variable: viewPath C:\phpStudy\PHPTutorial\WWW\shop\Application\Runtime\Cache\Home\795e274f7e0defaaba4ae5ed57f62a8c.php 第 337 行.
NOTIC: [8] Undefined variable: viewPath C:\phpStudy\PHPTutorial\WWW\shop\Application\Runtime\Cache\Home\795e274f7e0defaaba4ae5ed57f62a8c.php 第 342 行.
NOTIC: [8] Undefined variable: viewPath C:\phpStudy\PHPTutorial\WWW\shop\Application\Runtime\Cache\Home\795e274f7e0defaaba4ae5ed57f62a8c.php 第 342 行.
NOTIC: [8] Undefined variable: viewPath C:\phpStudy\PHPTutorial\WWW\shop\Application\Runtime\Cache\Home\795e274f7e0defaaba4ae5ed57f62a8c.php 第 342 行.
NOTIC: [8] Undefined variable: viewPath C:\phpStudy\PHPTutorial\WWW\shop\Application\Runtime\Cache\Home\795e274f7e0defaaba4ae5ed57f62a8c.php 第 342 行.
NOTIC: [8] Undefined variable: viewPath C:\phpStudy\PHPTutorial\WWW\shop\Application\Runtime\Cache\Home\795e274f7e0defaaba4ae5ed57f62a8c.php 第 342 行.
NOTIC: [8] Undefined variable: viewPath C:\phpStudy\PHPTutorial\WWW\shop\Application\Runtime\Cache\Home\795e274f7e0defaaba4ae5ed57f62a8c.php 第 342 行.
NOTIC: [8] Undefined variable: viewPath C:\phpStudy\PHPTutorial\WWW\shop\Application\Runtime\Cache\Home\795e274f7e0defaaba4ae5ed57f62a8c.php 第 342 行.
NOTIC: [8] Undefined variable: viewPath C:\phpStudy\PHPTutorial\WWW\shop\Application\Runtime\Cache\Home\795e274f7e0defaaba4ae5ed57f62a8c.php 第 342 行.
NOTIC: [8] Undefined variable: info C:\phpStudy\PHPTutorial\WWW\shop\Application\Runtime\Cache\Home\795e274f7e0defaaba4ae5ed57f62a8c.php 第 356 行.
NOTIC: [8] Undefined variable: info C:\phpStudy\PHPTutorial\WWW\shop\Application\Runtime\Cache\Home\795e274f7e0defaaba4ae5ed57f62a8c.php 第 357 行.
NOTIC: [8] Undefined variable: memberData C:\phpStudy\PHPTutorial\WWW\shop\Application\Runtime\Cache\Home\795e274f7e0defaaba4ae5ed57f62a8c.php 第 361 行.
NOTIC: [2] Invalid argument supplied for foreach() C:\phpStudy\PHPTutorial\WWW\shop\Application\Runtime\Cache\Home\795e274f7e0defaaba4ae5ed57f62a8c.php 第 361 行.
NOTIC: [8] Undefined variable: info C:\phpStudy\PHPTutorial\WWW\shop\Application\Runtime\Cache\Home\795e274f7e0defaaba4ae5ed57f62a8c.php 第 371 行.
NOTIC: [8] Undefined variable: viewPath C:\phpStudy\PHPTutorial\WWW\shop\Application\Runtime\Cache\Home\795e274f7e0defaaba4ae5ed57f62a8c.php 第 720 行.
INFO: Run Behavior\ParseTemplateBehavior [ RunTime:0.033002s ]
INFO: [ view_parse ] --END-- [ RunTime:0.033002s ]
INFO: [ view_filter ] --START--
INFO: Run Behavior\WriteHtmlCacheBehavior [ RunTime:0.001000s ]
INFO: [ view_filter ] --END-- [ RunTime:0.001000s ]
INFO: [ app_end ] --START--
INFO: Run Behavior\ShowPageTraceBehavior [ RunTime:0.002000s ]
INFO: [ app_end ] --END-- [ RunTime:0.002000s ]

[ 2018-09-17T18:28:30+08:00 ] 127.0.0.1 /index.php/Home/Goods/detail/id/38.html
INFO: [ app_init ] --START--
INFO: Run Behavior\BuildLiteBehavior [ RunTime:0.000000s ]
INFO: [ app_init ] --END-- [ RunTime:0.001000s ]
INFO: [ app_begin ] --START--
INFO: Run Behavior\ReadHtmlCacheBehavior [ RunTime:0.002000s ]
INFO: [ app_begin ] --END-- [ RunTime:0.002000s ]
SQL: SHOW COLUMNS FROM `pan_good_category` [ RunTime:0.0100s ]
SQL: SHOW COLUMNS FROM `pan_goods` [ RunTime:0.0100s ]
SQL: SELECT * FROM `pan_goods` WHERE `id` = 38 LIMIT 1   [ RunTime:0.0010s ]
SQL: SELECT `id`,`catename`,`parent_id` FROM `pan_good_category` WHERE `id` = 22 LIMIT 1   [ RunTime:0.0000s ]
SQL: SELECT `id`,`catename`,`parent_id` FROM `pan_good_category` WHERE `id` = 17 LIMIT 1   [ RunTime:0.0010s ]
SQL: SELECT `id`,`catename`,`parent_id` FROM `pan_good_category` WHERE `id` = 1 LIMIT 1   [ RunTime:0.0010s ]
SQL: SHOW COLUMNS FROM `pan_good_phone` [ RunTime:0.0090s ]
SQL: SELECT * FROM `pan_good_phone` WHERE `good_id` = '38'  [ RunTime:0.0010s ]
SQL: SHOW COLUMNS FROM `pan_shangpin_attr` [ RunTime:0.0090s ]
SQL: SELECT a.*,b.attr_name,b.atrr_type FROM pan_shangpin_attr a left join pan_good_attr b on b.id = a.attr_id  WHERE a.good_id = '38'  [ RunTime:0.0010s ]
SQL: SHOW COLUMNS FROM `pan_member_price` [ RunTime:0.0090s ]
SQL: SELECT a.*,b.level_name FROM pan_member_price a left join pan_member_level b on b.id = a.level_id  WHERE `good_id` = '38'  [ RunTime:0.0010s ]
INFO: [ view_parse ] --START--
INFO: [ template_filter ] --START--
INFO: Run Behavior\ContentReplaceBehavior [ RunTime:0.000000s ]
INFO: [ template_filter ] --END-- [ RunTime:0.000000s ]
NOTIC: [8] Undefined index: children C:\phpStudy\PHPTutorial\WWW\shop\Application\Runtime\Cache\Home\795e274f7e0defaaba4ae5ed57f62a8c.php 第 167 行.
NOTIC: [2] Invalid argument supplied for foreach() C:\phpStudy\PHPTutorial\WWW\shop\Application\Runtime\Cache\Home\795e274f7e0defaaba4ae5ed57f62a8c.php 第 167 行.
NOTIC: [8] Undefined index: children C:\phpStudy\PHPTutorial\WWW\shop\Application\Runtime\Cache\Home\795e274f7e0defaaba4ae5ed57f62a8c.php 第 167 行.
NOTIC: [2] Invalid argument supplied for foreach() C:\phpStudy\PHPTutorial\WWW\shop\Application\Runtime\Cache\Home\795e274f7e0defaaba4ae5ed57f62a8c.php 第 167 行.
NOTIC: [8] Undefined index: children C:\phpStudy\PHPTutorial\WWW\shop\Application\Runtime\Cache\Home\795e274f7e0defaaba4ae5ed57f62a8c.php 第 167 行.
NOTIC: [2] Invalid argument supplied for foreach() C:\phpStudy\PHPTutorial\WWW\shop\Application\Runtime\Cache\Home\795e274f7e0defaaba4ae5ed57f62a8c.php 第 167 行.
NOTIC: [8] Undefined variable: info C:\phpStudy\PHPTutorial\WWW\shop\Application\Runtime\Cache\Home\795e274f7e0defaaba4ae5ed57f62a8c.php 第 324 行.
NOTIC: [8] Undefined variable: info C:\phpStudy\PHPTutorial\WWW\shop\Application\Runtime\Cache\Home\795e274f7e0defaaba4ae5ed57f62a8c.php 第 356 行.
NOTIC: [8] Undefined variable: info C:\phpStudy\PHPTutorial\WWW\shop\Application\Runtime\Cache\Home\795e274f7e0defaaba4ae5ed57f62a8c.php 第 357 行.
NOTIC: [8] Undefined variable: memberData C:\phpStudy\PHPTutorial\WWW\shop\Application\Runtime\Cache\Home\795e274f7e0defaaba4ae5ed57f62a8c.php 第 361 行.
NOTIC: [2] Invalid argument supplied for foreach() C:\phpStudy\PHPTutorial\WWW\shop\Application\Runtime\Cache\Home\795e274f7e0defaaba4ae5ed57f62a8c.php 第 361 行.
NOTIC: [8] Undefined variable: info C:\phpStudy\PHPTutorial\WWW\shop\Application\Runtime\Cache\Home\795e274f7e0defaaba4ae5ed57f62a8c.php 第 371 行.
INFO: Run Behavior\ParseTemplateBehavior [ RunTime:0.029001s ]
INFO: [ view_parse ] --END-- [ RunTime:0.029001s ]
INFO: [ view_filter ] --START--
INFO: Run Behavior\WriteHtmlCacheBehavior [ RunTime:0.001000s ]
INFO: [ view_filter ] --END-- [ RunTime:0.001000s ]
INFO: [ app_end ] --START--
INFO: Run Behavior\ShowPageTraceBehavior [ RunTime:0.001000s ]
INFO: [ app_end ] --END-- [ RunTime:0.002000s ]

[ 2018-09-17T18:28:39+08:00 ] 127.0.0.1 /index.php/Home/Goods/detail/id/38.html
INFO: [ app_init ] --START--
INFO: Run Behavior\BuildLiteBehavior [ RunTime:0.000000s ]
INFO: [ app_init ] --END-- [ RunTime:0.001000s ]
INFO: [ app_begin ] --START--
INFO: Run Behavior\ReadHtmlCacheBehavior [ RunTime:0.002000s ]
INFO: [ app_begin ] --END-- [ RunTime:0.002000s ]
SQL: SHOW COLUMNS FROM `pan_good_category` [ RunTime:0.0100s ]
SQL: SHOW COLUMNS FROM `pan_goods` [ RunTime:0.0100s ]
SQL: SELECT * FROM `pan_goods` WHERE `id` = 38 LIMIT 1   [ RunTime:0.0010s ]
SQL: SELECT `id`,`catename`,`parent_id` FROM `pan_good_category` WHERE `id` = 22 LIMIT 1   [ RunTime:0.0010s ]
SQL: SELECT `id`,`catename`,`parent_id` FROM `pan_good_category` WHERE `id` = 17 LIMIT 1   [ RunTime:0.0010s ]
SQL: SELECT `id`,`catename`,`parent_id` FROM `pan_good_category` WHERE `id` = 1 LIMIT 1   [ RunTime:0.0000s ]
SQL: SHOW COLUMNS FROM `pan_good_phone` [ RunTime:0.0060s ]
SQL: SELECT * FROM `pan_good_phone` WHERE `good_id` = '38'  [ RunTime:0.0000s ]
SQL: SHOW COLUMNS FROM `pan_shangpin_attr` [ RunTime:0.0040s ]
SQL: SELECT a.*,b.attr_name,b.atrr_type FROM pan_shangpin_attr a left join pan_good_attr b on b.id = a.attr_id  WHERE a.good_id = '38'  [ RunTime:0.0010s ]
SQL: SHOW COLUMNS FROM `pan_member_price` [ RunTime:0.0050s ]
SQL: SELECT a.*,b.level_name FROM pan_member_price a left join pan_member_level b on b.id = a.level_id  WHERE `good_id` = '38'  [ RunTime:0.0000s ]
INFO: [ view_parse ] --START--
INFO: [ template_filter ] --START--
INFO: Run Behavior\ContentReplaceBehavior [ RunTime:0.001000s ]
INFO: [ template_filter ] --END-- [ RunTime:0.001000s ]
NOTIC: [8] Undefined index: children C:\phpStudy\PHPTutorial\WWW\shop\Application\Runtime\Cache\Home\795e274f7e0defaaba4ae5ed57f62a8c.php 第 167 行.
NOTIC: [2] Invalid argument supplied for foreach() C:\phpStudy\PHPTutorial\WWW\shop\Application\Runtime\Cache\Home\795e274f7e0defaaba4ae5ed57f62a8c.php 第 167 行.
NOTIC: [8] Undefined index: children C:\phpStudy\PHPTutorial\WWW\shop\Application\Runtime\Cache\Home\795e274f7e0defaaba4ae5ed57f62a8c.php 第 167 行.
NOTIC: [2] Invalid argument supplied for foreach() C:\phpStudy\PHPTutorial\WWW\shop\Application\Runtime\Cache\Home\795e274f7e0defaaba4ae5ed57f62a8c.php 第 167 行.
NOTIC: [8] Undefined index: children C:\phpStudy\PHPTutorial\WWW\shop\Application\Runtime\Cache\Home\795e274f7e0defaaba4ae5ed57f62a8c.php 第 167 行.
NOTIC: [2] Invalid argument supplied for foreach() C:\phpStudy\PHPTutorial\WWW\shop\Application\Runtime\Cache\Home\795e274f7e0defaaba4ae5ed57f62a8c.php 第 167 行.
NOTIC: [8] Undefined variable: info C:\phpStudy\PHPTutorial\WWW\shop\Application\Runtime\Cache\Home\795e274f7e0defaaba4ae5ed57f62a8c.php 第 324 行.
NOTIC: [8] Undefined variable: info C:\phpStudy\PHPTutorial\WWW\shop\Application\Runtime\Cache\Home\795e274f7e0defaaba4ae5ed57f62a8c.php 第 356 行.
NOTIC: [8] Undefined variable: info C:\phpStudy\PHPTutorial\WWW\shop\Application\Runtime\Cache\Home\795e274f7e0defaaba4ae5ed57f62a8c.php 第 357 行.
NOTIC: [8] Undefined variable: memberData C:\phpStudy\PHPTutorial\WWW\shop\Application\Runtime\Cache\Home\795e274f7e0defaaba4ae5ed57f62a8c.php 第 361 行.
NOTIC: [2] Invalid argument supplied for foreach() C:\phpStudy\PHPTutorial\WWW\shop\Application\Runtime\Cache\Home\795e274f7e0defaaba4ae5ed57f62a8c.php 第 361 行.
NOTIC: [8] Undefined variable: info C:\phpStudy\PHPTutorial\WWW\shop\Application\Runtime\Cache\Home\795e274f7e0defaaba4ae5ed57f62a8c.php 第 371 行.
INFO: Run Behavior\ParseTemplateBehavior [ RunTime:0.023001s ]
INFO: [ view_parse ] --END-- [ RunTime:0.023001s ]
INFO: [ view_filter ] --START--
INFO: Run Behavior\WriteHtmlCacheBehavior [ RunTime:0.002000s ]
INFO: [ view_filter ] --END-- [ RunTime:0.002000s ]
INFO: [ app_end ] --START--
INFO: Run Behavior\ShowPageTraceBehavior [ RunTime:0.002001s ]
INFO: [ app_end ] --END-- [ RunTime:0.002001s ]

[ 2018-09-17T18:29:02+08:00 ] 127.0.0.1 /index.php/Home/Goods/detail/id/38.html
INFO: [ app_init ] --START--
INFO: Run Behavior\BuildLiteBehavior [ RunTime:0.000000s ]
INFO: [ app_init ] --END-- [ RunTime:0.001000s ]
INFO: [ app_begin ] --START--
INFO: Run Behavior\ReadHtmlCacheBehavior [ RunTime:0.001000s ]
INFO: [ app_begin ] --END-- [ RunTime:0.001000s ]
SQL: SHOW COLUMNS FROM `pan_good_category` [ RunTime:0.0120s ]
SQL: SHOW COLUMNS FROM `pan_goods` [ RunTime:0.0120s ]
SQL: SELECT * FROM `pan_goods` WHERE `id` = 38 LIMIT 1   [ RunTime:0.0010s ]
SQL: SELECT `id`,`catename`,`parent_id` FROM `pan_good_category` WHERE `id` = 22 LIMIT 1   [ RunTime:0.0000s ]
SQL: SELECT `id`,`catename`,`parent_id` FROM `pan_good_category` WHERE `id` = 17 LIMIT 1   [ RunTime:0.0000s ]
SQL: SELECT `id`,`catename`,`parent_id` FROM `pan_good_category` WHERE `id` = 1 LIMIT 1   [ RunTime:0.0010s ]
SQL: SHOW COLUMNS FROM `pan_good_phone` [ RunTime:0.0110s ]
SQL: SELECT * FROM `pan_good_phone` WHERE `good_id` = '38'  [ RunTime:0.0010s ]
SQL: SHOW COLUMNS FROM `pan_shangpin_attr` [ RunTime:0.0110s ]
SQL: SELECT a.*,b.attr_name,b.atrr_type FROM pan_shangpin_attr a left join pan_good_attr b on b.id = a.attr_id  WHERE a.good_id = '38'  [ RunTime:0.0010s ]
SQL: SHOW COLUMNS FROM `pan_member_price` [ RunTime:0.0110s ]
SQL: SELECT a.*,b.level_name FROM pan_member_price a left join pan_member_level b on b.id = a.level_id  WHERE `good_id` = '38'  [ RunTime:0.0010s ]
INFO: [ view_parse ] --START--
INFO: [ template_filter ] --START--
INFO: Run Behavior\ContentReplaceBehavior [ RunTime:0.000000s ]
INFO: [ template_filter ] --END-- [ RunTime:0.000000s ]
NOTIC: [8] Undefined index: children C:\phpStudy\PHPTutorial\WWW\shop\Application\Runtime\Cache\Home\795e274f7e0defaaba4ae5ed57f62a8c.php 第 167 行.
NOTIC: [2] Invalid argument supplied for foreach() C:\phpStudy\PHPTutorial\WWW\shop\Application\Runtime\Cache\Home\795e274f7e0defaaba4ae5ed57f62a8c.php 第 167 行.
NOTIC: [8] Undefined index: children C:\phpStudy\PHPTutorial\WWW\shop\Application\Runtime\Cache\Home\795e274f7e0defaaba4ae5ed57f62a8c.php 第 167 行.
NOTIC: [2] Invalid argument supplied for foreach() C:\phpStudy\PHPTutorial\WWW\shop\Application\Runtime\Cache\Home\795e274f7e0defaaba4ae5ed57f62a8c.php 第 167 行.
NOTIC: [8] Undefined index: children C:\phpStudy\PHPTutorial\WWW\shop\Application\Runtime\Cache\Home\795e274f7e0defaaba4ae5ed57f62a8c.php 第 167 行.
NOTIC: [2] Invalid argument supplied for foreach() C:\phpStudy\PHPTutorial\WWW\shop\Application\Runtime\Cache\Home\795e274f7e0defaaba4ae5ed57f62a8c.php 第 167 行.
NOTIC: [8] Undefined variable: info C:\phpStudy\PHPTutorial\WWW\shop\Application\Runtime\Cache\Home\795e274f7e0defaaba4ae5ed57f62a8c.php 第 324 行.
NOTIC: [8] Undefined variable: info C:\phpStudy\PHPTutorial\WWW\shop\Application\Runtime\Cache\Home\795e274f7e0defaaba4ae5ed57f62a8c.php 第 356 行.
NOTIC: [8] Undefined variable: info C:\phpStudy\PHPTutorial\WWW\shop\Application\Runtime\Cache\Home\795e274f7e0defaaba4ae5ed57f62a8c.php 第 357 行.
NOTIC: [8] Undefined variable: memberData C:\phpStudy\PHPTutorial\WWW\shop\Application\Runtime\Cache\Home\795e274f7e0defaaba4ae5ed57f62a8c.php 第 361 行.
NOTIC: [2] Invalid argument supplied for foreach() C:\phpStudy\PHPTutorial\WWW\shop\Application\Runtime\Cache\Home\795e274f7e0defaaba4ae5ed57f62a8c.php 第 361 行.
NOTIC: [8] Undefined variable: info C:\phpStudy\PHPTutorial\WWW\shop\Application\Runtime\Cache\Home\795e274f7e0defaaba4ae5ed57f62a8c.php 第 371 行.
INFO: Run Behavior\ParseTemplateBehavior [ RunTime:0.035002s ]
INFO: [ view_parse ] --END-- [ RunTime:0.035002s ]
INFO: [ view_filter ] --START--
INFO: Run Behavior\WriteHtmlCacheBehavior [ RunTime:0.002000s ]
INFO: [ view_filter ] --END-- [ RunTime:0.002000s ]
INFO: [ app_end ] --START--
INFO: Run Behavior\ShowPageTraceBehavior [ RunTime:0.001000s ]
INFO: [ app_end ] --END-- [ RunTime:0.001000s ]

[ 2018-09-17T18:29:21+08:00 ] 127.0.0.1 /index.php/Home/Goods/detail/id/38.html
INFO: [ app_init ] --START--
INFO: Run Behavior\BuildLiteBehavior [ RunTime:0.000000s ]
INFO: [ app_init ] --END-- [ RunTime:0.001000s ]
INFO: [ app_begin ] --START--
INFO: Run Behavior\ReadHtmlCacheBehavior [ RunTime:0.002000s ]
INFO: [ app_begin ] --END-- [ RunTime:0.002000s ]
SQL: SHOW COLUMNS FROM `pan_good_category` [ RunTime:0.0100s ]
SQL: SHOW COLUMNS FROM `pan_goods` [ RunTime:0.0080s ]
SQL: SELECT * FROM `pan_goods` WHERE `id` = 38 LIMIT 1   [ RunTime:0.0010s ]
SQL: SELECT `id`,`catename`,`parent_id` FROM `pan_good_category` WHERE `id` = 22 LIMIT 1   [ RunTime:0.0000s ]
SQL: SELECT `id`,`catename`,`parent_id` FROM `pan_good_category` WHERE `id` = 17 LIMIT 1   [ RunTime:0.0000s ]
SQL: SELECT `id`,`catename`,`parent_id` FROM `pan_good_category` WHERE `id` = 1 LIMIT 1   [ RunTime:0.0000s ]
SQL: SHOW COLUMNS FROM `pan_good_phone` [ RunTime:0.0050s ]
SQL: SELECT * FROM `pan_good_phone` WHERE `good_id` = '38'  [ RunTime:0.0010s ]
SQL: SHOW COLUMNS FROM `pan_shangpin_attr` [ RunTime:0.0050s ]
SQL: SELECT a.*,b.attr_name,b.atrr_type FROM pan_shangpin_attr a left join pan_good_attr b on b.id = a.attr_id  WHERE a.good_id = '38'  [ RunTime:0.0010s ]
SQL: SHOW COLUMNS FROM `pan_member_price` [ RunTime:0.0050s ]
SQL: SELECT a.*,b.level_name FROM pan_member_price a left join pan_member_level b on b.id = a.level_id  WHERE `good_id` = '38'  [ RunTime:0.0000s ]
INFO: [ view_parse ] --START--
INFO: [ template_filter ] --START--
INFO: Run Behavior\ContentReplaceBehavior [ RunTime:0.000000s ]
INFO: [ template_filter ] --END-- [ RunTime:0.000000s ]
NOTIC: [8] Undefined index: children C:\phpStudy\PHPTutorial\WWW\shop\Application\Runtime\Cache\Home\795e274f7e0defaaba4ae5ed57f62a8c.php 第 167 行.
NOTIC: [2] Invalid argument supplied for foreach() C:\phpStudy\PHPTutorial\WWW\shop\Application\Runtime\Cache\Home\795e274f7e0defaaba4ae5ed57f62a8c.php 第 167 行.
NOTIC: [8] Undefined index: children C:\phpStudy\PHPTutorial\WWW\shop\Application\Runtime\Cache\Home\795e274f7e0defaaba4ae5ed57f62a8c.php 第 167 行.
NOTIC: [2] Invalid argument supplied for foreach() C:\phpStudy\PHPTutorial\WWW\shop\Application\Runtime\Cache\Home\795e274f7e0defaaba4ae5ed57f62a8c.php 第 167 行.
NOTIC: [8] Undefined index: children C:\phpStudy\PHPTutorial\WWW\shop\Application\Runtime\Cache\Home\795e274f7e0defaaba4ae5ed57f62a8c.php 第 167 行.
NOTIC: [2] Invalid argument supplied for foreach() C:\phpStudy\PHPTutorial\WWW\shop\Application\Runtime\Cache\Home\795e274f7e0defaaba4ae5ed57f62a8c.php 第 167 行.
NOTIC: [8] Undefined variable: info C:\phpStudy\PHPTutorial\WWW\shop\Application\Runtime\Cache\Home\795e274f7e0defaaba4ae5ed57f62a8c.php 第 324 行.
NOTIC: [8] Undefined variable: info C:\phpStudy\PHPTutorial\WWW\shop\Application\Runtime\Cache\Home\795e274f7e0defaaba4ae5ed57f62a8c.php 第 356 行.
NOTIC: [8] Undefined variable: info C:\phpStudy\PHPTutorial\WWW\shop\Application\Runtime\Cache\Home\795e274f7e0defaaba4ae5ed57f62a8c.php 第 357 行.
NOTIC: [8] Undefined variable: memberData C:\phpStudy\PHPTutorial\WWW\shop\Application\Runtime\Cache\Home\795e274f7e0defaaba4ae5ed57f62a8c.php 第 361 行.
NOTIC: [2] Invalid argument supplied for foreach() C:\phpStudy\PHPTutorial\WWW\shop\Application\Runtime\Cache\Home\795e274f7e0defaaba4ae5ed57f62a8c.php 第 361 行.
NOTIC: [8] Undefined variable: info C:\phpStudy\PHPTutorial\WWW\shop\Application\Runtime\Cache\Home\795e274f7e0defaaba4ae5ed57f62a8c.php 第 371 行.
INFO: Run Behavior\ParseTemplateBehavior [ RunTime:0.016001s ]
INFO: [ view_parse ] --END-- [ RunTime:0.016001s ]
INFO: [ view_filter ] --START--
INFO: Run Behavior\WriteHtmlCacheBehavior [ RunTime:0.001000s ]
INFO: [ view_filter ] --END-- [ RunTime:0.001000s ]
INFO: [ app_end ] --START--
INFO: Run Behavior\ShowPageTraceBehavior [ RunTime:0.001000s ]
INFO: [ app_end ] --END-- [ RunTime:0.001000s ]

