[ 2018-10-19T10:20:41+08:00 ] 127.0.0.1 /index.php/home
INFO: [ app_init ] --START--
INFO: Run Behavior\BuildLiteBehavior [ RunTime:0.000000s ]
INFO: [ app_init ] --END-- [ RunTime:0.001000s ]
INFO: [ app_begin ] --START--
INFO: Run Behavior\ReadHtmlCacheBehavior [ RunTime:0.001000s ]
INFO: [ app_begin ] --END-- [ RunTime:0.001000s ]
SQL: SHOW COLUMNS FROM `pan_good_category` [ RunTime:0.0060s ]
NOTIC: [8] unserialize(): Error at offset 0 of 3082 bytes C:\phpStudy\PHPTutorial\WWW\phpshop\ThinkPHP\Library\Think\Cache\Driver\File.class.php 第 104 行.
SQL: SELECT * FROM `pan_good_category`  [ RunTime:0.0010s ]
SQL: SHOW COLUMNS FROM `pan_member` [ RunTime:0.0050s ]
SQL: SHOW COLUMNS FROM `pan_goods` [ RunTime:0.0080s ]
SQL: SELECT * FROM `pan_goods` WHERE `is_on_sale` = '是' AND `promote_price` > 0 AND `promote_start_date` <= '2018-10-19 10:20' AND `promote_end_date` >= '2018-10-19 10:20' ORDER BY sort_num asc LIMIT 5   [ RunTime:0.0000s ]
SQL: SELECT * FROM `pan_goods` WHERE `is_on_sale` = '是' AND `is_new` = '是' ORDER BY sort_num asc LIMIT 5   [ RunTime:0.0010s ]
SQL: SELECT * FROM `pan_goods` WHERE `is_on_sale` = '是' AND `is_hot` = '是' ORDER BY sort_num asc LIMIT 5   [ RunTime:0.0000s ]
SQL: SELECT * FROM `pan_goods` WHERE `is_on_sale` = '是' AND `is_best` = '是' ORDER BY sort_num asc LIMIT 5   [ RunTime:0.0000s ]
NOTIC: [8] unserialize(): Error at offset 0 of 9011 bytes C:\phpStudy\PHPTutorial\WWW\phpshop\ThinkPHP\Library\Think\Cache\Driver\File.class.php 第 104 行.
SQL: SELECT * FROM `pan_good_category` WHERE `parent_id` = 0 AND `is_floor` = '是'  [ RunTime:0.0000s ]
SQL: SELECT * FROM `pan_good_category` WHERE `parent_id` = '1' AND `is_floor` = '否'  [ RunTime:0.0000s ]
SQL: SELECT * FROM `pan_good_category` WHERE `parent_id` = '1' AND `is_floor` = '是'  [ RunTime:0.0000s ]
SQL: SELECT * FROM `pan_good_category`  [ RunTime:0.0000s ]
SQL: SELECT `id` FROM `pan_goods` WHERE `category_id` IN ('22','17')  [ RunTime:0.0000s ]
SQL: SHOW COLUMNS FROM `pan_good_cat` [ RunTime:0.0060s ]
SQL: SELECT distinct good_id id FROM `pan_good_cat` WHERE `category_id` IN ('22','17')  [ RunTime:0.0010s ]
SQL: SELECT * FROM `pan_goods` WHERE `id` IN ('23','29','30','38','40') AND `is_on_sale` = '是' LIMIT 8   [ RunTime:0.0000s ]
SQL: SELECT * FROM `pan_good_category`  [ RunTime:0.0010s ]
SQL: SELECT `id` FROM `pan_goods` WHERE `category_id` IN ('25')  [ RunTime:0.0000s ]
SQL: SELECT distinct good_id id FROM `pan_good_cat` WHERE `category_id` IN ('25')  [ RunTime:0.0000s ]
SQL: SELECT * FROM `pan_goods` WHERE `id` IN ('40') AND `is_on_sale` = '是' LIMIT 8   [ RunTime:0.0000s ]
SQL: SELECT * FROM `pan_good_category`  [ RunTime:0.0000s ]
SQL: SELECT `id` FROM `pan_goods` WHERE `category_id` IN ('17','22','18','19','25','1')  [ RunTime:0.0000s ]
SQL: SELECT distinct good_id id FROM `pan_good_cat` WHERE `category_id` IN ('17','22','18','19','25','1')  [ RunTime:0.0010s ]
SQL: SELECT distinct b.* FROM pan_goods a left join pan_brand b on b.id=a.brand_id  WHERE a.id IN ('22','23','25','29','30','38','39','40') AND b.id > 0 LIMIT 9   [ RunTime:0.0010s ]
SQL: SELECT * FROM `pan_good_category` WHERE `parent_id` = '2' AND `is_floor` = '否'  [ RunTime:0.0010s ]
SQL: SELECT * FROM `pan_good_category` WHERE `parent_id` = '2' AND `is_floor` = '是'  [ RunTime:0.0000s ]
SQL: SELECT * FROM `pan_good_category`  [ RunTime:0.0000s ]
SQL: SELECT `id` FROM `pan_goods` WHERE `category_id` IN ('23')  [ RunTime:0.0000s ]
SQL: SELECT distinct good_id id FROM `pan_good_cat` WHERE `category_id` IN ('23')  [ RunTime:0.0000s ]
SQL: SELECT * FROM `pan_goods` WHERE `id` IN ('18') AND `is_on_sale` = '是' LIMIT 8   [ RunTime:0.0000s ]
SQL: SELECT * FROM `pan_good_category`  [ RunTime:0.0000s ]
SQL: SELECT `id` FROM `pan_goods` WHERE `category_id` IN ('24')  [ RunTime:0.0000s ]
SQL: SELECT distinct good_id id FROM `pan_good_cat` WHERE `category_id` IN ('24')  [ RunTime:0.0000s ]
SQL: SELECT * FROM `pan_goods` WHERE `id` IN ('15','17') AND `is_on_sale` = '是' LIMIT 8   [ RunTime:0.0000s ]
SQL: SELECT * FROM `pan_good_category`  [ RunTime:0.0010s ]
SQL: SELECT `id` FROM `pan_goods` WHERE `category_id` IN ('21','23','24','2')  [ RunTime:0.0000s ]
SQL: SELECT distinct good_id id FROM `pan_good_cat` WHERE `category_id` IN ('21','23','24','2')  [ RunTime:0.0000s ]
SQL: SELECT distinct b.* FROM pan_goods a left join pan_brand b on b.id=a.brand_id  WHERE a.id IN ('15','17','18','25','29','39') AND b.id > 0 LIMIT 9   [ RunTime:0.0010s ]
INFO: [ view_parse ] --START--
NOTIC: [2] file_get_contents(Common/help.html): failed to open stream: No such file or directory C:\phpStudy\PHPTutorial\WWW\phpshop\ThinkPHP\Library\Think\Template.class.php 第 696 行.
INFO: [ template_filter ] --START--
INFO: Run Behavior\ContentReplaceBehavior [ RunTime:0.000000s ]
INFO: [ template_filter ] --END-- [ RunTime:0.000000s ]
NOTIC: [8] Undefined index: children C:\phpStudy\PHPTutorial\WWW\phpshop\Application\Runtime\Cache\Home\2a94b8bda04ff446dcedd42276fc99ee.php 第 164 行.
NOTIC: [2] Invalid argument supplied for foreach() C:\phpStudy\PHPTutorial\WWW\phpshop\Application\Runtime\Cache\Home\2a94b8bda04ff446dcedd42276fc99ee.php 第 164 行.
NOTIC: [8] Undefined index: children C:\phpStudy\PHPTutorial\WWW\phpshop\Application\Runtime\Cache\Home\2a94b8bda04ff446dcedd42276fc99ee.php 第 164 行.
NOTIC: [2] Invalid argument supplied for foreach() C:\phpStudy\PHPTutorial\WWW\phpshop\Application\Runtime\Cache\Home\2a94b8bda04ff446dcedd42276fc99ee.php 第 164 行.
NOTIC: [8] Undefined index: children C:\phpStudy\PHPTutorial\WWW\phpshop\Application\Runtime\Cache\Home\2a94b8bda04ff446dcedd42276fc99ee.php 第 164 行.
NOTIC: [2] Invalid argument supplied for foreach() C:\phpStudy\PHPTutorial\WWW\phpshop\Application\Runtime\Cache\Home\2a94b8bda04ff446dcedd42276fc99ee.php 第 164 行.
NOTIC: [8] Undefined index: children C:\phpStudy\PHPTutorial\WWW\phpshop\Application\Runtime\Cache\Home\2a94b8bda04ff446dcedd42276fc99ee.php 第 164 行.
NOTIC: [2] Invalid argument supplied for foreach() C:\phpStudy\PHPTutorial\WWW\phpshop\Application\Runtime\Cache\Home\2a94b8bda04ff446dcedd42276fc99ee.php 第 164 行.
NOTIC: [8] Undefined index: children C:\phpStudy\PHPTutorial\WWW\phpshop\Application\Runtime\Cache\Home\2a94b8bda04ff446dcedd42276fc99ee.php 第 164 行.
NOTIC: [2] Invalid argument supplied for foreach() C:\phpStudy\PHPTutorial\WWW\phpshop\Application\Runtime\Cache\Home\2a94b8bda04ff446dcedd42276fc99ee.php 第 164 行.
NOTIC: [8] Undefined index: children C:\phpStudy\PHPTutorial\WWW\phpshop\Application\Runtime\Cache\Home\2a94b8bda04ff446dcedd42276fc99ee.php 第 164 行.
NOTIC: [2] Invalid argument supplied for foreach() C:\phpStudy\PHPTutorial\WWW\phpshop\Application\Runtime\Cache\Home\2a94b8bda04ff446dcedd42276fc99ee.php 第 164 行.
NOTIC: [8] Undefined index: children C:\phpStudy\PHPTutorial\WWW\phpshop\Application\Runtime\Cache\Home\2a94b8bda04ff446dcedd42276fc99ee.php 第 160 行.
NOTIC: [2] Invalid argument supplied for foreach() C:\phpStudy\PHPTutorial\WWW\phpshop\Application\Runtime\Cache\Home\2a94b8bda04ff446dcedd42276fc99ee.php 第 160 行.
NOTIC: [8] Undefined index: children C:\phpStudy\PHPTutorial\WWW\phpshop\Application\Runtime\Cache\Home\2a94b8bda04ff446dcedd42276fc99ee.php 第 160 行.
NOTIC: [2] Invalid argument supplied for foreach() C:\phpStudy\PHPTutorial\WWW\phpshop\Application\Runtime\Cache\Home\2a94b8bda04ff446dcedd42276fc99ee.php 第 160 行.
NOTIC: [8] Undefined index: children C:\phpStudy\PHPTutorial\WWW\phpshop\Application\Runtime\Cache\Home\2a94b8bda04ff446dcedd42276fc99ee.php 第 160 行.
NOTIC: [2] Invalid argument supplied for foreach() C:\phpStudy\PHPTutorial\WWW\phpshop\Application\Runtime\Cache\Home\2a94b8bda04ff446dcedd42276fc99ee.php 第 160 行.
NOTIC: [8] Undefined index: children C:\phpStudy\PHPTutorial\WWW\phpshop\Application\Runtime\Cache\Home\2a94b8bda04ff446dcedd42276fc99ee.php 第 160 行.
NOTIC: [2] Invalid argument supplied for foreach() C:\phpStudy\PHPTutorial\WWW\phpshop\Application\Runtime\Cache\Home\2a94b8bda04ff446dcedd42276fc99ee.php 第 160 行.
NOTIC: [8] Undefined index: children C:\phpStudy\PHPTutorial\WWW\phpshop\Application\Runtime\Cache\Home\2a94b8bda04ff446dcedd42276fc99ee.php 第 160 行.
NOTIC: [2] Invalid argument supplied for foreach() C:\phpStudy\PHPTutorial\WWW\phpshop\Application\Runtime\Cache\Home\2a94b8bda04ff446dcedd42276fc99ee.php 第 160 行.
NOTIC: [8] Undefined index: children C:\phpStudy\PHPTutorial\WWW\phpshop\Application\Runtime\Cache\Home\2a94b8bda04ff446dcedd42276fc99ee.php 第 160 行.
NOTIC: [2] Invalid argument supplied for foreach() C:\phpStudy\PHPTutorial\WWW\phpshop\Application\Runtime\Cache\Home\2a94b8bda04ff446dcedd42276fc99ee.php 第 160 行.
NOTIC: [8] Undefined index: children C:\phpStudy\PHPTutorial\WWW\phpshop\Application\Runtime\Cache\Home\2a94b8bda04ff446dcedd42276fc99ee.php 第 160 行.
NOTIC: [2] Invalid argument supplied for foreach() C:\phpStudy\PHPTutorial\WWW\phpshop\Application\Runtime\Cache\Home\2a94b8bda04ff446dcedd42276fc99ee.php 第 160 行.
NOTIC: [8] Undefined index: children C:\phpStudy\PHPTutorial\WWW\phpshop\Application\Runtime\Cache\Home\2a94b8bda04ff446dcedd42276fc99ee.php 第 160 行.
NOTIC: [2] Invalid argument supplied for foreach() C:\phpStudy\PHPTutorial\WWW\phpshop\Application\Runtime\Cache\Home\2a94b8bda04ff446dcedd42276fc99ee.php 第 160 行.
NOTIC: [8] Undefined index: children C:\phpStudy\PHPTutorial\WWW\phpshop\Application\Runtime\Cache\Home\2a94b8bda04ff446dcedd42276fc99ee.php 第 160 行.
NOTIC: [2] Invalid argument supplied for foreach() C:\phpStudy\PHPTutorial\WWW\phpshop\Application\Runtime\Cache\Home\2a94b8bda04ff446dcedd42276fc99ee.php 第 160 行.
NOTIC: [8] Undefined index: children C:\phpStudy\PHPTutorial\WWW\phpshop\Application\Runtime\Cache\Home\2a94b8bda04ff446dcedd42276fc99ee.php 第 160 行.
NOTIC: [2] Invalid argument supplied for foreach() C:\phpStudy\PHPTutorial\WWW\phpshop\Application\Runtime\Cache\Home\2a94b8bda04ff446dcedd42276fc99ee.php 第 160 行.
NOTIC: [8] Undefined index: children C:\phpStudy\PHPTutorial\WWW\phpshop\Application\Runtime\Cache\Home\2a94b8bda04ff446dcedd42276fc99ee.php 第 160 行.
NOTIC: [2] Invalid argument supplied for foreach() C:\phpStudy\PHPTutorial\WWW\phpshop\Application\Runtime\Cache\Home\2a94b8bda04ff446dcedd42276fc99ee.php 第 160 行.
INFO: Run Behavior\ParseTemplateBehavior [ RunTime:0.013000s ]
INFO: [ view_parse ] --END-- [ RunTime:0.014000s ]
INFO: [ view_filter ] --START--
INFO: Run Behavior\WriteHtmlCacheBehavior [ RunTime:0.000000s ]
INFO: [ view_filter ] --END-- [ RunTime:0.000000s ]
INFO: [ app_end ] --START--
INFO: Run Behavior\ShowPageTraceBehavior [ RunTime:0.000000s ]
INFO: [ app_end ] --END-- [ RunTime:0.001001s ]

[ 2018-10-19T10:20:41+08:00 ] 127.0.0.1 /index.php/Home/Member/ajaxChkLogin
INFO: [ app_init ] --START--
INFO: Run Behavior\BuildLiteBehavior [ RunTime:0.000000s ]
INFO: [ app_init ] --END-- [ RunTime:0.000000s ]
INFO: [ app_begin ] --START--
INFO: Run Behavior\ReadHtmlCacheBehavior [ RunTime:0.001000s ]
INFO: [ app_begin ] --END-- [ RunTime:0.001000s ]
INFO: [ app_end ] --START--
INFO: Run Behavior\ShowPageTraceBehavior [ RunTime:0.001000s ]
INFO: [ app_end ] --END-- [ RunTime:0.001000s ]

[ 2018-10-19T10:20:41+08:00 ] 127.0.0.1 /index.php/Home/Cart/ajaxCarCount
INFO: [ app_init ] --START--
INFO: Run Behavior\BuildLiteBehavior [ RunTime:0.000000s ]
INFO: [ app_init ] --END-- [ RunTime:0.001000s ]
INFO: [ app_begin ] --START--
INFO: Run Behavior\ReadHtmlCacheBehavior [ RunTime:0.001000s ]
INFO: [ app_begin ] --END-- [ RunTime:0.001000s ]
NOTIC: [2048] Declaration of Home\Model\CartModel::add() should be compatible with Think\Model::add($data = '', $options = Array, $replace = false) C:\phpStudy\PHPTutorial\WWW\phpshop\Application\Home\Model\CartModel.class.php 第 5 行.
SQL: SHOW COLUMNS FROM `pan_cart` [ RunTime:0.0050s ]
INFO: [ app_end ] --START--
INFO: Run Behavior\ShowPageTraceBehavior [ RunTime:0.001000s ]
INFO: [ app_end ] --END-- [ RunTime:0.001000s ]

[ 2018-10-19T10:20:45+08:00 ] 127.0.0.1 /index.php/Home/Cart/ajaxCarList
INFO: [ app_init ] --START--
INFO: Run Behavior\BuildLiteBehavior [ RunTime:0.000000s ]
INFO: [ app_init ] --END-- [ RunTime:0.001000s ]
INFO: [ app_begin ] --START--
INFO: Run Behavior\ReadHtmlCacheBehavior [ RunTime:0.001000s ]
INFO: [ app_begin ] --END-- [ RunTime:0.001000s ]
NOTIC: [2048] Declaration of Home\Model\CartModel::add() should be compatible with Think\Model::add($data = '', $options = Array, $replace = false) C:\phpStudy\PHPTutorial\WWW\phpshop\Application\Home\Model\CartModel.class.php 第 5 行.
SQL: SHOW COLUMNS FROM `pan_cart` [ RunTime:0.0050s ]
SQL: SHOW COLUMNS FROM `pan_goods` [ RunTime:0.0060s ]
SQL: SHOW COLUMNS FROM `pan_shangpin_attr` [ RunTime:0.0090s ]
INFO: [ app_end ] --START--
INFO: Run Behavior\ShowPageTraceBehavior [ RunTime:0.001000s ]
INFO: [ app_end ] --END-- [ RunTime:0.001000s ]

[ 2018-10-19T10:20:45+08:00 ] 127.0.0.1 /index.php/Home/Cart/lst
INFO: [ app_init ] --START--
INFO: Run Behavior\BuildLiteBehavior [ RunTime:0.000000s ]
INFO: [ app_init ] --END-- [ RunTime:0.000000s ]
INFO: [ app_begin ] --START--
INFO: Run Behavior\ReadHtmlCacheBehavior [ RunTime:0.001000s ]
INFO: [ app_begin ] --END-- [ RunTime:0.001000s ]

[ 2018-10-19T10:20:45+08:00 ] 127.0.0.1 /index.php/Home/member/login.html
INFO: [ app_init ] --START--
INFO: Run Behavior\BuildLiteBehavior [ RunTime:0.000000s ]
INFO: [ app_init ] --END-- [ RunTime:0.001000s ]
INFO: [ app_begin ] --START--
INFO: Run Behavior\ReadHtmlCacheBehavior [ RunTime:0.001000s ]
INFO: [ app_begin ] --END-- [ RunTime:0.001000s ]
INFO: [ view_parse ] --START--
INFO: [ template_filter ] --START--
INFO: Run Behavior\ContentReplaceBehavior [ RunTime:0.000000s ]
INFO: [ template_filter ] --END-- [ RunTime:0.000000s ]
INFO: Run Behavior\ParseTemplateBehavior [ RunTime:0.009001s ]
INFO: [ view_parse ] --END-- [ RunTime:0.009001s ]
INFO: [ view_filter ] --START--
INFO: Run Behavior\WriteHtmlCacheBehavior [ RunTime:0.001000s ]
INFO: [ view_filter ] --END-- [ RunTime:0.001000s ]
INFO: [ app_end ] --START--
INFO: Run Behavior\ShowPageTraceBehavior [ RunTime:0.001000s ]
INFO: [ app_end ] --END-- [ RunTime:0.001000s ]

[ 2018-10-19T10:20:45+08:00 ] 127.0.0.1 /index.php/Home/Member/chkcode.html
INFO: [ app_init ] --START--
INFO: Run Behavior\BuildLiteBehavior [ RunTime:0.000000s ]
INFO: [ app_init ] --END-- [ RunTime:0.000000s ]
INFO: [ app_begin ] --START--
INFO: Run Behavior\ReadHtmlCacheBehavior [ RunTime:0.000000s ]
INFO: [ app_begin ] --END-- [ RunTime:0.000000s ]
INFO: [ app_end ] --START--
INFO: Run Behavior\ShowPageTraceBehavior [ RunTime:0.001000s ]
INFO: [ app_end ] --END-- [ RunTime:0.001000s ]

[ 2018-10-19T10:20:45+08:00 ] 127.0.0.1 /index.php/Home/Member/ajaxChkLogin
INFO: [ app_init ] --START--
INFO: Run Behavior\BuildLiteBehavior [ RunTime:0.000000s ]
INFO: [ app_init ] --END-- [ RunTime:0.001000s ]
INFO: [ app_begin ] --START--
INFO: Run Behavior\ReadHtmlCacheBehavior [ RunTime:0.000000s ]
INFO: [ app_begin ] --END-- [ RunTime:0.001000s ]
INFO: [ app_end ] --START--
INFO: Run Behavior\ShowPageTraceBehavior [ RunTime:0.001000s ]
INFO: [ app_end ] --END-- [ RunTime:0.001000s ]

[ 2018-10-19T10:20:53+08:00 ] 127.0.0.1 /index.php/Home/Member/chkcode.html
INFO: [ app_init ] --START--
INFO: Run Behavior\BuildLiteBehavior [ RunTime:0.000000s ]
INFO: [ app_init ] --END-- [ RunTime:0.000000s ]
INFO: [ app_begin ] --START--
INFO: Run Behavior\ReadHtmlCacheBehavior [ RunTime:0.002000s ]
INFO: [ app_begin ] --END-- [ RunTime:0.002000s ]
INFO: [ app_end ] --START--
INFO: Run Behavior\ShowPageTraceBehavior [ RunTime:0.001000s ]
INFO: [ app_end ] --END-- [ RunTime:0.001000s ]

[ 2018-10-19T10:20:57+08:00 ] 127.0.0.1 /index.php/Home/Member/ajaxLogin
INFO: [ app_init ] --START--
INFO: Run Behavior\BuildLiteBehavior [ RunTime:0.000000s ]
INFO: [ app_init ] --END-- [ RunTime:0.001000s ]
INFO: [ app_begin ] --START--
INFO: Run Behavior\ReadHtmlCacheBehavior [ RunTime:0.001000s ]
INFO: [ app_begin ] --END-- [ RunTime:0.001000s ]
SQL: SHOW COLUMNS FROM `pan_member` [ RunTime:0.0030s ]
SQL: SELECT * FROM `pan_member` WHERE `username` = 'pb1987pb' LIMIT 1   [ RunTime:0.0000s ]
SQL: SHOW COLUMNS FROM `pan_member_level` [ RunTime:0.0050s ]
SQL: SELECT `id` FROM `pan_member_level` WHERE `jifen_bottom` <= '6000' AND `jifen_top` >= '6000' LIMIT 1   [ RunTime:0.0000s ]
NOTIC: [2048] Declaration of Home\Model\CartModel::add() should be compatible with Think\Model::add($data = '', $options = Array, $replace = false) C:\phpStudy\PHPTutorial\WWW\phpshop\Application\Home\Model\CartModel.class.php 第 326 行.
SQL: SHOW COLUMNS FROM `pan_cart` [ RunTime:0.0030s ]

[ 2018-10-19T10:20:57+08:00 ] 127.0.0.1 /index.php/Home/Cart/lst.html
INFO: [ app_init ] --START--
INFO: Run Behavior\BuildLiteBehavior [ RunTime:0.000000s ]
INFO: [ app_init ] --END-- [ RunTime:0.001000s ]
INFO: [ app_begin ] --START--
INFO: Run Behavior\ReadHtmlCacheBehavior [ RunTime:0.001000s ]
INFO: [ app_begin ] --END-- [ RunTime:0.001000s ]
NOTIC: [2048] Declaration of Home\Model\CartModel::add() should be compatible with Think\Model::add($data = '', $options = Array, $replace = false) C:\phpStudy\PHPTutorial\WWW\phpshop\Application\Home\Model\CartModel.class.php 第 5 行.
SQL: SHOW COLUMNS FROM `pan_cart` [ RunTime:0.0040s ]
SQL: SELECT * FROM `pan_cart` WHERE `member_id` = '10'  [ RunTime:0.0000s ]
SQL: SHOW COLUMNS FROM `pan_goods` [ RunTime:0.0040s ]
SQL: SHOW COLUMNS FROM `pan_shangpin_attr` [ RunTime:0.0030s ]
SQL: SELECT * FROM `pan_goods` WHERE `id` = '40' LIMIT 1   [ RunTime:0.0010s ]
SQL: SELECT `promote_price` FROM `pan_goods` WHERE `id` = '40' AND `promote_price` > 0 AND `promote_start_date` <= '2018-10-19 10:20' AND `promote_end_date` >= '2018-10-19 10:20' LIMIT 1   [ RunTime:0.0000s ]
SQL: SELECT `shop_price` FROM `pan_goods` WHERE `id` = 40 LIMIT 1   [ RunTime:0.0000s ]
SQL: SHOW COLUMNS FROM `pan_member_price` [ RunTime:0.0050s ]
SQL: SELECT `price` FROM `pan_member_price` WHERE `good_id` = '40' AND `level_id` = '2' LIMIT 1   [ RunTime:0.0000s ]
SQL: SELECT a.*,b.attr_name FROM pan_shangpin_attr a left join pan_good_attr b on b.id =a.attr_id  WHERE a.id IN ('95','99')  [ RunTime:0.0030s ]
SQL: SELECT * FROM `pan_goods` WHERE `id` = '38' LIMIT 1   [ RunTime:0.0000s ]
SQL: SELECT `promote_price` FROM `pan_goods` WHERE `id` = '38' AND `promote_price` > 0 AND `promote_start_date` <= '2018-10-19 10:20' AND `promote_end_date` >= '2018-10-19 10:20' LIMIT 1   [ RunTime:0.0010s ]
SQL: SELECT `shop_price` FROM `pan_goods` WHERE `id` = 38 LIMIT 1   [ RunTime:0.0000s ]
SQL: SELECT `price` FROM `pan_member_price` WHERE `good_id` = '38' AND `level_id` = '2' LIMIT 1   [ RunTime:0.0000s ]
SQL: SELECT a.*,b.attr_name FROM pan_shangpin_attr a left join pan_good_attr b on b.id =a.attr_id  WHERE a.id IN ('59','64')  [ RunTime:0.0000s ]
INFO: [ view_parse ] --START--
INFO: [ template_filter ] --START--
INFO: Run Behavior\ContentReplaceBehavior [ RunTime:0.000000s ]
INFO: [ template_filter ] --END-- [ RunTime:0.000000s ]
NOTIC: [8] Use of undefined constant mycar - assumed 'mycar' C:\phpStudy\PHPTutorial\WWW\phpshop\Application\Runtime\Cache\Home\ad731cb508cb3d23cea25bb6848941ce.php 第 66 行.
NOTIC: [8] Use of undefined constant mycar - assumed 'mycar' C:\phpStudy\PHPTutorial\WWW\phpshop\Application\Runtime\Cache\Home\ad731cb508cb3d23cea25bb6848941ce.php 第 69 行.
NOTIC: [8] Use of undefined constant mycar - assumed 'mycar' C:\phpStudy\PHPTutorial\WWW\phpshop\Application\Runtime\Cache\Home\ad731cb508cb3d23cea25bb6848941ce.php 第 70 行.
NOTIC: [8] Use of undefined constant mycar - assumed 'mycar' C:\phpStudy\PHPTutorial\WWW\phpshop\Application\Runtime\Cache\Home\ad731cb508cb3d23cea25bb6848941ce.php 第 71 行.
INFO: Run Behavior\ParseTemplateBehavior [ RunTime:0.010001s ]
INFO: [ view_parse ] --END-- [ RunTime:0.010001s ]
INFO: [ view_filter ] --START--
INFO: Run Behavior\WriteHtmlCacheBehavior [ RunTime:0.001000s ]
INFO: [ view_filter ] --END-- [ RunTime:0.001000s ]
INFO: [ app_end ] --START--
INFO: Run Behavior\ShowPageTraceBehavior [ RunTime:0.001000s ]
INFO: [ app_end ] --END-- [ RunTime:0.001000s ]

[ 2018-10-19T10:20:57+08:00 ] 127.0.0.1 /index.php/Home/Member/ajaxChkLogin
INFO: [ app_init ] --START--
INFO: Run Behavior\BuildLiteBehavior [ RunTime:0.000000s ]
INFO: [ app_init ] --END-- [ RunTime:0.000000s ]
INFO: [ app_begin ] --START--
INFO: Run Behavior\ReadHtmlCacheBehavior [ RunTime:0.001000s ]
INFO: [ app_begin ] --END-- [ RunTime:0.001000s ]
INFO: [ app_end ] --START--
INFO: Run Behavior\ShowPageTraceBehavior [ RunTime:0.001000s ]
INFO: [ app_end ] --END-- [ RunTime:0.001000s ]

[ 2018-10-19T11:22:57+08:00 ] 127.0.0.1 /index.php/Home/Cart/lst.html
INFO: [ app_init ] --START--
INFO: Run Behavior\BuildLiteBehavior [ RunTime:0.000000s ]
INFO: [ app_init ] --END-- [ RunTime:0.001000s ]
INFO: [ app_begin ] --START--
INFO: Run Behavior\ReadHtmlCacheBehavior [ RunTime:0.001000s ]
INFO: [ app_begin ] --END-- [ RunTime:0.002000s ]
NOTIC: [2048] Declaration of Home\Model\CartModel::add() should be compatible with Think\Model::add($data = '', $options = Array, $replace = false) C:\phpStudy\PHPTutorial\WWW\phpshop\Application\Home\Model\CartModel.class.php 第 5 行.
SQL: SHOW COLUMNS FROM `pan_cart` [ RunTime:0.0100s ]
SQL: SELECT * FROM `pan_cart` WHERE `member_id` = '10'  [ RunTime:0.0010s ]
SQL: SHOW COLUMNS FROM `pan_goods` [ RunTime:0.0140s ]
SQL: SHOW COLUMNS FROM `pan_shangpin_attr` [ RunTime:0.0070s ]
SQL: SELECT * FROM `pan_goods` WHERE `id` = '40' LIMIT 1   [ RunTime:0.0010s ]
SQL: SELECT `promote_price` FROM `pan_goods` WHERE `id` = '40' AND `promote_price` > 0 AND `promote_start_date` <= '2018-10-19 11:22' AND `promote_end_date` >= '2018-10-19 11:22' LIMIT 1   [ RunTime:0.0000s ]
SQL: SELECT `shop_price` FROM `pan_goods` WHERE `id` = 40 LIMIT 1   [ RunTime:0.0000s ]
SQL: SHOW COLUMNS FROM `pan_member_price` [ RunTime:0.0070s ]
SQL: SELECT `price` FROM `pan_member_price` WHERE `good_id` = '40' AND `level_id` = '2' LIMIT 1   [ RunTime:0.0000s ]
SQL: SELECT a.*,b.attr_name FROM pan_shangpin_attr a left join pan_good_attr b on b.id =a.attr_id  WHERE a.id IN ('95','99')  [ RunTime:0.0010s ]
SQL: SELECT * FROM `pan_goods` WHERE `id` = '38' LIMIT 1   [ RunTime:0.0000s ]
SQL: SELECT `promote_price` FROM `pan_goods` WHERE `id` = '38' AND `promote_price` > 0 AND `promote_start_date` <= '2018-10-19 11:22' AND `promote_end_date` >= '2018-10-19 11:22' LIMIT 1   [ RunTime:0.0000s ]
SQL: SELECT `shop_price` FROM `pan_goods` WHERE `id` = 38 LIMIT 1   [ RunTime:0.0000s ]
SQL: SELECT `price` FROM `pan_member_price` WHERE `good_id` = '38' AND `level_id` = '2' LIMIT 1   [ RunTime:0.0000s ]
SQL: SELECT a.*,b.attr_name FROM pan_shangpin_attr a left join pan_good_attr b on b.id =a.attr_id  WHERE a.id IN ('59','64')  [ RunTime:0.0010s ]
INFO: [ view_parse ] --START--
INFO: [ template_filter ] --START--
INFO: Run Behavior\ContentReplaceBehavior [ RunTime:0.000000s ]
INFO: [ template_filter ] --END-- [ RunTime:0.000000s ]
NOTIC: [8] Use of undefined constant mycar - assumed 'mycar' C:\phpStudy\PHPTutorial\WWW\phpshop\Application\Runtime\Cache\Home\ad731cb508cb3d23cea25bb6848941ce.php 第 66 行.
NOTIC: [8] Use of undefined constant mycar - assumed 'mycar' C:\phpStudy\PHPTutorial\WWW\phpshop\Application\Runtime\Cache\Home\ad731cb508cb3d23cea25bb6848941ce.php 第 69 行.
NOTIC: [8] Use of undefined constant mycar - assumed 'mycar' C:\phpStudy\PHPTutorial\WWW\phpshop\Application\Runtime\Cache\Home\ad731cb508cb3d23cea25bb6848941ce.php 第 70 行.
NOTIC: [8] Use of undefined constant mycar - assumed 'mycar' C:\phpStudy\PHPTutorial\WWW\phpshop\Application\Runtime\Cache\Home\ad731cb508cb3d23cea25bb6848941ce.php 第 71 行.
INFO: Run Behavior\ParseTemplateBehavior [ RunTime:0.010000s ]
INFO: [ view_parse ] --END-- [ RunTime:0.010000s ]
INFO: [ view_filter ] --START--
INFO: Run Behavior\WriteHtmlCacheBehavior [ RunTime:0.000000s ]
INFO: [ view_filter ] --END-- [ RunTime:0.000000s ]
INFO: [ app_end ] --START--
INFO: Run Behavior\ShowPageTraceBehavior [ RunTime:0.001000s ]
INFO: [ app_end ] --END-- [ RunTime:0.001000s ]

[ 2018-10-19T11:22:57+08:00 ] 127.0.0.1 /index.php/Home/Member/ajaxChkLogin
INFO: [ app_init ] --START--
INFO: Run Behavior\BuildLiteBehavior [ RunTime:0.000000s ]
INFO: [ app_init ] --END-- [ RunTime:0.000000s ]
INFO: [ app_begin ] --START--
INFO: Run Behavior\ReadHtmlCacheBehavior [ RunTime:0.001000s ]
INFO: [ app_begin ] --END-- [ RunTime:0.001000s ]
INFO: [ app_end ] --START--
INFO: Run Behavior\ShowPageTraceBehavior [ RunTime:0.001000s ]
INFO: [ app_end ] --END-- [ RunTime:0.001000s ]

[ 2018-10-19T11:23:00+08:00 ] 127.0.0.1 /
INFO: [ app_init ] --START--
INFO: Run Behavior\BuildLiteBehavior [ RunTime:0.000000s ]
INFO: [ app_init ] --END-- [ RunTime:0.001000s ]
INFO: [ app_begin ] --START--
INFO: Run Behavior\ReadHtmlCacheBehavior [ RunTime:0.001000s ]
INFO: [ app_begin ] --END-- [ RunTime:0.001000s ]
SQL: SHOW COLUMNS FROM `pan_good_category` [ RunTime:0.0060s ]
SQL: SHOW COLUMNS FROM `pan_member` [ RunTime:0.0060s ]
SQL: SHOW COLUMNS FROM `pan_goods` [ RunTime:0.0040s ]
SQL: SELECT * FROM `pan_goods` WHERE `is_on_sale` = '是' AND `promote_price` > 0 AND `promote_start_date` <= '2018-10-19 11:23' AND `promote_end_date` >= '2018-10-19 11:23' ORDER BY sort_num asc LIMIT 5   [ RunTime:0.0010s ]
SQL: SELECT * FROM `pan_goods` WHERE `is_on_sale` = '是' AND `is_new` = '是' ORDER BY sort_num asc LIMIT 5   [ RunTime:0.0000s ]
SQL: SELECT * FROM `pan_goods` WHERE `is_on_sale` = '是' AND `is_hot` = '是' ORDER BY sort_num asc LIMIT 5   [ RunTime:0.0000s ]
SQL: SELECT * FROM `pan_goods` WHERE `is_on_sale` = '是' AND `is_best` = '是' ORDER BY sort_num asc LIMIT 5   [ RunTime:0.0000s ]
INFO: [ view_parse ] --START--
NOTIC: [2] file_get_contents(Common/help.html): failed to open stream: No such file or directory C:\phpStudy\PHPTutorial\WWW\phpshop\ThinkPHP\Library\Think\Template.class.php 第 696 行.
INFO: [ template_filter ] --START--
INFO: Run Behavior\ContentReplaceBehavior [ RunTime:0.000000s ]
INFO: [ template_filter ] --END-- [ RunTime:0.000000s ]
NOTIC: [8] Undefined index: children C:\phpStudy\PHPTutorial\WWW\phpshop\Application\Runtime\Cache\Home\2a94b8bda04ff446dcedd42276fc99ee.php 第 164 行.
NOTIC: [2] Invalid argument supplied for foreach() C:\phpStudy\PHPTutorial\WWW\phpshop\Application\Runtime\Cache\Home\2a94b8bda04ff446dcedd42276fc99ee.php 第 164 行.
NOTIC: [8] Undefined index: children C:\phpStudy\PHPTutorial\WWW\phpshop\Application\Runtime\Cache\Home\2a94b8bda04ff446dcedd42276fc99ee.php 第 164 行.
NOTIC: [2] Invalid argument supplied for foreach() C:\phpStudy\PHPTutorial\WWW\phpshop\Application\Runtime\Cache\Home\2a94b8bda04ff446dcedd42276fc99ee.php 第 164 行.
NOTIC: [8] Undefined index: children C:\phpStudy\PHPTutorial\WWW\phpshop\Application\Runtime\Cache\Home\2a94b8bda04ff446dcedd42276fc99ee.php 第 164 行.
NOTIC: [2] Invalid argument supplied for foreach() C:\phpStudy\PHPTutorial\WWW\phpshop\Application\Runtime\Cache\Home\2a94b8bda04ff446dcedd42276fc99ee.php 第 164 行.
NOTIC: [8] Undefined index: children C:\phpStudy\PHPTutorial\WWW\phpshop\Application\Runtime\Cache\Home\2a94b8bda04ff446dcedd42276fc99ee.php 第 164 行.
NOTIC: [2] Invalid argument supplied for foreach() C:\phpStudy\PHPTutorial\WWW\phpshop\Application\Runtime\Cache\Home\2a94b8bda04ff446dcedd42276fc99ee.php 第 164 行.
NOTIC: [8] Undefined index: children C:\phpStudy\PHPTutorial\WWW\phpshop\Application\Runtime\Cache\Home\2a94b8bda04ff446dcedd42276fc99ee.php 第 164 行.
NOTIC: [2] Invalid argument supplied for foreach() C:\phpStudy\PHPTutorial\WWW\phpshop\Application\Runtime\Cache\Home\2a94b8bda04ff446dcedd42276fc99ee.php 第 164 行.
NOTIC: [8] Undefined index: children C:\phpStudy\PHPTutorial\WWW\phpshop\Application\Runtime\Cache\Home\2a94b8bda04ff446dcedd42276fc99ee.php 第 164 行.
NOTIC: [2] Invalid argument supplied for foreach() C:\phpStudy\PHPTutorial\WWW\phpshop\Application\Runtime\Cache\Home\2a94b8bda04ff446dcedd42276fc99ee.php 第 164 行.
NOTIC: [8] Undefined index: children C:\phpStudy\PHPTutorial\WWW\phpshop\Application\Runtime\Cache\Home\2a94b8bda04ff446dcedd42276fc99ee.php 第 160 行.
NOTIC: [2] Invalid argument supplied for foreach() C:\phpStudy\PHPTutorial\WWW\phpshop\Application\Runtime\Cache\Home\2a94b8bda04ff446dcedd42276fc99ee.php 第 160 行.
NOTIC: [8] Undefined index: children C:\phpStudy\PHPTutorial\WWW\phpshop\Application\Runtime\Cache\Home\2a94b8bda04ff446dcedd42276fc99ee.php 第 160 行.
NOTIC: [2] Invalid argument supplied for foreach() C:\phpStudy\PHPTutorial\WWW\phpshop\Application\Runtime\Cache\Home\2a94b8bda04ff446dcedd42276fc99ee.php 第 160 行.
NOTIC: [8] Undefined index: children C:\phpStudy\PHPTutorial\WWW\phpshop\Application\Runtime\Cache\Home\2a94b8bda04ff446dcedd42276fc99ee.php 第 160 行.
NOTIC: [2] Invalid argument supplied for foreach() C:\phpStudy\PHPTutorial\WWW\phpshop\Application\Runtime\Cache\Home\2a94b8bda04ff446dcedd42276fc99ee.php 第 160 行.
NOTIC: [8] Undefined index: children C:\phpStudy\PHPTutorial\WWW\phpshop\Application\Runtime\Cache\Home\2a94b8bda04ff446dcedd42276fc99ee.php 第 160 行.
NOTIC: [2] Invalid argument supplied for foreach() C:\phpStudy\PHPTutorial\WWW\phpshop\Application\Runtime\Cache\Home\2a94b8bda04ff446dcedd42276fc99ee.php 第 160 行.
NOTIC: [8] Undefined index: children C:\phpStudy\PHPTutorial\WWW\phpshop\Application\Runtime\Cache\Home\2a94b8bda04ff446dcedd42276fc99ee.php 第 160 行.
NOTIC: [2] Invalid argument supplied for foreach() C:\phpStudy\PHPTutorial\WWW\phpshop\Application\Runtime\Cache\Home\2a94b8bda04ff446dcedd42276fc99ee.php 第 160 行.
NOTIC: [8] Undefined index: children C:\phpStudy\PHPTutorial\WWW\phpshop\Application\Runtime\Cache\Home\2a94b8bda04ff446dcedd42276fc99ee.php 第 160 行.
NOTIC: [2] Invalid argument supplied for foreach() C:\phpStudy\PHPTutorial\WWW\phpshop\Application\Runtime\Cache\Home\2a94b8bda04ff446dcedd42276fc99ee.php 第 160 行.
NOTIC: [8] Undefined index: children C:\phpStudy\PHPTutorial\WWW\phpshop\Application\Runtime\Cache\Home\2a94b8bda04ff446dcedd42276fc99ee.php 第 160 行.
NOTIC: [2] Invalid argument supplied for foreach() C:\phpStudy\PHPTutorial\WWW\phpshop\Application\Runtime\Cache\Home\2a94b8bda04ff446dcedd42276fc99ee.php 第 160 行.
NOTIC: [8] Undefined index: children C:\phpStudy\PHPTutorial\WWW\phpshop\Application\Runtime\Cache\Home\2a94b8bda04ff446dcedd42276fc99ee.php 第 160 行.
NOTIC: [2] Invalid argument supplied for foreach() C:\phpStudy\PHPTutorial\WWW\phpshop\Application\Runtime\Cache\Home\2a94b8bda04ff446dcedd42276fc99ee.php 第 160 行.
NOTIC: [8] Undefined index: children C:\phpStudy\PHPTutorial\WWW\phpshop\Application\Runtime\Cache\Home\2a94b8bda04ff446dcedd42276fc99ee.php 第 160 行.
NOTIC: [2] Invalid argument supplied for foreach() C:\phpStudy\PHPTutorial\WWW\phpshop\Application\Runtime\Cache\Home\2a94b8bda04ff446dcedd42276fc99ee.php 第 160 行.
NOTIC: [8] Undefined index: children C:\phpStudy\PHPTutorial\WWW\phpshop\Application\Runtime\Cache\Home\2a94b8bda04ff446dcedd42276fc99ee.php 第 160 行.
NOTIC: [2] Invalid argument supplied for foreach() C:\phpStudy\PHPTutorial\WWW\phpshop\Application\Runtime\Cache\Home\2a94b8bda04ff446dcedd42276fc99ee.php 第 160 行.
NOTIC: [8] Undefined index: children C:\phpStudy\PHPTutorial\WWW\phpshop\Application\Runtime\Cache\Home\2a94b8bda04ff446dcedd42276fc99ee.php 第 160 行.
NOTIC: [2] Invalid argument supplied for foreach() C:\phpStudy\PHPTutorial\WWW\phpshop\Application\Runtime\Cache\Home\2a94b8bda04ff446dcedd42276fc99ee.php 第 160 行.
INFO: Run Behavior\ParseTemplateBehavior [ RunTime:0.015001s ]
INFO: [ view_parse ] --END-- [ RunTime:0.015001s ]
INFO: [ view_filter ] --START--
INFO: Run Behavior\WriteHtmlCacheBehavior [ RunTime:0.000000s ]
INFO: [ view_filter ] --END-- [ RunTime:0.000000s ]
INFO: [ app_end ] --START--
INFO: Run Behavior\ShowPageTraceBehavior [ RunTime:0.000000s ]
INFO: [ app_end ] --END-- [ RunTime:0.000000s ]

[ 2018-10-19T11:23:00+08:00 ] 127.0.0.1 /index.php/Home/Member/ajaxChkLogin
INFO: [ app_init ] --START--
INFO: Run Behavior\BuildLiteBehavior [ RunTime:0.000000s ]
INFO: [ app_init ] --END-- [ RunTime:0.001000s ]
INFO: [ app_begin ] --START--
INFO: Run Behavior\ReadHtmlCacheBehavior [ RunTime:0.001000s ]
INFO: [ app_begin ] --END-- [ RunTime:0.001000s ]
INFO: [ app_end ] --START--
INFO: Run Behavior\ShowPageTraceBehavior [ RunTime:0.001000s ]
INFO: [ app_end ] --END-- [ RunTime:0.001000s ]

[ 2018-10-19T11:23:00+08:00 ] 127.0.0.1 /index.php/Home/Cart/ajaxCarCount
INFO: [ app_init ] --START--
INFO: Run Behavior\BuildLiteBehavior [ RunTime:0.000000s ]
INFO: [ app_init ] --END-- [ RunTime:0.000000s ]
INFO: [ app_begin ] --START--
INFO: Run Behavior\ReadHtmlCacheBehavior [ RunTime:0.000000s ]
INFO: [ app_begin ] --END-- [ RunTime:0.000000s ]
NOTIC: [2048] Declaration of Home\Model\CartModel::add() should be compatible with Think\Model::add($data = '', $options = Array, $replace = false) C:\phpStudy\PHPTutorial\WWW\phpshop\Application\Home\Model\CartModel.class.php 第 5 行.
SQL: SHOW COLUMNS FROM `pan_cart` [ RunTime:0.0030s ]
SQL: SELECT COUNT(*) AS tp_count FROM `pan_cart` WHERE `member_id` = '10' LIMIT 1   [ RunTime:0.0000s ]
INFO: [ app_end ] --START--
INFO: Run Behavior\ShowPageTraceBehavior [ RunTime:0.001001s ]
INFO: [ app_end ] --END-- [ RunTime:0.001001s ]

[ 2018-10-19T11:23:01+08:00 ] 127.0.0.1 /index.php/Home/Cart/ajaxCarList
INFO: [ app_init ] --START--
INFO: Run Behavior\BuildLiteBehavior [ RunTime:0.000000s ]
INFO: [ app_init ] --END-- [ RunTime:0.001000s ]
INFO: [ app_begin ] --START--
INFO: Run Behavior\ReadHtmlCacheBehavior [ RunTime:0.002000s ]
INFO: [ app_begin ] --END-- [ RunTime:0.002000s ]
NOTIC: [2048] Declaration of Home\Model\CartModel::add() should be compatible with Think\Model::add($data = '', $options = Array, $replace = false) C:\phpStudy\PHPTutorial\WWW\phpshop\Application\Home\Model\CartModel.class.php 第 5 行.
SQL: SHOW COLUMNS FROM `pan_cart` [ RunTime:0.0060s ]
SQL: SELECT * FROM `pan_cart` WHERE `member_id` = '10'  [ RunTime:0.0010s ]
SQL: SHOW COLUMNS FROM `pan_goods` [ RunTime:0.0050s ]
SQL: SHOW COLUMNS FROM `pan_shangpin_attr` [ RunTime:0.0050s ]
SQL: SELECT * FROM `pan_goods` WHERE `id` = '40' LIMIT 1   [ RunTime:0.0010s ]
SQL: SELECT `promote_price` FROM `pan_goods` WHERE `id` = '40' AND `promote_price` > 0 AND `promote_start_date` <= '2018-10-19 11:23' AND `promote_end_date` >= '2018-10-19 11:23' LIMIT 1   [ RunTime:0.0000s ]
SQL: SELECT `shop_price` FROM `pan_goods` WHERE `id` = 40 LIMIT 1   [ RunTime:0.0000s ]
SQL: SHOW COLUMNS FROM `pan_member_price` [ RunTime:0.0050s ]
SQL: SELECT `price` FROM `pan_member_price` WHERE `good_id` = '40' AND `level_id` = '2' LIMIT 1   [ RunTime:0.0000s ]
SQL: SELECT a.*,b.attr_name FROM pan_shangpin_attr a left join pan_good_attr b on b.id =a.attr_id  WHERE a.id IN ('95','99')  [ RunTime:0.0010s ]
SQL: SELECT * FROM `pan_goods` WHERE `id` = '38' LIMIT 1   [ RunTime:0.0000s ]
SQL: SELECT `promote_price` FROM `pan_goods` WHERE `id` = '38' AND `promote_price` > 0 AND `promote_start_date` <= '2018-10-19 11:23' AND `promote_end_date` >= '2018-10-19 11:23' LIMIT 1   [ RunTime:0.0010s ]
SQL: SELECT `shop_price` FROM `pan_goods` WHERE `id` = 38 LIMIT 1   [ RunTime:0.0000s ]
SQL: SELECT `price` FROM `pan_member_price` WHERE `good_id` = '38' AND `level_id` = '2' LIMIT 1   [ RunTime:0.0010s ]
SQL: SELECT a.*,b.attr_name FROM pan_shangpin_attr a left join pan_good_attr b on b.id =a.attr_id  WHERE a.id IN ('59','64')  [ RunTime:0.0000s ]
INFO: [ app_end ] --START--
INFO: Run Behavior\ShowPageTraceBehavior [ RunTime:0.001000s ]
INFO: [ app_end ] --END-- [ RunTime:0.001000s ]

[ 2018-10-19T11:23:01+08:00 ] 127.0.0.1 /index.php/Home/Cart/lst
INFO: [ app_init ] --START--
INFO: Run Behavior\BuildLiteBehavior [ RunTime:0.000000s ]
INFO: [ app_init ] --END-- [ RunTime:0.000000s ]
INFO: [ app_begin ] --START--
INFO: Run Behavior\ReadHtmlCacheBehavior [ RunTime:0.001000s ]
INFO: [ app_begin ] --END-- [ RunTime:0.001000s ]
NOTIC: [2048] Declaration of Home\Model\CartModel::add() should be compatible with Think\Model::add($data = '', $options = Array, $replace = false) C:\phpStudy\PHPTutorial\WWW\phpshop\Application\Home\Model\CartModel.class.php 第 5 行.
SQL: SHOW COLUMNS FROM `pan_cart` [ RunTime:0.0050s ]
SQL: SELECT * FROM `pan_cart` WHERE `member_id` = '10'  [ RunTime:0.0000s ]
SQL: SHOW COLUMNS FROM `pan_goods` [ RunTime:0.0050s ]
SQL: SHOW COLUMNS FROM `pan_shangpin_attr` [ RunTime:0.0030s ]
SQL: SELECT * FROM `pan_goods` WHERE `id` = '40' LIMIT 1   [ RunTime:0.0000s ]
SQL: SELECT `promote_price` FROM `pan_goods` WHERE `id` = '40' AND `promote_price` > 0 AND `promote_start_date` <= '2018-10-19 11:23' AND `promote_end_date` >= '2018-10-19 11:23' LIMIT 1   [ RunTime:0.0000s ]
SQL: SELECT `shop_price` FROM `pan_goods` WHERE `id` = 40 LIMIT 1   [ RunTime:0.0000s ]
SQL: SHOW COLUMNS FROM `pan_member_price` [ RunTime:0.0040s ]
SQL: SELECT `price` FROM `pan_member_price` WHERE `good_id` = '40' AND `level_id` = '2' LIMIT 1   [ RunTime:0.0010s ]
SQL: SELECT a.*,b.attr_name FROM pan_shangpin_attr a left join pan_good_attr b on b.id =a.attr_id  WHERE a.id IN ('95','99')  [ RunTime:0.0000s ]
SQL: SELECT * FROM `pan_goods` WHERE `id` = '38' LIMIT 1   [ RunTime:0.0000s ]
SQL: SELECT `promote_price` FROM `pan_goods` WHERE `id` = '38' AND `promote_price` > 0 AND `promote_start_date` <= '2018-10-19 11:23' AND `promote_end_date` >= '2018-10-19 11:23' LIMIT 1   [ RunTime:0.0000s ]
SQL: SELECT `shop_price` FROM `pan_goods` WHERE `id` = 38 LIMIT 1   [ RunTime:0.0000s ]
SQL: SELECT `price` FROM `pan_member_price` WHERE `good_id` = '38' AND `level_id` = '2' LIMIT 1   [ RunTime:0.0010s ]
SQL: SELECT a.*,b.attr_name FROM pan_shangpin_attr a left join pan_good_attr b on b.id =a.attr_id  WHERE a.id IN ('59','64')  [ RunTime:0.0000s ]
INFO: [ view_parse ] --START--
INFO: [ template_filter ] --START--
INFO: Run Behavior\ContentReplaceBehavior [ RunTime:0.000000s ]
INFO: [ template_filter ] --END-- [ RunTime:0.001000s ]
NOTIC: [8] Use of undefined constant mycar - assumed 'mycar' C:\phpStudy\PHPTutorial\WWW\phpshop\Application\Runtime\Cache\Home\ad731cb508cb3d23cea25bb6848941ce.php 第 66 行.
NOTIC: [8] Use of undefined constant mycar - assumed 'mycar' C:\phpStudy\PHPTutorial\WWW\phpshop\Application\Runtime\Cache\Home\ad731cb508cb3d23cea25bb6848941ce.php 第 69 行.
NOTIC: [8] Use of undefined constant mycar - assumed 'mycar' C:\phpStudy\PHPTutorial\WWW\phpshop\Application\Runtime\Cache\Home\ad731cb508cb3d23cea25bb6848941ce.php 第 70 行.
NOTIC: [8] Use of undefined constant mycar - assumed 'mycar' C:\phpStudy\PHPTutorial\WWW\phpshop\Application\Runtime\Cache\Home\ad731cb508cb3d23cea25bb6848941ce.php 第 71 行.
INFO: Run Behavior\ParseTemplateBehavior [ RunTime:0.010001s ]
INFO: [ view_parse ] --END-- [ RunTime:0.010001s ]
INFO: [ view_filter ] --START--
INFO: Run Behavior\WriteHtmlCacheBehavior [ RunTime:0.001000s ]
INFO: [ view_filter ] --END-- [ RunTime:0.001000s ]
INFO: [ app_end ] --START--
INFO: Run Behavior\ShowPageTraceBehavior [ RunTime:0.001000s ]
INFO: [ app_end ] --END-- [ RunTime:0.001000s ]

[ 2018-10-19T11:23:01+08:00 ] 127.0.0.1 /index.php/Home/Member/ajaxChkLogin
INFO: [ app_init ] --START--
INFO: Run Behavior\BuildLiteBehavior [ RunTime:0.000000s ]
INFO: [ app_init ] --END-- [ RunTime:0.000000s ]
INFO: [ app_begin ] --START--
INFO: Run Behavior\ReadHtmlCacheBehavior [ RunTime:0.000000s ]
INFO: [ app_begin ] --END-- [ RunTime:0.000000s ]
INFO: [ app_end ] --START--
INFO: Run Behavior\ShowPageTraceBehavior [ RunTime:0.000000s ]
INFO: [ app_end ] --END-- [ RunTime:0.000000s ]

[ 2018-10-19T11:46:44+08:00 ] 127.0.0.1 /index.php/Home/Order/receive
INFO: [ app_init ] --START--
INFO: Run Behavior\BuildLiteBehavior [ RunTime:0.000000s ]
INFO: [ app_init ] --END-- [ RunTime:0.001000s ]
INFO: [ app_begin ] --START--
INFO: Run Behavior\ReadHtmlCacheBehavior [ RunTime:0.001000s ]
INFO: [ app_begin ] --END-- [ RunTime:0.001000s ]
ERR: 非法操作:receive

[ 2018-10-19T11:50:48+08:00 ] 127.0.0.1 /index.php/Home/Order/pay_success
INFO: [ app_init ] --START--
INFO: Run Behavior\BuildLiteBehavior [ RunTime:0.000000s ]
INFO: [ app_init ] --END-- [ RunTime:0.001000s ]
INFO: [ app_begin ] --START--
INFO: Run Behavior\ReadHtmlCacheBehavior [ RunTime:0.001000s ]
INFO: [ app_begin ] --END-- [ RunTime:0.002000s ]
ERR: 非法操作:pay_success

[ 2018-10-19T13:40:48+08:00 ] 127.0.0.1 /index.php/Home/order/myorder_success/order_id/1
INFO: [ app_init ] --START--
INFO: Run Behavior\BuildLiteBehavior [ RunTime:0.000000s ]
INFO: [ app_init ] --END-- [ RunTime:0.000000s ]
INFO: [ app_begin ] --START--
INFO: Run Behavior\ReadHtmlCacheBehavior [ RunTime:0.001001s ]
INFO: [ app_begin ] --END-- [ RunTime:0.001001s ]
ERR: 非法操作:myorder_success

[ 2018-10-19T13:41:05+08:00 ] 127.0.0.1 /index.php/Home/order/order_success/order_id/1
INFO: [ app_init ] --START--
INFO: Run Behavior\BuildLiteBehavior [ RunTime:0.000000s ]
INFO: [ app_init ] --END-- [ RunTime:0.000000s ]
INFO: [ app_begin ] --START--
INFO: Run Behavior\ReadHtmlCacheBehavior [ RunTime:0.001000s ]
INFO: [ app_begin ] --END-- [ RunTime:0.001000s ]
NOTIC: [2048] Declaration of Home\Model\OrderModel::_before_insert() should be compatible with Think\Model::_before_insert(&$data, $options) C:\phpStudy\PHPTutorial\WWW\phpshop\Application\Home\Model\OrderModel.class.php 第 5 行.
SQL: SHOW COLUMNS FROM `pan_order` [ RunTime:0.0040s ]
SQL: SELECT `total_price` FROM `pan_order` WHERE `id` = 1 LIMIT 1   [ RunTime:0.0010s ]
INFO: [ view_parse ] --START--
INFO: [ template_filter ] --START--
INFO: Run Behavior\ContentReplaceBehavior [ RunTime:0.000000s ]
INFO: [ template_filter ] --END-- [ RunTime:0.000000s ]
NOTIC: [8] Use of undefined constant myorder_success - assumed 'myorder_success' C:\phpStudy\PHPTutorial\WWW\phpshop\Application\Runtime\Cache\Home\5f0c3569442c16b016c7d88d58be4db5.php 第 53 行.
NOTIC: [8] Use of undefined constant myorder_success - assumed 'myorder_success' C:\phpStudy\PHPTutorial\WWW\phpshop\Application\Runtime\Cache\Home\5f0c3569442c16b016c7d88d58be4db5.php 第 53 行.
NOTIC: [8] Use of undefined constant myorder_success - assumed 'myorder_success' C:\phpStudy\PHPTutorial\WWW\phpshop\Application\Runtime\Cache\Home\5f0c3569442c16b016c7d88d58be4db5.php 第 56 行.
NOTIC: [8] Use of undefined constant myorder_success - assumed 'myorder_success' C:\phpStudy\PHPTutorial\WWW\phpshop\Application\Runtime\Cache\Home\5f0c3569442c16b016c7d88d58be4db5.php 第 57 行.
NOTIC: [8] Use of undefined constant myorder_success - assumed 'myorder_success' C:\phpStudy\PHPTutorial\WWW\phpshop\Application\Runtime\Cache\Home\5f0c3569442c16b016c7d88d58be4db5.php 第 58 行.
INFO: Run Behavior\ParseTemplateBehavior [ RunTime:0.008001s ]
INFO: [ view_parse ] --END-- [ RunTime:0.008001s ]
INFO: [ view_filter ] --START--
INFO: Run Behavior\WriteHtmlCacheBehavior [ RunTime:0.001000s ]
INFO: [ view_filter ] --END-- [ RunTime:0.001000s ]
INFO: [ app_end ] --START--
INFO: Run Behavior\ShowPageTraceBehavior [ RunTime:0.001000s ]
INFO: [ app_end ] --END-- [ RunTime:0.001000s ]

[ 2018-10-19T13:41:05+08:00 ] 127.0.0.1 /index.php/Home/Member/ajaxChkLogin
INFO: [ app_init ] --START--
INFO: Run Behavior\BuildLiteBehavior [ RunTime:0.000000s ]
INFO: [ app_init ] --END-- [ RunTime:0.001000s ]
INFO: [ app_begin ] --START--
INFO: Run Behavior\ReadHtmlCacheBehavior [ RunTime:0.000000s ]
INFO: [ app_begin ] --END-- [ RunTime:0.000000s ]
INFO: [ app_end ] --START--
INFO: Run Behavior\ShowPageTraceBehavior [ RunTime:0.001000s ]
INFO: [ app_end ] --END-- [ RunTime:0.001000s ]

[ 2018-10-19T13:41:33+08:00 ] 127.0.0.1 /index.php/home/Order/
INFO: [ app_init ] --START--
INFO: Run Behavior\BuildLiteBehavior [ RunTime:0.000000s ]
INFO: [ app_init ] --END-- [ RunTime:0.001000s ]
INFO: [ app_begin ] --START--
INFO: Run Behavior\ReadHtmlCacheBehavior [ RunTime:0.001000s ]
INFO: [ app_begin ] --END-- [ RunTime:0.001000s ]
ERR: 非法操作:index

[ 2018-10-19T13:41:37+08:00 ] 127.0.0.1 /index.php/home
INFO: [ app_init ] --START--
INFO: Run Behavior\BuildLiteBehavior [ RunTime:0.000000s ]
INFO: [ app_init ] --END-- [ RunTime:0.000000s ]
INFO: [ app_begin ] --START--
INFO: Run Behavior\ReadHtmlCacheBehavior [ RunTime:0.001000s ]
INFO: [ app_begin ] --END-- [ RunTime:0.001000s ]
SQL: SHOW COLUMNS FROM `pan_good_category` [ RunTime:0.0060s ]
SQL: SHOW COLUMNS FROM `pan_member` [ RunTime:0.0060s ]
SQL: SHOW COLUMNS FROM `pan_goods` [ RunTime:0.0080s ]
SQL: SELECT * FROM `pan_goods` WHERE `is_on_sale` = '是' AND `promote_price` > 0 AND `promote_start_date` <= '2018-10-19 13:41' AND `promote_end_date` >= '2018-10-19 13:41' ORDER BY sort_num asc LIMIT 5   [ RunTime:0.0010s ]
SQL: SELECT * FROM `pan_goods` WHERE `is_on_sale` = '是' AND `is_new` = '是' ORDER BY sort_num asc LIMIT 5   [ RunTime:0.0000s ]
SQL: SELECT * FROM `pan_goods` WHERE `is_on_sale` = '是' AND `is_hot` = '是' ORDER BY sort_num asc LIMIT 5   [ RunTime:0.0000s ]
SQL: SELECT * FROM `pan_goods` WHERE `is_on_sale` = '是' AND `is_best` = '是' ORDER BY sort_num asc LIMIT 5   [ RunTime:0.0000s ]
INFO: [ view_parse ] --START--
NOTIC: [2] file_get_contents(Common/help.html): failed to open stream: No such file or directory C:\phpStudy\PHPTutorial\WWW\phpshop\ThinkPHP\Library\Think\Template.class.php 第 696 行.
INFO: [ template_filter ] --START--
INFO: Run Behavior\ContentReplaceBehavior [ RunTime:0.001000s ]
INFO: [ template_filter ] --END-- [ RunTime:0.001000s ]
NOTIC: [8] Undefined index: children C:\phpStudy\PHPTutorial\WWW\phpshop\Application\Runtime\Cache\Home\2a94b8bda04ff446dcedd42276fc99ee.php 第 164 行.
NOTIC: [2] Invalid argument supplied for foreach() C:\phpStudy\PHPTutorial\WWW\phpshop\Application\Runtime\Cache\Home\2a94b8bda04ff446dcedd42276fc99ee.php 第 164 行.
NOTIC: [8] Undefined index: children C:\phpStudy\PHPTutorial\WWW\phpshop\Application\Runtime\Cache\Home\2a94b8bda04ff446dcedd42276fc99ee.php 第 164 行.
NOTIC: [2] Invalid argument supplied for foreach() C:\phpStudy\PHPTutorial\WWW\phpshop\Application\Runtime\Cache\Home\2a94b8bda04ff446dcedd42276fc99ee.php 第 164 行.
NOTIC: [8] Undefined index: children C:\phpStudy\PHPTutorial\WWW\phpshop\Application\Runtime\Cache\Home\2a94b8bda04ff446dcedd42276fc99ee.php 第 164 行.
NOTIC: [2] Invalid argument supplied for foreach() C:\phpStudy\PHPTutorial\WWW\phpshop\Application\Runtime\Cache\Home\2a94b8bda04ff446dcedd42276fc99ee.php 第 164 行.
NOTIC: [8] Undefined index: children C:\phpStudy\PHPTutorial\WWW\phpshop\Application\Runtime\Cache\Home\2a94b8bda04ff446dcedd42276fc99ee.php 第 164 行.
NOTIC: [2] Invalid argument supplied for foreach() C:\phpStudy\PHPTutorial\WWW\phpshop\Application\Runtime\Cache\Home\2a94b8bda04ff446dcedd42276fc99ee.php 第 164 行.
NOTIC: [8] Undefined index: children C:\phpStudy\PHPTutorial\WWW\phpshop\Application\Runtime\Cache\Home\2a94b8bda04ff446dcedd42276fc99ee.php 第 164 行.
NOTIC: [2] Invalid argument supplied for foreach() C:\phpStudy\PHPTutorial\WWW\phpshop\Application\Runtime\Cache\Home\2a94b8bda04ff446dcedd42276fc99ee.php 第 164 行.
NOTIC: [8] Undefined index: children C:\phpStudy\PHPTutorial\WWW\phpshop\Application\Runtime\Cache\Home\2a94b8bda04ff446dcedd42276fc99ee.php 第 164 行.
NOTIC: [2] Invalid argument supplied for foreach() C:\phpStudy\PHPTutorial\WWW\phpshop\Application\Runtime\Cache\Home\2a94b8bda04ff446dcedd42276fc99ee.php 第 164 行.
NOTIC: [8] Undefined index: children C:\phpStudy\PHPTutorial\WWW\phpshop\Application\Runtime\Cache\Home\2a94b8bda04ff446dcedd42276fc99ee.php 第 160 行.
NOTIC: [2] Invalid argument supplied for foreach() C:\phpStudy\PHPTutorial\WWW\phpshop\Application\Runtime\Cache\Home\2a94b8bda04ff446dcedd42276fc99ee.php 第 160 行.
NOTIC: [8] Undefined index: children C:\phpStudy\PHPTutorial\WWW\phpshop\Application\Runtime\Cache\Home\2a94b8bda04ff446dcedd42276fc99ee.php 第 160 行.
NOTIC: [2] Invalid argument supplied for foreach() C:\phpStudy\PHPTutorial\WWW\phpshop\Application\Runtime\Cache\Home\2a94b8bda04ff446dcedd42276fc99ee.php 第 160 行.
NOTIC: [8] Undefined index: children C:\phpStudy\PHPTutorial\WWW\phpshop\Application\Runtime\Cache\Home\2a94b8bda04ff446dcedd42276fc99ee.php 第 160 行.
NOTIC: [2] Invalid argument supplied for foreach() C:\phpStudy\PHPTutorial\WWW\phpshop\Application\Runtime\Cache\Home\2a94b8bda04ff446dcedd42276fc99ee.php 第 160 行.
NOTIC: [8] Undefined index: children C:\phpStudy\PHPTutorial\WWW\phpshop\Application\Runtime\Cache\Home\2a94b8bda04ff446dcedd42276fc99ee.php 第 160 行.
NOTIC: [2] Invalid argument supplied for foreach() C:\phpStudy\PHPTutorial\WWW\phpshop\Application\Runtime\Cache\Home\2a94b8bda04ff446dcedd42276fc99ee.php 第 160 行.
NOTIC: [8] Undefined index: children C:\phpStudy\PHPTutorial\WWW\phpshop\Application\Runtime\Cache\Home\2a94b8bda04ff446dcedd42276fc99ee.php 第 160 行.
NOTIC: [2] Invalid argument supplied for foreach() C:\phpStudy\PHPTutorial\WWW\phpshop\Application\Runtime\Cache\Home\2a94b8bda04ff446dcedd42276fc99ee.php 第 160 行.
NOTIC: [8] Undefined index: children C:\phpStudy\PHPTutorial\WWW\phpshop\Application\Runtime\Cache\Home\2a94b8bda04ff446dcedd42276fc99ee.php 第 160 行.
NOTIC: [2] Invalid argument supplied for foreach() C:\phpStudy\PHPTutorial\WWW\phpshop\Application\Runtime\Cache\Home\2a94b8bda04ff446dcedd42276fc99ee.php 第 160 行.
NOTIC: [8] Undefined index: children C:\phpStudy\PHPTutorial\WWW\phpshop\Application\Runtime\Cache\Home\2a94b8bda04ff446dcedd42276fc99ee.php 第 160 行.
NOTIC: [2] Invalid argument supplied for foreach() C:\phpStudy\PHPTutorial\WWW\phpshop\Application\Runtime\Cache\Home\2a94b8bda04ff446dcedd42276fc99ee.php 第 160 行.
NOTIC: [8] Undefined index: children C:\phpStudy\PHPTutorial\WWW\phpshop\Application\Runtime\Cache\Home\2a94b8bda04ff446dcedd42276fc99ee.php 第 160 行.
NOTIC: [2] Invalid argument supplied for foreach() C:\phpStudy\PHPTutorial\WWW\phpshop\Application\Runtime\Cache\Home\2a94b8bda04ff446dcedd42276fc99ee.php 第 160 行.
NOTIC: [8] Undefined index: children C:\phpStudy\PHPTutorial\WWW\phpshop\Application\Runtime\Cache\Home\2a94b8bda04ff446dcedd42276fc99ee.php 第 160 行.
NOTIC: [2] Invalid argument supplied for foreach() C:\phpStudy\PHPTutorial\WWW\phpshop\Application\Runtime\Cache\Home\2a94b8bda04ff446dcedd42276fc99ee.php 第 160 行.
NOTIC: [8] Undefined index: children C:\phpStudy\PHPTutorial\WWW\phpshop\Application\Runtime\Cache\Home\2a94b8bda04ff446dcedd42276fc99ee.php 第 160 行.
NOTIC: [2] Invalid argument supplied for foreach() C:\phpStudy\PHPTutorial\WWW\phpshop\Application\Runtime\Cache\Home\2a94b8bda04ff446dcedd42276fc99ee.php 第 160 行.
NOTIC: [8] Undefined index: children C:\phpStudy\PHPTutorial\WWW\phpshop\Application\Runtime\Cache\Home\2a94b8bda04ff446dcedd42276fc99ee.php 第 160 行.
NOTIC: [2] Invalid argument supplied for foreach() C:\phpStudy\PHPTutorial\WWW\phpshop\Application\Runtime\Cache\Home\2a94b8bda04ff446dcedd42276fc99ee.php 第 160 行.
INFO: Run Behavior\ParseTemplateBehavior [ RunTime:0.014000s ]
INFO: [ view_parse ] --END-- [ RunTime:0.014000s ]
INFO: [ view_filter ] --START--
INFO: Run Behavior\WriteHtmlCacheBehavior [ RunTime:0.001000s ]
INFO: [ view_filter ] --END-- [ RunTime:0.001000s ]
INFO: [ app_end ] --START--
INFO: Run Behavior\ShowPageTraceBehavior [ RunTime:0.001001s ]
INFO: [ app_end ] --END-- [ RunTime:0.001001s ]

[ 2018-10-19T13:41:37+08:00 ] 127.0.0.1 /index.php/Home/Member/ajaxChkLogin
INFO: [ app_init ] --START--
INFO: Run Behavior\BuildLiteBehavior [ RunTime:0.000000s ]
INFO: [ app_init ] --END-- [ RunTime:0.001000s ]
INFO: [ app_begin ] --START--
INFO: Run Behavior\ReadHtmlCacheBehavior [ RunTime:0.000000s ]
INFO: [ app_begin ] --END-- [ RunTime:0.000000s ]
INFO: [ app_end ] --START--
INFO: Run Behavior\ShowPageTraceBehavior [ RunTime:0.001000s ]
INFO: [ app_end ] --END-- [ RunTime:0.001000s ]

[ 2018-10-19T13:41:37+08:00 ] 127.0.0.1 /index.php/Home/Cart/ajaxCarCount
INFO: [ app_init ] --START--
INFO: Run Behavior\BuildLiteBehavior [ RunTime:0.000000s ]
INFO: [ app_init ] --END-- [ RunTime:0.001000s ]
INFO: [ app_begin ] --START--
INFO: Run Behavior\ReadHtmlCacheBehavior [ RunTime:0.001000s ]
INFO: [ app_begin ] --END-- [ RunTime:0.001000s ]
NOTIC: [2048] Declaration of Home\Model\CartModel::add() should be compatible with Think\Model::add($data = '', $options = Array, $replace = false) C:\phpStudy\PHPTutorial\WWW\phpshop\Application\Home\Model\CartModel.class.php 第 5 行.
SQL: SHOW COLUMNS FROM `pan_cart` [ RunTime:0.0080s ]
SQL: SELECT COUNT(*) AS tp_count FROM `pan_cart` WHERE `member_id` = '10' LIMIT 1   [ RunTime:0.0010s ]
INFO: [ app_end ] --START--
INFO: Run Behavior\ShowPageTraceBehavior [ RunTime:0.001000s ]
INFO: [ app_end ] --END-- [ RunTime:0.001000s ]

[ 2018-10-19T13:41:39+08:00 ] 127.0.0.1 /index.php/Home/Cart/ajaxCarList
INFO: [ app_init ] --START--
INFO: Run Behavior\BuildLiteBehavior [ RunTime:0.000000s ]
INFO: [ app_init ] --END-- [ RunTime:0.001000s ]
INFO: [ app_begin ] --START--
INFO: Run Behavior\ReadHtmlCacheBehavior [ RunTime:0.000000s ]
INFO: [ app_begin ] --END-- [ RunTime:0.001001s ]
NOTIC: [2048] Declaration of Home\Model\CartModel::add() should be compatible with Think\Model::add($data = '', $options = Array, $replace = false) C:\phpStudy\PHPTutorial\WWW\phpshop\Application\Home\Model\CartModel.class.php 第 5 行.
SQL: SHOW COLUMNS FROM `pan_cart` [ RunTime:0.0050s ]
SQL: SELECT * FROM `pan_cart` WHERE `member_id` = '10'  [ RunTime:0.0010s ]
SQL: SHOW COLUMNS FROM `pan_goods` [ RunTime:0.0060s ]
SQL: SHOW COLUMNS FROM `pan_shangpin_attr` [ RunTime:0.0070s ]
SQL: SELECT * FROM `pan_goods` WHERE `id` = '40' LIMIT 1   [ RunTime:0.0000s ]
SQL: SELECT `promote_price` FROM `pan_goods` WHERE `id` = '40' AND `promote_price` > 0 AND `promote_start_date` <= '2018-10-19 13:41' AND `promote_end_date` >= '2018-10-19 13:41' LIMIT 1   [ RunTime:0.0010s ]
SQL: SELECT `shop_price` FROM `pan_goods` WHERE `id` = 40 LIMIT 1   [ RunTime:0.0000s ]
SQL: SHOW COLUMNS FROM `pan_member_price` [ RunTime:0.0060s ]
SQL: SELECT `price` FROM `pan_member_price` WHERE `good_id` = '40' AND `level_id` = '2' LIMIT 1   [ RunTime:0.0010s ]
SQL: SELECT a.*,b.attr_name FROM pan_shangpin_attr a left join pan_good_attr b on b.id =a.attr_id  WHERE a.id IN ('95','99')  [ RunTime:0.0020s ]
SQL: SELECT * FROM `pan_goods` WHERE `id` = '38' LIMIT 1   [ RunTime:0.0000s ]
SQL: SELECT `promote_price` FROM `pan_goods` WHERE `id` = '38' AND `promote_price` > 0 AND `promote_start_date` <= '2018-10-19 13:41' AND `promote_end_date` >= '2018-10-19 13:41' LIMIT 1   [ RunTime:0.0010s ]
SQL: SELECT `shop_price` FROM `pan_goods` WHERE `id` = 38 LIMIT 1   [ RunTime:0.0000s ]
SQL: SELECT `price` FROM `pan_member_price` WHERE `good_id` = '38' AND `level_id` = '2' LIMIT 1   [ RunTime:0.0010s ]
SQL: SELECT a.*,b.attr_name FROM pan_shangpin_attr a left join pan_good_attr b on b.id =a.attr_id  WHERE a.id IN ('59','64')  [ RunTime:0.0000s ]
INFO: [ app_end ] --START--
INFO: Run Behavior\ShowPageTraceBehavior [ RunTime:0.001000s ]
INFO: [ app_end ] --END-- [ RunTime:0.001000s ]

[ 2018-10-19T13:41:39+08:00 ] 127.0.0.1 /index.php/Home/Cart/lst
INFO: [ app_init ] --START--
INFO: Run Behavior\BuildLiteBehavior [ RunTime:0.001000s ]
INFO: [ app_init ] --END-- [ RunTime:0.001000s ]
INFO: [ app_begin ] --START--
INFO: Run Behavior\ReadHtmlCacheBehavior [ RunTime:0.002000s ]
INFO: [ app_begin ] --END-- [ RunTime:0.002000s ]
NOTIC: [2048] Declaration of Home\Model\CartModel::add() should be compatible with Think\Model::add($data = '', $options = Array, $replace = false) C:\phpStudy\PHPTutorial\WWW\phpshop\Application\Home\Model\CartModel.class.php 第 5 行.
SQL: SHOW COLUMNS FROM `pan_cart` [ RunTime:0.0060s ]
SQL: SELECT * FROM `pan_cart` WHERE `member_id` = '10'  [ RunTime:0.0000s ]
SQL: SHOW COLUMNS FROM `pan_goods` [ RunTime:0.0050s ]
SQL: SHOW COLUMNS FROM `pan_shangpin_attr` [ RunTime:0.0040s ]
SQL: SELECT * FROM `pan_goods` WHERE `id` = '40' LIMIT 1   [ RunTime:0.0000s ]
SQL: SELECT `promote_price` FROM `pan_goods` WHERE `id` = '40' AND `promote_price` > 0 AND `promote_start_date` <= '2018-10-19 13:41' AND `promote_end_date` >= '2018-10-19 13:41' LIMIT 1   [ RunTime:0.0000s ]
SQL: SELECT `shop_price` FROM `pan_goods` WHERE `id` = 40 LIMIT 1   [ RunTime:0.0000s ]
SQL: SHOW COLUMNS FROM `pan_member_price` [ RunTime:0.0040s ]
SQL: SELECT `price` FROM `pan_member_price` WHERE `good_id` = '40' AND `level_id` = '2' LIMIT 1   [ RunTime:0.0000s ]
SQL: SELECT a.*,b.attr_name FROM pan_shangpin_attr a left join pan_good_attr b on b.id =a.attr_id  WHERE a.id IN ('95','99')  [ RunTime:0.0010s ]
SQL: SELECT * FROM `pan_goods` WHERE `id` = '38' LIMIT 1   [ RunTime:0.0000s ]
SQL: SELECT `promote_price` FROM `pan_goods` WHERE `id` = '38' AND `promote_price` > 0 AND `promote_start_date` <= '2018-10-19 13:41' AND `promote_end_date` >= '2018-10-19 13:41' LIMIT 1   [ RunTime:0.0010s ]
SQL: SELECT `shop_price` FROM `pan_goods` WHERE `id` = 38 LIMIT 1   [ RunTime:0.0000s ]
SQL: SELECT `price` FROM `pan_member_price` WHERE `good_id` = '38' AND `level_id` = '2' LIMIT 1   [ RunTime:0.0010s ]
SQL: SELECT a.*,b.attr_name FROM pan_shangpin_attr a left join pan_good_attr b on b.id =a.attr_id  WHERE a.id IN ('59','64')  [ RunTime:0.0000s ]
INFO: [ view_parse ] --START--
INFO: [ template_filter ] --START--
INFO: Run Behavior\ContentReplaceBehavior [ RunTime:0.000000s ]
INFO: [ template_filter ] --END-- [ RunTime:0.000000s ]
NOTIC: [8] Use of undefined constant mycar - assumed 'mycar' C:\phpStudy\PHPTutorial\WWW\phpshop\Application\Runtime\Cache\Home\ad731cb508cb3d23cea25bb6848941ce.php 第 66 行.
NOTIC: [8] Use of undefined constant mycar - assumed 'mycar' C:\phpStudy\PHPTutorial\WWW\phpshop\Application\Runtime\Cache\Home\ad731cb508cb3d23cea25bb6848941ce.php 第 69 行.
NOTIC: [8] Use of undefined constant mycar - assumed 'mycar' C:\phpStudy\PHPTutorial\WWW\phpshop\Application\Runtime\Cache\Home\ad731cb508cb3d23cea25bb6848941ce.php 第 70 行.
NOTIC: [8] Use of undefined constant mycar - assumed 'mycar' C:\phpStudy\PHPTutorial\WWW\phpshop\Application\Runtime\Cache\Home\ad731cb508cb3d23cea25bb6848941ce.php 第 71 行.
INFO: Run Behavior\ParseTemplateBehavior [ RunTime:0.011001s ]
INFO: [ view_parse ] --END-- [ RunTime:0.011001s ]
INFO: [ view_filter ] --START--
INFO: Run Behavior\WriteHtmlCacheBehavior [ RunTime:0.001000s ]
INFO: [ view_filter ] --END-- [ RunTime:0.001000s ]
INFO: [ app_end ] --START--
INFO: Run Behavior\ShowPageTraceBehavior [ RunTime:0.001000s ]
INFO: [ app_end ] --END-- [ RunTime:0.001000s ]

[ 2018-10-19T13:41:39+08:00 ] 127.0.0.1 /index.php/Home/Member/ajaxChkLogin
INFO: [ app_init ] --START--
INFO: Run Behavior\BuildLiteBehavior [ RunTime:0.000000s ]
INFO: [ app_init ] --END-- [ RunTime:0.000000s ]
INFO: [ app_begin ] --START--
INFO: Run Behavior\ReadHtmlCacheBehavior [ RunTime:0.001000s ]
INFO: [ app_begin ] --END-- [ RunTime:0.001000s ]
INFO: [ app_end ] --START--
INFO: Run Behavior\ShowPageTraceBehavior [ RunTime:0.001000s ]
INFO: [ app_end ] --END-- [ RunTime:0.001000s ]

[ 2018-10-19T13:42:38+08:00 ] 127.0.0.1 /index.php/Home/order/order_success/order_id/1
INFO: [ app_init ] --START--
INFO: Run Behavior\BuildLiteBehavior [ RunTime:0.000000s ]
INFO: [ app_init ] --END-- [ RunTime:0.000000s ]
INFO: [ app_begin ] --START--
INFO: Run Behavior\ReadHtmlCacheBehavior [ RunTime:0.001000s ]
INFO: [ app_begin ] --END-- [ RunTime:0.001000s ]
NOTIC: [2048] Declaration of Home\Model\OrderModel::_before_insert() should be compatible with Think\Model::_before_insert(&$data, $options) C:\phpStudy\PHPTutorial\WWW\phpshop\Application\Home\Model\OrderModel.class.php 第 5 行.
SQL: SHOW COLUMNS FROM `pan_order` [ RunTime:0.0050s ]
SQL: SELECT `total_price` FROM `pan_order` WHERE `id` = 1 LIMIT 1   [ RunTime:0.0000s ]
INFO: [ view_parse ] --START--
INFO: [ template_filter ] --START--
INFO: Run Behavior\ContentReplaceBehavior [ RunTime:0.000000s ]
INFO: [ template_filter ] --END-- [ RunTime:0.000000s ]
NOTIC: [8] Use of undefined constant copmorder - assumed 'copmorder' C:\phpStudy\PHPTutorial\WWW\phpshop\Application\Runtime\Cache\Home\5f0c3569442c16b016c7d88d58be4db5.php 第 53 行.
NOTIC: [8] Use of undefined constant copmorder - assumed 'copmorder' C:\phpStudy\PHPTutorial\WWW\phpshop\Application\Runtime\Cache\Home\5f0c3569442c16b016c7d88d58be4db5.php 第 53 行.
NOTIC: [8] Use of undefined constant copmorder - assumed 'copmorder' C:\phpStudy\PHPTutorial\WWW\phpshop\Application\Runtime\Cache\Home\5f0c3569442c16b016c7d88d58be4db5.php 第 56 行.
NOTIC: [8] Use of undefined constant copmorder - assumed 'copmorder' C:\phpStudy\PHPTutorial\WWW\phpshop\Application\Runtime\Cache\Home\5f0c3569442c16b016c7d88d58be4db5.php 第 57 行.
NOTIC: [8] Use of undefined constant copmorder - assumed 'copmorder' C:\phpStudy\PHPTutorial\WWW\phpshop\Application\Runtime\Cache\Home\5f0c3569442c16b016c7d88d58be4db5.php 第 58 行.
INFO: Run Behavior\ParseTemplateBehavior [ RunTime:0.009001s ]
INFO: [ view_parse ] --END-- [ RunTime:0.009001s ]
INFO: [ view_filter ] --START--
INFO: Run Behavior\WriteHtmlCacheBehavior [ RunTime:0.001000s ]
INFO: [ view_filter ] --END-- [ RunTime:0.001000s ]
INFO: [ app_end ] --START--
INFO: Run Behavior\ShowPageTraceBehavior [ RunTime:0.001000s ]
INFO: [ app_end ] --END-- [ RunTime:0.001000s ]

[ 2018-10-19T13:42:38+08:00 ] 127.0.0.1 /index.php/Home/Member/ajaxChkLogin
INFO: [ app_init ] --START--
INFO: Run Behavior\BuildLiteBehavior [ RunTime:0.000000s ]
INFO: [ app_init ] --END-- [ RunTime:0.001001s ]
INFO: [ app_begin ] --START--
INFO: Run Behavior\ReadHtmlCacheBehavior [ RunTime:0.001000s ]
INFO: [ app_begin ] --END-- [ RunTime:0.001000s ]
INFO: [ app_end ] --START--
INFO: Run Behavior\ShowPageTraceBehavior [ RunTime:0.001000s ]
INFO: [ app_end ] --END-- [ RunTime:0.001000s ]

[ 2018-10-19T13:43:14+08:00 ] 127.0.0.1 /index.php/Home/order/order_success/order_id/1
INFO: [ app_init ] --START--
INFO: Run Behavior\BuildLiteBehavior [ RunTime:0.000000s ]
INFO: [ app_init ] --END-- [ RunTime:0.001000s ]
INFO: [ app_begin ] --START--
INFO: Run Behavior\ReadHtmlCacheBehavior [ RunTime:0.001000s ]
INFO: [ app_begin ] --END-- [ RunTime:0.001000s ]
NOTIC: [2048] Declaration of Home\Model\OrderModel::_before_insert() should be compatible with Think\Model::_before_insert(&$data, $options) C:\phpStudy\PHPTutorial\WWW\phpshop\Application\Home\Model\OrderModel.class.php 第 5 行.
SQL: SHOW COLUMNS FROM `pan_order` [ RunTime:0.0040s ]
SQL: SELECT `total_price` FROM `pan_order` WHERE `id` = 1 LIMIT 1   [ RunTime:0.0010s ]
INFO: [ view_parse ] --START--
INFO: [ template_filter ] --START--
INFO: Run Behavior\ContentReplaceBehavior [ RunTime:0.000000s ]
INFO: [ template_filter ] --END-- [ RunTime:0.000000s ]
NOTIC: [8] Use of undefined constant copmorder - assumed 'copmorder' C:\phpStudy\PHPTutorial\WWW\phpshop\Application\Runtime\Cache\Home\5f0c3569442c16b016c7d88d58be4db5.php 第 53 行.
NOTIC: [8] Use of undefined constant copmorder - assumed 'copmorder' C:\phpStudy\PHPTutorial\WWW\phpshop\Application\Runtime\Cache\Home\5f0c3569442c16b016c7d88d58be4db5.php 第 53 行.
NOTIC: [8] Use of undefined constant copmorder - assumed 'copmorder' C:\phpStudy\PHPTutorial\WWW\phpshop\Application\Runtime\Cache\Home\5f0c3569442c16b016c7d88d58be4db5.php 第 56 行.
NOTIC: [8] Use of undefined constant copmorder - assumed 'copmorder' C:\phpStudy\PHPTutorial\WWW\phpshop\Application\Runtime\Cache\Home\5f0c3569442c16b016c7d88d58be4db5.php 第 57 行.
NOTIC: [8] Use of undefined constant copmorder - assumed 'copmorder' C:\phpStudy\PHPTutorial\WWW\phpshop\Application\Runtime\Cache\Home\5f0c3569442c16b016c7d88d58be4db5.php 第 58 行.
INFO: Run Behavior\ParseTemplateBehavior [ RunTime:0.009001s ]
INFO: [ view_parse ] --END-- [ RunTime:0.009001s ]
INFO: [ view_filter ] --START--
INFO: Run Behavior\WriteHtmlCacheBehavior [ RunTime:0.001000s ]
INFO: [ view_filter ] --END-- [ RunTime:0.001000s ]
INFO: [ app_end ] --START--
INFO: Run Behavior\ShowPageTraceBehavior [ RunTime:0.001000s ]
INFO: [ app_end ] --END-- [ RunTime:0.001000s ]

[ 2018-10-19T13:43:14+08:00 ] 127.0.0.1 /index.php/Home/Member/ajaxChkLogin
INFO: [ app_init ] --START--
INFO: Run Behavior\BuildLiteBehavior [ RunTime:0.000000s ]
INFO: [ app_init ] --END-- [ RunTime:0.001000s ]
INFO: [ app_begin ] --START--
INFO: Run Behavior\ReadHtmlCacheBehavior [ RunTime:0.001000s ]
INFO: [ app_begin ] --END-- [ RunTime:0.001000s ]
INFO: [ app_end ] --START--
INFO: Run Behavior\ShowPageTraceBehavior [ RunTime:0.001000s ]
INFO: [ app_end ] --END-- [ RunTime:0.001000s ]

[ 2018-10-19T13:52:56+08:00 ] 127.0.0.1 /index.php/Home/order/myorder_success/order_id/1
INFO: [ app_init ] --START--
INFO: Run Behavior\BuildLiteBehavior [ RunTime:0.001000s ]
INFO: [ app_init ] --END-- [ RunTime:0.001000s ]
INFO: [ app_begin ] --START--
INFO: Run Behavior\ReadHtmlCacheBehavior [ RunTime:0.001000s ]
INFO: [ app_begin ] --END-- [ RunTime:0.001000s ]
ERR: 非法操作:myorder_success

[ 2018-10-19T13:53:01+08:00 ] 127.0.0.1 /index.php/Home/order/myorder_success/order_id/1
INFO: [ app_init ] --START--
INFO: Run Behavior\BuildLiteBehavior [ RunTime:0.000000s ]
INFO: [ app_init ] --END-- [ RunTime:0.000000s ]
INFO: [ app_begin ] --START--
INFO: Run Behavior\ReadHtmlCacheBehavior [ RunTime:0.001000s ]
INFO: [ app_begin ] --END-- [ RunTime:0.001000s ]
ERR: 非法操作:myorder_success

[ 2018-10-19T13:54:57+08:00 ] 127.0.0.1 /index.php/Home/Cart/lst
INFO: [ app_init ] --START--
INFO: Run Behavior\BuildLiteBehavior [ RunTime:0.000000s ]
INFO: [ app_init ] --END-- [ RunTime:0.000000s ]
INFO: [ app_begin ] --START--
INFO: Run Behavior\ReadHtmlCacheBehavior [ RunTime:0.001001s ]
INFO: [ app_begin ] --END-- [ RunTime:0.001001s ]
NOTIC: [2048] Declaration of Home\Model\CartModel::add() should be compatible with Think\Model::add($data = '', $options = Array, $replace = false) C:\phpStudy\PHPTutorial\WWW\phpshop\Application\Home\Model\CartModel.class.php 第 5 行.
SQL: SHOW COLUMNS FROM `pan_cart` [ RunTime:0.0040s ]
SQL: SELECT * FROM `pan_cart` WHERE `member_id` = '10'  [ RunTime:0.0010s ]
SQL: SHOW COLUMNS FROM `pan_goods` [ RunTime:0.0040s ]
SQL: SHOW COLUMNS FROM `pan_shangpin_attr` [ RunTime:0.0040s ]
SQL: SELECT * FROM `pan_goods` WHERE `id` = '40' LIMIT 1   [ RunTime:0.0000s ]
SQL: SELECT `promote_price` FROM `pan_goods` WHERE `id` = '40' AND `promote_price` > 0 AND `promote_start_date` <= '2018-10-19 13:54' AND `promote_end_date` >= '2018-10-19 13:54' LIMIT 1   [ RunTime:0.0010s ]
SQL: SELECT `shop_price` FROM `pan_goods` WHERE `id` = 40 LIMIT 1   [ RunTime:0.0000s ]
SQL: SHOW COLUMNS FROM `pan_member_price` [ RunTime:0.0040s ]
SQL: SELECT `price` FROM `pan_member_price` WHERE `good_id` = '40' AND `level_id` = '2' LIMIT 1   [ RunTime:0.0000s ]
SQL: SELECT a.*,b.attr_name FROM pan_shangpin_attr a left join pan_good_attr b on b.id =a.attr_id  WHERE a.id IN ('95','99')  [ RunTime:0.0000s ]
SQL: SELECT * FROM `pan_goods` WHERE `id` = '38' LIMIT 1   [ RunTime:0.0000s ]
SQL: SELECT `promote_price` FROM `pan_goods` WHERE `id` = '38' AND `promote_price` > 0 AND `promote_start_date` <= '2018-10-19 13:54' AND `promote_end_date` >= '2018-10-19 13:54' LIMIT 1   [ RunTime:0.0000s ]
SQL: SELECT `shop_price` FROM `pan_goods` WHERE `id` = 38 LIMIT 1   [ RunTime:0.0000s ]
SQL: SELECT `price` FROM `pan_member_price` WHERE `good_id` = '38' AND `level_id` = '2' LIMIT 1   [ RunTime:0.0000s ]
SQL: SELECT a.*,b.attr_name FROM pan_shangpin_attr a left join pan_good_attr b on b.id =a.attr_id  WHERE a.id IN ('59','64')  [ RunTime:0.0010s ]
INFO: [ view_parse ] --START--
INFO: [ template_filter ] --START--
INFO: Run Behavior\ContentReplaceBehavior [ RunTime:0.000000s ]
INFO: [ template_filter ] --END-- [ RunTime:0.000000s ]
NOTIC: [8] Use of undefined constant mycar - assumed 'mycar' C:\phpStudy\PHPTutorial\WWW\phpshop\Application\Runtime\Cache\Home\ad731cb508cb3d23cea25bb6848941ce.php 第 66 行.
NOTIC: [8] Use of undefined constant mycar - assumed 'mycar' C:\phpStudy\PHPTutorial\WWW\phpshop\Application\Runtime\Cache\Home\ad731cb508cb3d23cea25bb6848941ce.php 第 69 行.
NOTIC: [8] Use of undefined constant mycar - assumed 'mycar' C:\phpStudy\PHPTutorial\WWW\phpshop\Application\Runtime\Cache\Home\ad731cb508cb3d23cea25bb6848941ce.php 第 70 行.
NOTIC: [8] Use of undefined constant mycar - assumed 'mycar' C:\phpStudy\PHPTutorial\WWW\phpshop\Application\Runtime\Cache\Home\ad731cb508cb3d23cea25bb6848941ce.php 第 71 行.
INFO: Run Behavior\ParseTemplateBehavior [ RunTime:0.009001s ]
INFO: [ view_parse ] --END-- [ RunTime:0.009001s ]
INFO: [ view_filter ] --START--
INFO: Run Behavior\WriteHtmlCacheBehavior [ RunTime:0.001000s ]
INFO: [ view_filter ] --END-- [ RunTime:0.001000s ]
INFO: [ app_end ] --START--
INFO: Run Behavior\ShowPageTraceBehavior [ RunTime:0.001000s ]
INFO: [ app_end ] --END-- [ RunTime:0.001000s ]

[ 2018-10-19T13:54:57+08:00 ] 127.0.0.1 /index.php/Home/Member/ajaxChkLogin
INFO: [ app_init ] --START--
INFO: Run Behavior\BuildLiteBehavior [ RunTime:0.000000s ]
INFO: [ app_init ] --END-- [ RunTime:0.001000s ]
INFO: [ app_begin ] --START--
INFO: Run Behavior\ReadHtmlCacheBehavior [ RunTime:0.000000s ]
INFO: [ app_begin ] --END-- [ RunTime:0.000000s ]
INFO: [ app_end ] --START--
INFO: Run Behavior\ShowPageTraceBehavior [ RunTime:0.001000s ]
INFO: [ app_end ] --END-- [ RunTime:0.001000s ]

[ 2018-10-19T13:55:06+08:00 ] 127.0.0.1 /
INFO: [ app_init ] --START--
INFO: Run Behavior\BuildLiteBehavior [ RunTime:0.000000s ]
INFO: [ app_init ] --END-- [ RunTime:0.001000s ]
INFO: [ app_begin ] --START--
INFO: Run Behavior\ReadHtmlCacheBehavior [ RunTime:0.001000s ]
INFO: [ app_begin ] --END-- [ RunTime:0.001000s ]
SQL: SHOW COLUMNS FROM `pan_good_category` [ RunTime:0.0040s ]
SQL: SHOW COLUMNS FROM `pan_member` [ RunTime:0.0040s ]
SQL: SHOW COLUMNS FROM `pan_goods` [ RunTime:0.0040s ]
SQL: SELECT * FROM `pan_goods` WHERE `is_on_sale` = '是' AND `promote_price` > 0 AND `promote_start_date` <= '2018-10-19 13:55' AND `promote_end_date` >= '2018-10-19 13:55' ORDER BY sort_num asc LIMIT 5   [ RunTime:0.0000s ]
SQL: SELECT * FROM `pan_goods` WHERE `is_on_sale` = '是' AND `is_new` = '是' ORDER BY sort_num asc LIMIT 5   [ RunTime:0.0000s ]
SQL: SELECT * FROM `pan_goods` WHERE `is_on_sale` = '是' AND `is_hot` = '是' ORDER BY sort_num asc LIMIT 5   [ RunTime:0.0000s ]
SQL: SELECT * FROM `pan_goods` WHERE `is_on_sale` = '是' AND `is_best` = '是' ORDER BY sort_num asc LIMIT 5   [ RunTime:0.0010s ]
INFO: [ view_parse ] --START--
NOTIC: [2] file_get_contents(Common/help.html): failed to open stream: No such file or directory C:\phpStudy\PHPTutorial\WWW\phpshop\ThinkPHP\Library\Think\Template.class.php 第 696 行.
INFO: [ template_filter ] --START--
INFO: Run Behavior\ContentReplaceBehavior [ RunTime:0.000000s ]
INFO: [ template_filter ] --END-- [ RunTime:0.000000s ]
NOTIC: [8] Undefined index: children C:\phpStudy\PHPTutorial\WWW\phpshop\Application\Runtime\Cache\Home\2a94b8bda04ff446dcedd42276fc99ee.php 第 164 行.
NOTIC: [2] Invalid argument supplied for foreach() C:\phpStudy\PHPTutorial\WWW\phpshop\Application\Runtime\Cache\Home\2a94b8bda04ff446dcedd42276fc99ee.php 第 164 行.
NOTIC: [8] Undefined index: children C:\phpStudy\PHPTutorial\WWW\phpshop\Application\Runtime\Cache\Home\2a94b8bda04ff446dcedd42276fc99ee.php 第 164 行.
NOTIC: [2] Invalid argument supplied for foreach() C:\phpStudy\PHPTutorial\WWW\phpshop\Application\Runtime\Cache\Home\2a94b8bda04ff446dcedd42276fc99ee.php 第 164 行.
NOTIC: [8] Undefined index: children C:\phpStudy\PHPTutorial\WWW\phpshop\Application\Runtime\Cache\Home\2a94b8bda04ff446dcedd42276fc99ee.php 第 164 行.
NOTIC: [2] Invalid argument supplied for foreach() C:\phpStudy\PHPTutorial\WWW\phpshop\Application\Runtime\Cache\Home\2a94b8bda04ff446dcedd42276fc99ee.php 第 164 行.
NOTIC: [8] Undefined index: children C:\phpStudy\PHPTutorial\WWW\phpshop\Application\Runtime\Cache\Home\2a94b8bda04ff446dcedd42276fc99ee.php 第 164 行.
NOTIC: [2] Invalid argument supplied for foreach() C:\phpStudy\PHPTutorial\WWW\phpshop\Application\Runtime\Cache\Home\2a94b8bda04ff446dcedd42276fc99ee.php 第 164 行.
NOTIC: [8] Undefined index: children C:\phpStudy\PHPTutorial\WWW\phpshop\Application\Runtime\Cache\Home\2a94b8bda04ff446dcedd42276fc99ee.php 第 164 行.
NOTIC: [2] Invalid argument supplied for foreach() C:\phpStudy\PHPTutorial\WWW\phpshop\Application\Runtime\Cache\Home\2a94b8bda04ff446dcedd42276fc99ee.php 第 164 行.
NOTIC: [8] Undefined index: children C:\phpStudy\PHPTutorial\WWW\phpshop\Application\Runtime\Cache\Home\2a94b8bda04ff446dcedd42276fc99ee.php 第 164 行.
NOTIC: [2] Invalid argument supplied for foreach() C:\phpStudy\PHPTutorial\WWW\phpshop\Application\Runtime\Cache\Home\2a94b8bda04ff446dcedd42276fc99ee.php 第 164 行.
NOTIC: [8] Undefined index: children C:\phpStudy\PHPTutorial\WWW\phpshop\Application\Runtime\Cache\Home\2a94b8bda04ff446dcedd42276fc99ee.php 第 160 行.
NOTIC: [2] Invalid argument supplied for foreach() C:\phpStudy\PHPTutorial\WWW\phpshop\Application\Runtime\Cache\Home\2a94b8bda04ff446dcedd42276fc99ee.php 第 160 行.
NOTIC: [8] Undefined index: children C:\phpStudy\PHPTutorial\WWW\phpshop\Application\Runtime\Cache\Home\2a94b8bda04ff446dcedd42276fc99ee.php 第 160 行.
NOTIC: [2] Invalid argument supplied for foreach() C:\phpStudy\PHPTutorial\WWW\phpshop\Application\Runtime\Cache\Home\2a94b8bda04ff446dcedd42276fc99ee.php 第 160 行.
NOTIC: [8] Undefined index: children C:\phpStudy\PHPTutorial\WWW\phpshop\Application\Runtime\Cache\Home\2a94b8bda04ff446dcedd42276fc99ee.php 第 160 行.
NOTIC: [2] Invalid argument supplied for foreach() C:\phpStudy\PHPTutorial\WWW\phpshop\Application\Runtime\Cache\Home\2a94b8bda04ff446dcedd42276fc99ee.php 第 160 行.
NOTIC: [8] Undefined index: children C:\phpStudy\PHPTutorial\WWW\phpshop\Application\Runtime\Cache\Home\2a94b8bda04ff446dcedd42276fc99ee.php 第 160 行.
NOTIC: [2] Invalid argument supplied for foreach() C:\phpStudy\PHPTutorial\WWW\phpshop\Application\Runtime\Cache\Home\2a94b8bda04ff446dcedd42276fc99ee.php 第 160 行.
NOTIC: [8] Undefined index: children C:\phpStudy\PHPTutorial\WWW\phpshop\Application\Runtime\Cache\Home\2a94b8bda04ff446dcedd42276fc99ee.php 第 160 行.
NOTIC: [2] Invalid argument supplied for foreach() C:\phpStudy\PHPTutorial\WWW\phpshop\Application\Runtime\Cache\Home\2a94b8bda04ff446dcedd42276fc99ee.php 第 160 行.
NOTIC: [8] Undefined index: children C:\phpStudy\PHPTutorial\WWW\phpshop\Application\Runtime\Cache\Home\2a94b8bda04ff446dcedd42276fc99ee.php 第 160 行.
NOTIC: [2] Invalid argument supplied for foreach() C:\phpStudy\PHPTutorial\WWW\phpshop\Application\Runtime\Cache\Home\2a94b8bda04ff446dcedd42276fc99ee.php 第 160 行.
NOTIC: [8] Undefined index: children C:\phpStudy\PHPTutorial\WWW\phpshop\Application\Runtime\Cache\Home\2a94b8bda04ff446dcedd42276fc99ee.php 第 160 行.
NOTIC: [2] Invalid argument supplied for foreach() C:\phpStudy\PHPTutorial\WWW\phpshop\Application\Runtime\Cache\Home\2a94b8bda04ff446dcedd42276fc99ee.php 第 160 行.
NOTIC: [8] Undefined index: children C:\phpStudy\PHPTutorial\WWW\phpshop\Application\Runtime\Cache\Home\2a94b8bda04ff446dcedd42276fc99ee.php 第 160 行.
NOTIC: [2] Invalid argument supplied for foreach() C:\phpStudy\PHPTutorial\WWW\phpshop\Application\Runtime\Cache\Home\2a94b8bda04ff446dcedd42276fc99ee.php 第 160 行.
NOTIC: [8] Undefined index: children C:\phpStudy\PHPTutorial\WWW\phpshop\Application\Runtime\Cache\Home\2a94b8bda04ff446dcedd42276fc99ee.php 第 160 行.
NOTIC: [2] Invalid argument supplied for foreach() C:\phpStudy\PHPTutorial\WWW\phpshop\Application\Runtime\Cache\Home\2a94b8bda04ff446dcedd42276fc99ee.php 第 160 行.
NOTIC: [8] Undefined index: children C:\phpStudy\PHPTutorial\WWW\phpshop\Application\Runtime\Cache\Home\2a94b8bda04ff446dcedd42276fc99ee.php 第 160 行.
NOTIC: [2] Invalid argument supplied for foreach() C:\phpStudy\PHPTutorial\WWW\phpshop\Application\Runtime\Cache\Home\2a94b8bda04ff446dcedd42276fc99ee.php 第 160 行.
NOTIC: [8] Undefined index: children C:\phpStudy\PHPTutorial\WWW\phpshop\Application\Runtime\Cache\Home\2a94b8bda04ff446dcedd42276fc99ee.php 第 160 行.
NOTIC: [2] Invalid argument supplied for foreach() C:\phpStudy\PHPTutorial\WWW\phpshop\Application\Runtime\Cache\Home\2a94b8bda04ff446dcedd42276fc99ee.php 第 160 行.
INFO: Run Behavior\ParseTemplateBehavior [ RunTime:0.015001s ]
INFO: [ view_parse ] --END-- [ RunTime:0.015001s ]
INFO: [ view_filter ] --START--
INFO: Run Behavior\WriteHtmlCacheBehavior [ RunTime:0.001000s ]
INFO: [ view_filter ] --END-- [ RunTime:0.001000s ]
INFO: [ app_end ] --START--
INFO: Run Behavior\ShowPageTraceBehavior [ RunTime:0.001000s ]
INFO: [ app_end ] --END-- [ RunTime:0.001000s ]

[ 2018-10-19T13:55:06+08:00 ] 127.0.0.1 /index.php/Home/Member/ajaxChkLogin
INFO: [ app_init ] --START--
INFO: Run Behavior\BuildLiteBehavior [ RunTime:0.000000s ]
INFO: [ app_init ] --END-- [ RunTime:0.001000s ]
INFO: [ app_begin ] --START--
INFO: Run Behavior\ReadHtmlCacheBehavior [ RunTime:0.001000s ]
INFO: [ app_begin ] --END-- [ RunTime:0.001000s ]
INFO: [ app_end ] --START--
INFO: Run Behavior\ShowPageTraceBehavior [ RunTime:0.001000s ]
INFO: [ app_end ] --END-- [ RunTime:0.001000s ]

[ 2018-10-19T13:55:06+08:00 ] 127.0.0.1 /index.php/Home/Cart/ajaxCarCount
INFO: [ app_init ] --START--
INFO: Run Behavior\BuildLiteBehavior [ RunTime:0.000000s ]
INFO: [ app_init ] --END-- [ RunTime:0.001000s ]
INFO: [ app_begin ] --START--
INFO: Run Behavior\ReadHtmlCacheBehavior [ RunTime:0.001000s ]
INFO: [ app_begin ] --END-- [ RunTime:0.001000s ]
NOTIC: [2048] Declaration of Home\Model\CartModel::add() should be compatible with Think\Model::add($data = '', $options = Array, $replace = false) C:\phpStudy\PHPTutorial\WWW\phpshop\Application\Home\Model\CartModel.class.php 第 5 行.
SQL: SHOW COLUMNS FROM `pan_cart` [ RunTime:0.0050s ]
SQL: SELECT COUNT(*) AS tp_count FROM `pan_cart` WHERE `member_id` = '10' LIMIT 1   [ RunTime:0.0000s ]
INFO: [ app_end ] --START--
INFO: Run Behavior\ShowPageTraceBehavior [ RunTime:0.001000s ]
INFO: [ app_end ] --END-- [ RunTime:0.001000s ]

[ 2018-10-19T16:10:19+08:00 ] 127.0.0.1 /index.php/Home/Cart/ajaxCarList
INFO: [ app_init ] --START--
INFO: Run Behavior\BuildLiteBehavior [ RunTime:0.000000s ]
INFO: [ app_init ] --END-- [ RunTime:0.000000s ]
INFO: [ app_begin ] --START--
INFO: Run Behavior\ReadHtmlCacheBehavior [ RunTime:0.001000s ]
INFO: [ app_begin ] --END-- [ RunTime:0.001000s ]
NOTIC: [2048] Declaration of Home\Model\CartModel::add() should be compatible with Think\Model::add($data = '', $options = Array, $replace = false) C:\phpStudy\PHPTutorial\WWW\phpshop\Application\Home\Model\CartModel.class.php 第 5 行.
SQL: SHOW COLUMNS FROM `pan_cart` [ RunTime:0.0040s ]
SQL: SELECT * FROM `pan_cart` WHERE `member_id` = '10'  [ RunTime:0.0010s ]
SQL: SHOW COLUMNS FROM `pan_goods` [ RunTime:0.0040s ]
SQL: SHOW COLUMNS FROM `pan_shangpin_attr` [ RunTime:0.0040s ]
SQL: SELECT * FROM `pan_goods` WHERE `id` = '40' LIMIT 1   [ RunTime:0.0000s ]
SQL: SELECT `promote_price` FROM `pan_goods` WHERE `id` = '40' AND `promote_price` > 0 AND `promote_start_date` <= '2018-10-19 16:10' AND `promote_end_date` >= '2018-10-19 16:10' LIMIT 1   [ RunTime:0.0000s ]
SQL: SELECT `shop_price` FROM `pan_goods` WHERE `id` = 40 LIMIT 1   [ RunTime:0.0000s ]
SQL: SHOW COLUMNS FROM `pan_member_price` [ RunTime:0.0040s ]
SQL: SELECT `price` FROM `pan_member_price` WHERE `good_id` = '40' AND `level_id` = '2' LIMIT 1   [ RunTime:0.0010s ]
SQL: SELECT a.*,b.attr_name FROM pan_shangpin_attr a left join pan_good_attr b on b.id =a.attr_id  WHERE a.id IN ('95','99')  [ RunTime:0.0000s ]
SQL: SELECT * FROM `pan_goods` WHERE `id` = '38' LIMIT 1   [ RunTime:0.0000s ]
SQL: SELECT `promote_price` FROM `pan_goods` WHERE `id` = '38' AND `promote_price` > 0 AND `promote_start_date` <= '2018-10-19 16:10' AND `promote_end_date` >= '2018-10-19 16:10' LIMIT 1   [ RunTime:0.0000s ]
SQL: SELECT `shop_price` FROM `pan_goods` WHERE `id` = 38 LIMIT 1   [ RunTime:0.0010s ]
SQL: SELECT `price` FROM `pan_member_price` WHERE `good_id` = '38' AND `level_id` = '2' LIMIT 1   [ RunTime:0.0000s ]
SQL: SELECT a.*,b.attr_name FROM pan_shangpin_attr a left join pan_good_attr b on b.id =a.attr_id  WHERE a.id IN ('59','64')  [ RunTime:0.0010s ]
INFO: [ app_end ] --START--
INFO: Run Behavior\ShowPageTraceBehavior [ RunTime:0.001000s ]
INFO: [ app_end ] --END-- [ RunTime:0.001000s ]

[ 2018-10-19T16:10:20+08:00 ] 127.0.0.1 /index.php/Home/Cart/lst
INFO: [ app_init ] --START--
INFO: Run Behavior\BuildLiteBehavior [ RunTime:0.001000s ]
INFO: [ app_init ] --END-- [ RunTime:0.001000s ]
INFO: [ app_begin ] --START--
INFO: Run Behavior\ReadHtmlCacheBehavior [ RunTime:0.000000s ]
INFO: [ app_begin ] --END-- [ RunTime:0.000000s ]
NOTIC: [2048] Declaration of Home\Model\CartModel::add() should be compatible with Think\Model::add($data = '', $options = Array, $replace = false) C:\phpStudy\PHPTutorial\WWW\phpshop\Application\Home\Model\CartModel.class.php 第 5 行.
SQL: SHOW COLUMNS FROM `pan_cart` [ RunTime:0.0040s ]
SQL: SELECT * FROM `pan_cart` WHERE `member_id` = '10'  [ RunTime:0.0010s ]
SQL: SHOW COLUMNS FROM `pan_goods` [ RunTime:0.0040s ]
SQL: SHOW COLUMNS FROM `pan_shangpin_attr` [ RunTime:0.0030s ]
SQL: SELECT * FROM `pan_goods` WHERE `id` = '40' LIMIT 1   [ RunTime:0.0000s ]
SQL: SELECT `promote_price` FROM `pan_goods` WHERE `id` = '40' AND `promote_price` > 0 AND `promote_start_date` <= '2018-10-19 16:10' AND `promote_end_date` >= '2018-10-19 16:10' LIMIT 1   [ RunTime:0.0010s ]
SQL: SELECT `shop_price` FROM `pan_goods` WHERE `id` = 40 LIMIT 1   [ RunTime:0.0000s ]
SQL: SHOW COLUMNS FROM `pan_member_price` [ RunTime:0.0030s ]
SQL: SELECT `price` FROM `pan_member_price` WHERE `good_id` = '40' AND `level_id` = '2' LIMIT 1   [ RunTime:0.0000s ]
SQL: SELECT a.*,b.attr_name FROM pan_shangpin_attr a left join pan_good_attr b on b.id =a.attr_id  WHERE a.id IN ('95','99')  [ RunTime:0.0000s ]
SQL: SELECT * FROM `pan_goods` WHERE `id` = '38' LIMIT 1   [ RunTime:0.0000s ]
SQL: SELECT `promote_price` FROM `pan_goods` WHERE `id` = '38' AND `promote_price` > 0 AND `promote_start_date` <= '2018-10-19 16:10' AND `promote_end_date` >= '2018-10-19 16:10' LIMIT 1   [ RunTime:0.0010s ]
SQL: SELECT `shop_price` FROM `pan_goods` WHERE `id` = 38 LIMIT 1   [ RunTime:0.0000s ]
SQL: SELECT `price` FROM `pan_member_price` WHERE `good_id` = '38' AND `level_id` = '2' LIMIT 1   [ RunTime:0.0000s ]
SQL: SELECT a.*,b.attr_name FROM pan_shangpin_attr a left join pan_good_attr b on b.id =a.attr_id  WHERE a.id IN ('59','64')  [ RunTime:0.0010s ]
INFO: [ view_parse ] --START--
INFO: [ template_filter ] --START--
INFO: Run Behavior\ContentReplaceBehavior [ RunTime:0.000000s ]
INFO: [ template_filter ] --END-- [ RunTime:0.000000s ]
NOTIC: [8] Use of undefined constant mycar - assumed 'mycar' C:\phpStudy\PHPTutorial\WWW\phpshop\Application\Runtime\Cache\Home\ad731cb508cb3d23cea25bb6848941ce.php 第 66 行.
NOTIC: [8] Use of undefined constant mycar - assumed 'mycar' C:\phpStudy\PHPTutorial\WWW\phpshop\Application\Runtime\Cache\Home\ad731cb508cb3d23cea25bb6848941ce.php 第 69 行.
NOTIC: [8] Use of undefined constant mycar - assumed 'mycar' C:\phpStudy\PHPTutorial\WWW\phpshop\Application\Runtime\Cache\Home\ad731cb508cb3d23cea25bb6848941ce.php 第 70 行.
NOTIC: [8] Use of undefined constant mycar - assumed 'mycar' C:\phpStudy\PHPTutorial\WWW\phpshop\Application\Runtime\Cache\Home\ad731cb508cb3d23cea25bb6848941ce.php 第 71 行.
INFO: Run Behavior\ParseTemplateBehavior [ RunTime:0.009001s ]
INFO: [ view_parse ] --END-- [ RunTime:0.010001s ]
INFO: [ view_filter ] --START--
INFO: Run Behavior\WriteHtmlCacheBehavior [ RunTime:0.000000s ]
INFO: [ view_filter ] --END-- [ RunTime:0.000000s ]
INFO: [ app_end ] --START--
INFO: Run Behavior\ShowPageTraceBehavior [ RunTime:0.001000s ]
INFO: [ app_end ] --END-- [ RunTime:0.001000s ]

[ 2018-10-19T16:10:20+08:00 ] 127.0.0.1 /index.php/Home/Member/ajaxChkLogin
INFO: [ app_init ] --START--
INFO: Run Behavior\BuildLiteBehavior [ RunTime:0.000000s ]
INFO: [ app_init ] --END-- [ RunTime:0.001000s ]
INFO: [ app_begin ] --START--
INFO: Run Behavior\ReadHtmlCacheBehavior [ RunTime:0.001000s ]
INFO: [ app_begin ] --END-- [ RunTime:0.001000s ]
INFO: [ app_end ] --START--
INFO: Run Behavior\ShowPageTraceBehavior [ RunTime:0.002001s ]
INFO: [ app_end ] --END-- [ RunTime:0.002001s ]

[ 2018-10-19T16:10:23+08:00 ] 127.0.0.1 /
INFO: [ app_init ] --START--
INFO: Run Behavior\BuildLiteBehavior [ RunTime:0.000000s ]
INFO: [ app_init ] --END-- [ RunTime:0.001000s ]
INFO: [ app_begin ] --START--
INFO: Run Behavior\ReadHtmlCacheBehavior [ RunTime:0.001000s ]
INFO: [ app_begin ] --END-- [ RunTime:0.001000s ]
SQL: SHOW COLUMNS FROM `pan_good_category` [ RunTime:0.0040s ]
SQL: SHOW COLUMNS FROM `pan_member` [ RunTime:0.0040s ]
SQL: SHOW COLUMNS FROM `pan_goods` [ RunTime:0.0030s ]
SQL: SELECT * FROM `pan_goods` WHERE `is_on_sale` = '是' AND `promote_price` > 0 AND `promote_start_date` <= '2018-10-19 16:10' AND `promote_end_date` >= '2018-10-19 16:10' ORDER BY sort_num asc LIMIT 5   [ RunTime:0.0000s ]
SQL: SELECT * FROM `pan_goods` WHERE `is_on_sale` = '是' AND `is_new` = '是' ORDER BY sort_num asc LIMIT 5   [ RunTime:0.0010s ]
SQL: SELECT * FROM `pan_goods` WHERE `is_on_sale` = '是' AND `is_hot` = '是' ORDER BY sort_num asc LIMIT 5   [ RunTime:0.0000s ]
SQL: SELECT * FROM `pan_goods` WHERE `is_on_sale` = '是' AND `is_best` = '是' ORDER BY sort_num asc LIMIT 5   [ RunTime:0.0000s ]
INFO: [ view_parse ] --START--
NOTIC: [2] file_get_contents(Common/help.html): failed to open stream: No such file or directory C:\phpStudy\PHPTutorial\WWW\phpshop\ThinkPHP\Library\Think\Template.class.php 第 696 行.
INFO: [ template_filter ] --START--
INFO: Run Behavior\ContentReplaceBehavior [ RunTime:0.000000s ]
INFO: [ template_filter ] --END-- [ RunTime:0.000000s ]
NOTIC: [8] Undefined index: children C:\phpStudy\PHPTutorial\WWW\phpshop\Application\Runtime\Cache\Home\2a94b8bda04ff446dcedd42276fc99ee.php 第 164 行.
NOTIC: [2] Invalid argument supplied for foreach() C:\phpStudy\PHPTutorial\WWW\phpshop\Application\Runtime\Cache\Home\2a94b8bda04ff446dcedd42276fc99ee.php 第 164 行.
NOTIC: [8] Undefined index: children C:\phpStudy\PHPTutorial\WWW\phpshop\Application\Runtime\Cache\Home\2a94b8bda04ff446dcedd42276fc99ee.php 第 164 行.
NOTIC: [2] Invalid argument supplied for foreach() C:\phpStudy\PHPTutorial\WWW\phpshop\Application\Runtime\Cache\Home\2a94b8bda04ff446dcedd42276fc99ee.php 第 164 行.
NOTIC: [8] Undefined index: children C:\phpStudy\PHPTutorial\WWW\phpshop\Application\Runtime\Cache\Home\2a94b8bda04ff446dcedd42276fc99ee.php 第 164 行.
NOTIC: [2] Invalid argument supplied for foreach() C:\phpStudy\PHPTutorial\WWW\phpshop\Application\Runtime\Cache\Home\2a94b8bda04ff446dcedd42276fc99ee.php 第 164 行.
NOTIC: [8] Undefined index: children C:\phpStudy\PHPTutorial\WWW\phpshop\Application\Runtime\Cache\Home\2a94b8bda04ff446dcedd42276fc99ee.php 第 164 行.
NOTIC: [2] Invalid argument supplied for foreach() C:\phpStudy\PHPTutorial\WWW\phpshop\Application\Runtime\Cache\Home\2a94b8bda04ff446dcedd42276fc99ee.php 第 164 行.
NOTIC: [8] Undefined index: children C:\phpStudy\PHPTutorial\WWW\phpshop\Application\Runtime\Cache\Home\2a94b8bda04ff446dcedd42276fc99ee.php 第 164 行.
NOTIC: [2] Invalid argument supplied for foreach() C:\phpStudy\PHPTutorial\WWW\phpshop\Application\Runtime\Cache\Home\2a94b8bda04ff446dcedd42276fc99ee.php 第 164 行.
NOTIC: [8] Undefined index: children C:\phpStudy\PHPTutorial\WWW\phpshop\Application\Runtime\Cache\Home\2a94b8bda04ff446dcedd42276fc99ee.php 第 164 行.
NOTIC: [2] Invalid argument supplied for foreach() C:\phpStudy\PHPTutorial\WWW\phpshop\Application\Runtime\Cache\Home\2a94b8bda04ff446dcedd42276fc99ee.php 第 164 行.
NOTIC: [8] Undefined index: children C:\phpStudy\PHPTutorial\WWW\phpshop\Application\Runtime\Cache\Home\2a94b8bda04ff446dcedd42276fc99ee.php 第 160 行.
NOTIC: [2] Invalid argument supplied for foreach() C:\phpStudy\PHPTutorial\WWW\phpshop\Application\Runtime\Cache\Home\2a94b8bda04ff446dcedd42276fc99ee.php 第 160 行.
NOTIC: [8] Undefined index: children C:\phpStudy\PHPTutorial\WWW\phpshop\Application\Runtime\Cache\Home\2a94b8bda04ff446dcedd42276fc99ee.php 第 160 行.
NOTIC: [2] Invalid argument supplied for foreach() C:\phpStudy\PHPTutorial\WWW\phpshop\Application\Runtime\Cache\Home\2a94b8bda04ff446dcedd42276fc99ee.php 第 160 行.
NOTIC: [8] Undefined index: children C:\phpStudy\PHPTutorial\WWW\phpshop\Application\Runtime\Cache\Home\2a94b8bda04ff446dcedd42276fc99ee.php 第 160 行.
NOTIC: [2] Invalid argument supplied for foreach() C:\phpStudy\PHPTutorial\WWW\phpshop\Application\Runtime\Cache\Home\2a94b8bda04ff446dcedd42276fc99ee.php 第 160 行.
NOTIC: [8] Undefined index: children C:\phpStudy\PHPTutorial\WWW\phpshop\Application\Runtime\Cache\Home\2a94b8bda04ff446dcedd42276fc99ee.php 第 160 行.
NOTIC: [2] Invalid argument supplied for foreach() C:\phpStudy\PHPTutorial\WWW\phpshop\Application\Runtime\Cache\Home\2a94b8bda04ff446dcedd42276fc99ee.php 第 160 行.
NOTIC: [8] Undefined index: children C:\phpStudy\PHPTutorial\WWW\phpshop\Application\Runtime\Cache\Home\2a94b8bda04ff446dcedd42276fc99ee.php 第 160 行.
NOTIC: [2] Invalid argument supplied for foreach() C:\phpStudy\PHPTutorial\WWW\phpshop\Application\Runtime\Cache\Home\2a94b8bda04ff446dcedd42276fc99ee.php 第 160 行.
NOTIC: [8] Undefined index: children C:\phpStudy\PHPTutorial\WWW\phpshop\Application\Runtime\Cache\Home\2a94b8bda04ff446dcedd42276fc99ee.php 第 160 行.
NOTIC: [2] Invalid argument supplied for foreach() C:\phpStudy\PHPTutorial\WWW\phpshop\Application\Runtime\Cache\Home\2a94b8bda04ff446dcedd42276fc99ee.php 第 160 行.
NOTIC: [8] Undefined index: children C:\phpStudy\PHPTutorial\WWW\phpshop\Application\Runtime\Cache\Home\2a94b8bda04ff446dcedd42276fc99ee.php 第 160 行.
NOTIC: [2] Invalid argument supplied for foreach() C:\phpStudy\PHPTutorial\WWW\phpshop\Application\Runtime\Cache\Home\2a94b8bda04ff446dcedd42276fc99ee.php 第 160 行.
NOTIC: [8] Undefined index: children C:\phpStudy\PHPTutorial\WWW\phpshop\Application\Runtime\Cache\Home\2a94b8bda04ff446dcedd42276fc99ee.php 第 160 行.
NOTIC: [2] Invalid argument supplied for foreach() C:\phpStudy\PHPTutorial\WWW\phpshop\Application\Runtime\Cache\Home\2a94b8bda04ff446dcedd42276fc99ee.php 第 160 行.
NOTIC: [8] Undefined index: children C:\phpStudy\PHPTutorial\WWW\phpshop\Application\Runtime\Cache\Home\2a94b8bda04ff446dcedd42276fc99ee.php 第 160 行.
NOTIC: [2] Invalid argument supplied for foreach() C:\phpStudy\PHPTutorial\WWW\phpshop\Application\Runtime\Cache\Home\2a94b8bda04ff446dcedd42276fc99ee.php 第 160 行.
NOTIC: [8] Undefined index: children C:\phpStudy\PHPTutorial\WWW\phpshop\Application\Runtime\Cache\Home\2a94b8bda04ff446dcedd42276fc99ee.php 第 160 行.
NOTIC: [2] Invalid argument supplied for foreach() C:\phpStudy\PHPTutorial\WWW\phpshop\Application\Runtime\Cache\Home\2a94b8bda04ff446dcedd42276fc99ee.php 第 160 行.
NOTIC: [8] Undefined index: children C:\phpStudy\PHPTutorial\WWW\phpshop\Application\Runtime\Cache\Home\2a94b8bda04ff446dcedd42276fc99ee.php 第 160 行.
NOTIC: [2] Invalid argument supplied for foreach() C:\phpStudy\PHPTutorial\WWW\phpshop\Application\Runtime\Cache\Home\2a94b8bda04ff446dcedd42276fc99ee.php 第 160 行.
INFO: Run Behavior\ParseTemplateBehavior [ RunTime:0.012001s ]
INFO: [ view_parse ] --END-- [ RunTime:0.012001s ]
INFO: [ view_filter ] --START--
INFO: Run Behavior\WriteHtmlCacheBehavior [ RunTime:0.001000s ]
INFO: [ view_filter ] --END-- [ RunTime:0.001000s ]
INFO: [ app_end ] --START--
INFO: Run Behavior\ShowPageTraceBehavior [ RunTime:0.001000s ]
INFO: [ app_end ] --END-- [ RunTime:0.001000s ]

[ 2018-10-19T16:10:23+08:00 ] 127.0.0.1 /index.php/Home/Member/ajaxChkLogin
INFO: [ app_init ] --START--
INFO: Run Behavior\BuildLiteBehavior [ RunTime:0.000000s ]
INFO: [ app_init ] --END-- [ RunTime:0.001001s ]
INFO: [ app_begin ] --START--
INFO: Run Behavior\ReadHtmlCacheBehavior [ RunTime:0.002000s ]
INFO: [ app_begin ] --END-- [ RunTime:0.002000s ]
INFO: [ app_end ] --START--
INFO: Run Behavior\ShowPageTraceBehavior [ RunTime:0.001000s ]
INFO: [ app_end ] --END-- [ RunTime:0.001000s ]

[ 2018-10-19T16:10:23+08:00 ] 127.0.0.1 /index.php/Home/Cart/ajaxCarCount
INFO: [ app_init ] --START--
INFO: Run Behavior\BuildLiteBehavior [ RunTime:0.000000s ]
INFO: [ app_init ] --END-- [ RunTime:0.000000s ]
INFO: [ app_begin ] --START--
INFO: Run Behavior\ReadHtmlCacheBehavior [ RunTime:0.000000s ]
INFO: [ app_begin ] --END-- [ RunTime:0.000000s ]
NOTIC: [2048] Declaration of Home\Model\CartModel::add() should be compatible with Think\Model::add($data = '', $options = Array, $replace = false) C:\phpStudy\PHPTutorial\WWW\phpshop\Application\Home\Model\CartModel.class.php 第 5 行.
SQL: SHOW COLUMNS FROM `pan_cart` [ RunTime:0.0030s ]
SQL: SELECT COUNT(*) AS tp_count FROM `pan_cart` WHERE `member_id` = '10' LIMIT 1   [ RunTime:0.0000s ]
INFO: [ app_end ] --START--
INFO: Run Behavior\ShowPageTraceBehavior [ RunTime:0.001000s ]
INFO: [ app_end ] --END-- [ RunTime:0.001000s ]

