[ 2018-09-01T17:21:37+08:00 ] 127.0.0.1 /index.php/Gii/Index/index.html
INFO: [ app_init ] --START--
INFO: Run Behavior\BuildLiteBehavior [ RunTime:0.000015s ]
INFO: [ app_init ] --END-- [ RunTime:0.000439s ]
INFO: [ app_begin ] --START--
INFO: Run Behavior\ReadHtmlCacheBehavior [ RunTime:0.000615s ]
INFO: [ app_begin ] --END-- [ RunTime:0.000664s ]
INFO: [ view_parse ] --START--
INFO: [ template_filter ] --START--
INFO: Run Behavior\ContentReplaceBehavior [ RunTime:0.000038s ]
INFO: [ template_filter ] --END-- [ RunTime:0.000086s ]
INFO: Run Behavior\ParseTemplateBehavior [ RunTime:0.060458s ]
INFO: [ view_parse ] --END-- [ RunTime:0.060519s ]
INFO: [ view_filter ] --START--
INFO: Run Behavior\WriteHtmlCacheBehavior [ RunTime:0.000426s ]
INFO: [ view_filter ] --END-- [ RunTime:0.000463s ]
INFO: [ app_end ] --START--
INFO: Run Behavior\ShowPageTraceBehavior [ RunTime:0.000636s ]
INFO: [ app_end ] --END-- [ RunTime:0.000674s ]

[ 2018-09-01T17:21:54+08:00 ] 127.0.0.1 /index.php/Gii/Index/index.html
INFO: [ app_init ] --START--
INFO: Run Behavior\BuildLiteBehavior [ RunTime:0.000011s ]
INFO: [ app_init ] --END-- [ RunTime:0.000327s ]
INFO: [ app_begin ] --START--
INFO: Run Behavior\ReadHtmlCacheBehavior [ RunTime:0.000506s ]
INFO: [ app_begin ] --END-- [ RunTime:0.000556s ]
SQL: show table status WHERE Name LIKE 'pan_good_type' [ RunTime:0.0008s ]
SQL: SHOW FULL FIELDS FROM pan_good_type [ RunTime:0.0589s ]
INFO: [ view_parse ] --START--
INFO: [ template_filter ] --START--
INFO: Run Behavior\ContentReplaceBehavior [ RunTime:0.000032s ]
INFO: [ template_filter ] --END-- [ RunTime:0.000077s ]
INFO: Run Behavior\ParseTemplateBehavior [ RunTime:0.156083s ]
INFO: [ view_parse ] --END-- [ RunTime:0.156149s ]
INFO: [ view_filter ] --START--
INFO: Run Behavior\WriteHtmlCacheBehavior [ RunTime:0.000611s ]
INFO: [ view_filter ] --END-- [ RunTime:0.000660s ]

[ 2018-09-01T17:21:55+08:00 ] 127.0.0.1 /index.php/Gii/Index/index.html
INFO: [ app_init ] --START--
INFO: Run Behavior\BuildLiteBehavior [ RunTime:0.000019s ]
INFO: [ app_init ] --END-- [ RunTime:0.000439s ]
INFO: [ app_begin ] --START--
INFO: Run Behavior\ReadHtmlCacheBehavior [ RunTime:0.000519s ]
INFO: [ app_begin ] --END-- [ RunTime:0.000562s ]
INFO: [ view_parse ] --START--
INFO: [ template_filter ] --START--
INFO: Run Behavior\ContentReplaceBehavior [ RunTime:0.000045s ]
INFO: [ template_filter ] --END-- [ RunTime:0.000116s ]
INFO: Run Behavior\ParseTemplateBehavior [ RunTime:0.006120s ]
INFO: [ view_parse ] --END-- [ RunTime:0.006187s ]
INFO: [ view_filter ] --START--
INFO: Run Behavior\WriteHtmlCacheBehavior [ RunTime:0.000586s ]
INFO: [ view_filter ] --END-- [ RunTime:0.000631s ]
INFO: [ app_end ] --START--
INFO: Run Behavior\ShowPageTraceBehavior [ RunTime:0.000660s ]
INFO: [ app_end ] --END-- [ RunTime:0.000700s ]

[ 2018-09-01T17:22:55+08:00 ] 127.0.0.1 /index.php/Gii/Index/index.html
INFO: [ app_init ] --START--
INFO: Run Behavior\BuildLiteBehavior [ RunTime:0.000012s ]
INFO: [ app_init ] --END-- [ RunTime:0.000310s ]
INFO: [ app_begin ] --START--
INFO: Run Behavior\ReadHtmlCacheBehavior [ RunTime:0.000505s ]
INFO: [ app_begin ] --END-- [ RunTime:0.000547s ]
NOTIC: [8] Undefined index: Type D:\phpStudy\PHPTutorial\WWW\testshop\Application\Gii\Code_templates\lst.html 第 34 行.
NOTIC: [8] Undefined index: Type D:\phpStudy\PHPTutorial\WWW\testshop\Application\Gii\Code_templates\lst.html 第 34 行.
NOTIC: [8] Undefined index: Field D:\phpStudy\PHPTutorial\WWW\testshop\Application\Gii\Code_templates\lst.html 第 41 行.
INFO: [ view_parse ] --START--
INFO: [ template_filter ] --START--
INFO: Run Behavior\ContentReplaceBehavior [ RunTime:0.000028s ]
INFO: [ template_filter ] --END-- [ RunTime:0.000068s ]
INFO: Run Behavior\ParseTemplateBehavior [ RunTime:0.005498s ]
INFO: [ view_parse ] --END-- [ RunTime:0.005565s ]
INFO: [ view_filter ] --START--
INFO: Run Behavior\WriteHtmlCacheBehavior [ RunTime:0.000563s ]
INFO: [ view_filter ] --END-- [ RunTime:0.000611s ]

[ 2018-09-01T17:22:56+08:00 ] 127.0.0.1 /index.php/Gii/Index/index.html
INFO: [ app_init ] --START--
INFO: Run Behavior\BuildLiteBehavior [ RunTime:0.000014s ]
INFO: [ app_init ] --END-- [ RunTime:0.000373s ]
INFO: [ app_begin ] --START--
INFO: Run Behavior\ReadHtmlCacheBehavior [ RunTime:0.000646s ]
INFO: [ app_begin ] --END-- [ RunTime:0.000699s ]
INFO: [ view_parse ] --START--
INFO: [ template_filter ] --START--
INFO: Run Behavior\ContentReplaceBehavior [ RunTime:0.000031s ]
INFO: [ template_filter ] --END-- [ RunTime:0.000075s ]
INFO: Run Behavior\ParseTemplateBehavior [ RunTime:0.006058s ]
INFO: [ view_parse ] --END-- [ RunTime:0.006111s ]
INFO: [ view_filter ] --START--
INFO: Run Behavior\WriteHtmlCacheBehavior [ RunTime:0.000404s ]
INFO: [ view_filter ] --END-- [ RunTime:0.000440s ]
INFO: [ app_end ] --START--
INFO: Run Behavior\ShowPageTraceBehavior [ RunTime:0.000617s ]
INFO: [ app_end ] --END-- [ RunTime:0.000654s ]

[ 2018-09-01T18:55:21+08:00 ] 127.0.0.1 /index.php/Gii/Index/index.html
INFO: [ app_init ] --START--
INFO: Run Behavior\BuildLiteBehavior [ RunTime:0.000013s ]
INFO: [ app_init ] --END-- [ RunTime:0.000346s ]
INFO: [ app_begin ] --START--
INFO: Run Behavior\ReadHtmlCacheBehavior [ RunTime:0.000578s ]
INFO: [ app_begin ] --END-- [ RunTime:0.000621s ]
INFO: [ view_parse ] --START--
INFO: [ template_filter ] --START--
INFO: Run Behavior\ContentReplaceBehavior [ RunTime:0.000030s ]
INFO: [ template_filter ] --END-- [ RunTime:0.000069s ]
INFO: Run Behavior\ParseTemplateBehavior [ RunTime:0.027384s ]
INFO: [ view_parse ] --END-- [ RunTime:0.027435s ]
INFO: [ view_filter ] --START--
INFO: Run Behavior\WriteHtmlCacheBehavior [ RunTime:0.000382s ]
INFO: [ view_filter ] --END-- [ RunTime:0.000414s ]
INFO: [ app_end ] --START--
INFO: Run Behavior\ShowPageTraceBehavior [ RunTime:0.000727s ]
INFO: [ app_end ] --END-- [ RunTime:0.000763s ]

[ 2018-09-01T18:55:35+08:00 ] 127.0.0.1 /index.php/Gii/Index/index.html
INFO: [ app_init ] --START--
INFO: Run Behavior\BuildLiteBehavior [ RunTime:0.000013s ]
INFO: [ app_init ] --END-- [ RunTime:0.000313s ]
INFO: [ app_begin ] --START--
INFO: Run Behavior\ReadHtmlCacheBehavior [ RunTime:0.000504s ]
INFO: [ app_begin ] --END-- [ RunTime:0.000547s ]
SQL: show table status WHERE Name LIKE 'pan_good_attr' [ RunTime:0.0014s ]
SQL: SHOW FULL FIELDS FROM pan_good_attr [ RunTime:0.0157s ]
INFO: [ view_parse ] --START--
INFO: [ template_filter ] --START--
INFO: Run Behavior\ContentReplaceBehavior [ RunTime:0.000078s ]
INFO: [ template_filter ] --END-- [ RunTime:0.000198s ]
INFO: Run Behavior\ParseTemplateBehavior [ RunTime:0.013344s ]
INFO: [ view_parse ] --END-- [ RunTime:0.013477s ]
INFO: [ view_filter ] --START--
INFO: Run Behavior\WriteHtmlCacheBehavior [ RunTime:0.000933s ]
INFO: [ view_filter ] --END-- [ RunTime:0.001015s ]

[ 2018-09-01T18:55:36+08:00 ] 127.0.0.1 /index.php/Gii/Index/index.html
INFO: [ app_init ] --START--
INFO: Run Behavior\BuildLiteBehavior [ RunTime:0.000018s ]
INFO: [ app_init ] --END-- [ RunTime:0.000338s ]
INFO: [ app_begin ] --START--
INFO: Run Behavior\ReadHtmlCacheBehavior [ RunTime:0.000707s ]
INFO: [ app_begin ] --END-- [ RunTime:0.000767s ]
INFO: [ view_parse ] --START--
INFO: [ template_filter ] --START--
INFO: Run Behavior\ContentReplaceBehavior [ RunTime:0.000039s ]
INFO: [ template_filter ] --END-- [ RunTime:0.000102s ]
INFO: Run Behavior\ParseTemplateBehavior [ RunTime:0.005639s ]
INFO: [ view_parse ] --END-- [ RunTime:0.005688s ]
INFO: [ view_filter ] --START--
INFO: Run Behavior\WriteHtmlCacheBehavior [ RunTime:0.000386s ]
INFO: [ view_filter ] --END-- [ RunTime:0.000418s ]
INFO: [ app_end ] --START--
INFO: Run Behavior\ShowPageTraceBehavior [ RunTime:0.000597s ]
INFO: [ app_end ] --END-- [ RunTime:0.000633s ]

[ 2018-09-01T18:55:47+08:00 ] 127.0.0.1 /index.php/Gii/Index/index.html
INFO: [ app_init ] --START--
INFO: Run Behavior\BuildLiteBehavior [ RunTime:0.000012s ]
INFO: [ app_init ] --END-- [ RunTime:0.000304s ]
INFO: [ app_begin ] --START--
INFO: Run Behavior\ReadHtmlCacheBehavior [ RunTime:0.000736s ]
INFO: [ app_begin ] --END-- [ RunTime:0.000793s ]
NOTIC: [8] Undefined index: Type D:\phpStudy\PHPTutorial\WWW\testshop\Application\Gii\Code_templates\lst.html 第 34 行.
NOTIC: [8] Undefined index: Type D:\phpStudy\PHPTutorial\WWW\testshop\Application\Gii\Code_templates\lst.html 第 34 行.
NOTIC: [8] Undefined index: Type D:\phpStudy\PHPTutorial\WWW\testshop\Application\Gii\Code_templates\lst.html 第 34 行.
NOTIC: [8] Undefined index: Type D:\phpStudy\PHPTutorial\WWW\testshop\Application\Gii\Code_templates\lst.html 第 34 行.
NOTIC: [8] Undefined index: Type D:\phpStudy\PHPTutorial\WWW\testshop\Application\Gii\Code_templates\lst.html 第 34 行.
NOTIC: [8] Undefined index: Type D:\phpStudy\PHPTutorial\WWW\testshop\Application\Gii\Code_templates\lst.html 第 34 行.
NOTIC: [8] Undefined index: Type D:\phpStudy\PHPTutorial\WWW\testshop\Application\Gii\Code_templates\lst.html 第 34 行.
NOTIC: [8] Undefined index: Type D:\phpStudy\PHPTutorial\WWW\testshop\Application\Gii\Code_templates\lst.html 第 34 行.
NOTIC: [8] Undefined index: Type D:\phpStudy\PHPTutorial\WWW\testshop\Application\Gii\Code_templates\lst.html 第 34 行.
NOTIC: [8] Undefined index: Type D:\phpStudy\PHPTutorial\WWW\testshop\Application\Gii\Code_templates\lst.html 第 34 行.
NOTIC: [8] Undefined index: Field D:\phpStudy\PHPTutorial\WWW\testshop\Application\Gii\Code_templates\lst.html 第 41 行.
NOTIC: [8] Undefined index: Field D:\phpStudy\PHPTutorial\WWW\testshop\Application\Gii\Code_templates\lst.html 第 41 行.
NOTIC: [8] Undefined index: Field D:\phpStudy\PHPTutorial\WWW\testshop\Application\Gii\Code_templates\lst.html 第 41 行.
NOTIC: [8] Undefined index: Field D:\phpStudy\PHPTutorial\WWW\testshop\Application\Gii\Code_templates\lst.html 第 41 行.
NOTIC: [8] Undefined index: Field D:\phpStudy\PHPTutorial\WWW\testshop\Application\Gii\Code_templates\lst.html 第 41 行.
INFO: [ view_parse ] --START--
INFO: [ template_filter ] --START--
INFO: Run Behavior\ContentReplaceBehavior [ RunTime:0.000075s ]
INFO: [ template_filter ] --END-- [ RunTime:0.000173s ]
INFO: Run Behavior\ParseTemplateBehavior [ RunTime:0.013151s ]
INFO: [ view_parse ] --END-- [ RunTime:0.013266s ]
INFO: [ view_filter ] --START--
INFO: Run Behavior\WriteHtmlCacheBehavior [ RunTime:0.000869s ]
INFO: [ view_filter ] --END-- [ RunTime:0.000952s ]

[ 2018-09-01T18:55:48+08:00 ] 127.0.0.1 /index.php/Gii/Index/index.html
INFO: [ app_init ] --START--
INFO: Run Behavior\BuildLiteBehavior [ RunTime:0.000023s ]
INFO: [ app_init ] --END-- [ RunTime:0.000476s ]
INFO: [ app_begin ] --START--
INFO: Run Behavior\ReadHtmlCacheBehavior [ RunTime:0.000544s ]
INFO: [ app_begin ] --END-- [ RunTime:0.000589s ]
INFO: [ view_parse ] --START--
INFO: [ template_filter ] --START--
INFO: Run Behavior\ContentReplaceBehavior [ RunTime:0.000037s ]
INFO: [ template_filter ] --END-- [ RunTime:0.000094s ]
INFO: Run Behavior\ParseTemplateBehavior [ RunTime:0.007138s ]
INFO: [ view_parse ] --END-- [ RunTime:0.007201s ]
INFO: [ view_filter ] --START--
INFO: Run Behavior\WriteHtmlCacheBehavior [ RunTime:0.000443s ]
INFO: [ view_filter ] --END-- [ RunTime:0.000481s ]
INFO: [ app_end ] --START--
INFO: Run Behavior\ShowPageTraceBehavior [ RunTime:0.000650s ]
INFO: [ app_end ] --END-- [ RunTime:0.000688s ]

