[ 2018-08-31T22:09:28+08:00 ] 127.0.0.1 /index.php/Admin/
INFO: [ app_init ] --START--
INFO: Run Behavior\BuildLiteBehavior [ RunTime:0.000048s ]
INFO: [ app_init ] --END-- [ RunTime:0.001385s ]
INFO: [ app_begin ] --START--
INFO: Run Behavior\ReadHtmlCacheBehavior [ RunTime:0.009474s ]
INFO: [ app_begin ] --END-- [ RunTime:0.009628s ]
INFO: [ view_parse ] --START--
INFO: [ template_filter ] --START--
INFO: Run Behavior\ContentReplaceBehavior [ RunTime:0.000177s ]
INFO: [ template_filter ] --END-- [ RunTime:0.000272s ]
INFO: Run Behavior\ParseTemplateBehavior [ RunTime:0.036027s ]
INFO: [ view_parse ] --END-- [ RunTime:0.036119s ]
INFO: [ view_filter ] --START--
INFO: Run Behavior\WriteHtmlCacheBehavior [ RunTime:0.000593s ]
INFO: [ view_filter ] --END-- [ RunTime:0.000655s ]
INFO: [ app_end ] --START--
INFO: Run Behavior\ShowPageTraceBehavior [ RunTime:0.004133s ]
INFO: [ app_end ] --END-- [ RunTime:0.004199s ]

[ 2018-08-31T22:09:28+08:00 ] 127.0.0.1 /index.php/Admin/Index/menu.html
INFO: [ app_init ] --START--
INFO: Run Behavior\BuildLiteBehavior [ RunTime:0.000021s ]
INFO: [ app_init ] --END-- [ RunTime:0.000505s ]
INFO: [ app_begin ] --START--
INFO: Run Behavior\ReadHtmlCacheBehavior [ RunTime:0.000918s ]
INFO: [ app_begin ] --END-- [ RunTime:0.000994s ]
INFO: [ view_parse ] --START--
INFO: [ template_filter ] --START--
INFO: Run Behavior\ContentReplaceBehavior [ RunTime:0.000108s ]
INFO: [ template_filter ] --END-- [ RunTime:0.000176s ]
INFO: Run Behavior\ParseTemplateBehavior [ RunTime:0.031326s ]
INFO: [ view_parse ] --END-- [ RunTime:0.031402s ]
INFO: [ view_filter ] --START--
INFO: Run Behavior\WriteHtmlCacheBehavior [ RunTime:0.000612s ]
INFO: [ view_filter ] --END-- [ RunTime:0.000667s ]
INFO: [ app_end ] --START--
INFO: Run Behavior\ShowPageTraceBehavior [ RunTime:0.001287s ]
INFO: [ app_end ] --END-- [ RunTime:0.001366s ]

[ 2018-08-31T22:09:28+08:00 ] 127.0.0.1 /index.php/Admin/Index/main.html
INFO: [ app_init ] --START--
INFO: Run Behavior\BuildLiteBehavior [ RunTime:0.000017s ]
INFO: [ app_init ] --END-- [ RunTime:0.000507s ]
INFO: [ app_begin ] --START--
INFO: Run Behavior\ReadHtmlCacheBehavior [ RunTime:0.000867s ]
INFO: [ app_begin ] --END-- [ RunTime:0.000940s ]
INFO: [ view_parse ] --START--
INFO: [ template_filter ] --START--
INFO: Run Behavior\ContentReplaceBehavior [ RunTime:0.000062s ]
INFO: [ template_filter ] --END-- [ RunTime:0.000132s ]
INFO: Run Behavior\ParseTemplateBehavior [ RunTime:0.010503s ]
INFO: [ view_parse ] --END-- [ RunTime:0.010589s ]
INFO: [ view_filter ] --START--
INFO: Run Behavior\WriteHtmlCacheBehavior [ RunTime:0.000592s ]
INFO: [ view_filter ] --END-- [ RunTime:0.000665s ]
INFO: [ app_end ] --START--
INFO: Run Behavior\ShowPageTraceBehavior [ RunTime:0.001742s ]
INFO: [ app_end ] --END-- [ RunTime:0.001811s ]

[ 2018-08-31T22:09:28+08:00 ] 127.0.0.1 /index.php/Admin/Index/top.html
INFO: [ app_init ] --START--
INFO: Run Behavior\BuildLiteBehavior [ RunTime:0.000020s ]
INFO: [ app_init ] --END-- [ RunTime:0.000514s ]
INFO: [ app_begin ] --START--
INFO: Run Behavior\ReadHtmlCacheBehavior [ RunTime:0.000862s ]
INFO: [ app_begin ] --END-- [ RunTime:0.000934s ]
INFO: [ view_parse ] --START--
INFO: [ template_filter ] --START--
INFO: Run Behavior\ContentReplaceBehavior [ RunTime:0.000065s ]
INFO: [ template_filter ] --END-- [ RunTime:0.000145s ]
INFO: Run Behavior\ParseTemplateBehavior [ RunTime:0.008221s ]
INFO: [ view_parse ] --END-- [ RunTime:0.008416s ]
INFO: [ view_filter ] --START--
INFO: Run Behavior\WriteHtmlCacheBehavior [ RunTime:0.000574s ]
INFO: [ view_filter ] --END-- [ RunTime:0.000646s ]
INFO: [ app_end ] --START--
INFO: Run Behavior\ShowPageTraceBehavior [ RunTime:0.000597s ]
INFO: [ app_end ] --END-- [ RunTime:0.000647s ]

[ 2018-08-31T22:09:34+08:00 ] 127.0.0.1 /index.php/Admin/Goods/lst.html
INFO: [ app_init ] --START--
INFO: Run Behavior\BuildLiteBehavior [ RunTime:0.000020s ]
INFO: [ app_init ] --END-- [ RunTime:0.000577s ]
INFO: [ app_begin ] --START--
INFO: Run Behavior\ReadHtmlCacheBehavior [ RunTime:0.000860s ]
INFO: [ app_begin ] --END-- [ RunTime:0.000926s ]
NOTIC: [2048] Declaration of Admin\Model\GoodsModel::_after_insert() should be compatible with Think\Model::_after_insert($data, $options) D:\phpStudy\PHPTutorial\WWW\testshop\Application\Admin\Model\GoodsModel.class.php 第 5 行.
SQL: SHOW COLUMNS FROM `pan_goods` [ RunTime:0.1854s ]
SQL: SELECT COUNT(*) AS tp_count FROM pan_goods a LIMIT 1   [ RunTime:0.0005s ]
SQL: SELECT a.*,b.brand_name,c.catename,group_concat(distinct e.catename) ext_id FROM pan_goods a left join pan_brand b on a.brand_id = b.id
                                left join pan_good_category c on a.category_id = c.id
                                left join pan_good_cat d on a.id = d.good_id
                                left join pan_good_category e on d.category_id = e.id  GROUP BY a.id ORDER BY addtime desc LIMIT 0,5   [ RunTime:0.1479s ]
NOTIC: [2048] Declaration of Admin\Model\GoodCategoryModel::_before_delete() should be compatible with Think\Model::_before_delete($options) D:\phpStudy\PHPTutorial\WWW\testshop\Application\Admin\Model\GoodCategoryModel.class.php 第 71 行.
SQL: SHOW COLUMNS FROM `pan_good_category` [ RunTime:0.0174s ]
SQL: SELECT * FROM `pan_good_category`  [ RunTime:0.0005s ]
INFO: [ view_parse ] --START--
INFO: [ template_filter ] --START--
INFO: Run Behavior\ContentReplaceBehavior [ RunTime:0.000081s ]
INFO: [ template_filter ] --END-- [ RunTime:0.000154s ]
SQL: SHOW COLUMNS FROM `pan_brand` [ RunTime:0.0102s ]
SQL: SELECT `id`,`brand_name` FROM `pan_brand`  [ RunTime:0.0003s ]
INFO: Run Behavior\ParseTemplateBehavior [ RunTime:0.027830s ]
INFO: [ view_parse ] --END-- [ RunTime:0.027910s ]
INFO: [ view_filter ] --START--
INFO: Run Behavior\WriteHtmlCacheBehavior [ RunTime:0.000648s ]
INFO: [ view_filter ] --END-- [ RunTime:0.000710s ]
INFO: [ app_end ] --START--
INFO: Run Behavior\ShowPageTraceBehavior [ RunTime:0.001097s ]
INFO: [ app_end ] --END-- [ RunTime:0.001181s ]

[ 2018-08-31T22:22:59+08:00 ] 127.0.0.1 /index.php/Admin/Goods/add.html
INFO: [ app_init ] --START--
INFO: Run Behavior\BuildLiteBehavior [ RunTime:0.000046s ]
INFO: [ app_init ] --END-- [ RunTime:0.002024s ]
INFO: [ app_begin ] --START--
INFO: Run Behavior\ReadHtmlCacheBehavior [ RunTime:0.002683s ]
INFO: [ app_begin ] --END-- [ RunTime:0.002914s ]
SQL: SHOW COLUMNS FROM `pan_member_level` [ RunTime:0.0561s ]
SQL: SELECT `id`,`level_name` FROM `pan_member_level` ORDER BY jifen_bottom asc  [ RunTime:0.0010s ]
NOTIC: [2048] Declaration of Admin\Model\GoodCategoryModel::_before_delete() should be compatible with Think\Model::_before_delete($options) D:\phpStudy\PHPTutorial\WWW\testshop\Application\Admin\Model\GoodCategoryModel.class.php 第 71 行.
SQL: SHOW COLUMNS FROM `pan_good_category` [ RunTime:0.0206s ]
SQL: SELECT * FROM `pan_good_category`  [ RunTime:0.0013s ]
INFO: [ view_parse ] --START--
INFO: [ template_filter ] --START--
INFO: Run Behavior\ContentReplaceBehavior [ RunTime:0.000245s ]
INFO: [ template_filter ] --END-- [ RunTime:0.000394s ]
SQL: SHOW COLUMNS FROM `pan_brand` [ RunTime:0.0277s ]
SQL: SELECT `id`,`brand_name` FROM `pan_brand`  [ RunTime:0.0008s ]
INFO: Run Behavior\ParseTemplateBehavior [ RunTime:0.094180s ]
INFO: [ view_parse ] --END-- [ RunTime:0.094318s ]
INFO: [ view_filter ] --START--
INFO: Run Behavior\WriteHtmlCacheBehavior [ RunTime:0.001864s ]
INFO: [ view_filter ] --END-- [ RunTime:0.001994s ]
INFO: [ app_end ] --START--
INFO: Run Behavior\ShowPageTraceBehavior [ RunTime:0.003541s ]
INFO: [ app_end ] --END-- [ RunTime:0.003763s ]

[ 2018-08-31T22:26:09+08:00 ] 127.0.0.1 /index.php/Admin/Goods/lst.html
INFO: [ app_init ] --START--
INFO: Run Behavior\BuildLiteBehavior [ RunTime:0.000023s ]
INFO: [ app_init ] --END-- [ RunTime:0.000621s ]
INFO: [ app_begin ] --START--
INFO: Run Behavior\ReadHtmlCacheBehavior [ RunTime:0.001168s ]
INFO: [ app_begin ] --END-- [ RunTime:0.001255s ]
NOTIC: [2048] Declaration of Admin\Model\GoodsModel::_after_insert() should be compatible with Think\Model::_after_insert($data, $options) D:\phpStudy\PHPTutorial\WWW\testshop\Application\Admin\Model\GoodsModel.class.php 第 5 行.
SQL: SHOW COLUMNS FROM `pan_goods` [ RunTime:0.0362s ]
SQL: SELECT COUNT(*) AS tp_count FROM pan_goods a LIMIT 1   [ RunTime:0.0008s ]
SQL: SELECT a.*,b.brand_name,c.catename,group_concat(distinct e.catename) ext_id FROM pan_goods a left join pan_brand b on a.brand_id = b.id
                                left join pan_good_category c on a.category_id = c.id
                                left join pan_good_cat d on a.id = d.good_id
                                left join pan_good_category e on d.category_id = e.id  GROUP BY a.id ORDER BY addtime desc LIMIT 0,5   [ RunTime:0.0224s ]
NOTIC: [2048] Declaration of Admin\Model\GoodCategoryModel::_before_delete() should be compatible with Think\Model::_before_delete($options) D:\phpStudy\PHPTutorial\WWW\testshop\Application\Admin\Model\GoodCategoryModel.class.php 第 71 行.
SQL: SHOW COLUMNS FROM `pan_good_category` [ RunTime:0.0113s ]
SQL: SELECT * FROM `pan_good_category`  [ RunTime:0.0005s ]
INFO: [ view_parse ] --START--
INFO: [ template_filter ] --START--
INFO: Run Behavior\ContentReplaceBehavior [ RunTime:0.000090s ]
INFO: [ template_filter ] --END-- [ RunTime:0.000181s ]
SQL: SHOW COLUMNS FROM `pan_brand` [ RunTime:0.0076s ]
SQL: SELECT `id`,`brand_name` FROM `pan_brand`  [ RunTime:0.0004s ]
INFO: Run Behavior\ParseTemplateBehavior [ RunTime:0.025206s ]
INFO: [ view_parse ] --END-- [ RunTime:0.025264s ]
INFO: [ view_filter ] --START--
INFO: Run Behavior\WriteHtmlCacheBehavior [ RunTime:0.000691s ]
INFO: [ view_filter ] --END-- [ RunTime:0.000724s ]
INFO: [ app_end ] --START--
INFO: Run Behavior\ShowPageTraceBehavior [ RunTime:0.001225s ]
INFO: [ app_end ] --END-- [ RunTime:0.001302s ]

[ 2018-08-31T23:12:54+08:00 ] 127.0.0.1 /index.php/Admin/
INFO: [ app_init ] --START--
INFO: Run Behavior\BuildLiteBehavior [ RunTime:0.000017s ]
INFO: [ app_init ] --END-- [ RunTime:0.000418s ]
INFO: [ app_begin ] --START--
INFO: Run Behavior\ReadHtmlCacheBehavior [ RunTime:0.000694s ]
INFO: [ app_begin ] --END-- [ RunTime:0.000747s ]
INFO: [ view_parse ] --START--
INFO: [ template_filter ] --START--
INFO: Run Behavior\ContentReplaceBehavior [ RunTime:0.000035s ]
INFO: [ template_filter ] --END-- [ RunTime:0.000086s ]
INFO: Run Behavior\ParseTemplateBehavior [ RunTime:0.011232s ]
INFO: [ view_parse ] --END-- [ RunTime:0.011310s ]
INFO: [ view_filter ] --START--
INFO: Run Behavior\WriteHtmlCacheBehavior [ RunTime:0.000464s ]
INFO: [ view_filter ] --END-- [ RunTime:0.000503s ]
INFO: [ app_end ] --START--
INFO: Run Behavior\ShowPageTraceBehavior [ RunTime:0.000718s ]
INFO: [ app_end ] --END-- [ RunTime:0.000760s ]

[ 2018-08-31T23:12:54+08:00 ] 127.0.0.1 /index.php/Admin/Index/menu.html
INFO: [ app_init ] --START--
INFO: Run Behavior\BuildLiteBehavior [ RunTime:0.000032s ]
INFO: [ app_init ] --END-- [ RunTime:0.000823s ]
INFO: [ app_begin ] --START--
INFO: Run Behavior\ReadHtmlCacheBehavior [ RunTime:0.001045s ]
INFO: [ app_begin ] --END-- [ RunTime:0.001123s ]
INFO: [ view_parse ] --START--
INFO: [ template_filter ] --START--
INFO: Run Behavior\ContentReplaceBehavior [ RunTime:0.000125s ]
INFO: [ template_filter ] --END-- [ RunTime:0.000202s ]
INFO: Run Behavior\ParseTemplateBehavior [ RunTime:0.023179s ]
INFO: [ view_parse ] --END-- [ RunTime:0.023237s ]
INFO: [ view_filter ] --START--
INFO: Run Behavior\WriteHtmlCacheBehavior [ RunTime:0.000377s ]
INFO: [ view_filter ] --END-- [ RunTime:0.000410s ]
INFO: [ app_end ] --START--
INFO: Run Behavior\ShowPageTraceBehavior [ RunTime:0.000771s ]
INFO: [ app_end ] --END-- [ RunTime:0.000823s ]

[ 2018-08-31T23:12:54+08:00 ] 127.0.0.1 /index.php/Admin/Index/main.html
INFO: [ app_init ] --START--
INFO: Run Behavior\BuildLiteBehavior [ RunTime:0.000025s ]
INFO: [ app_init ] --END-- [ RunTime:0.000716s ]
INFO: [ app_begin ] --START--
INFO: Run Behavior\ReadHtmlCacheBehavior [ RunTime:0.002034s ]
INFO: [ app_begin ] --END-- [ RunTime:0.002137s ]
INFO: [ view_parse ] --START--
INFO: [ template_filter ] --START--
INFO: Run Behavior\ContentReplaceBehavior [ RunTime:0.000042s ]
INFO: [ template_filter ] --END-- [ RunTime:0.000106s ]
INFO: Run Behavior\ParseTemplateBehavior [ RunTime:0.010693s ]
INFO: [ view_parse ] --END-- [ RunTime:0.010767s ]
INFO: [ view_filter ] --START--
INFO: Run Behavior\WriteHtmlCacheBehavior [ RunTime:0.000530s ]
INFO: [ view_filter ] --END-- [ RunTime:0.000591s ]
INFO: [ app_end ] --START--
INFO: Run Behavior\ShowPageTraceBehavior [ RunTime:0.000999s ]
INFO: [ app_end ] --END-- [ RunTime:0.001064s ]

[ 2018-08-31T23:12:54+08:00 ] 127.0.0.1 /index.php/Admin/Index/top.html
INFO: [ app_init ] --START--
INFO: Run Behavior\BuildLiteBehavior [ RunTime:0.000018s ]
INFO: [ app_init ] --END-- [ RunTime:0.000461s ]
INFO: [ app_begin ] --START--
INFO: Run Behavior\ReadHtmlCacheBehavior [ RunTime:0.002125s ]
INFO: [ app_begin ] --END-- [ RunTime:0.002269s ]
INFO: [ view_parse ] --START--
INFO: [ template_filter ] --START--
INFO: Run Behavior\ContentReplaceBehavior [ RunTime:0.000165s ]
INFO: [ template_filter ] --END-- [ RunTime:0.000375s ]
INFO: Run Behavior\ParseTemplateBehavior [ RunTime:0.011394s ]
INFO: [ view_parse ] --END-- [ RunTime:0.011463s ]
INFO: [ view_filter ] --START--
INFO: Run Behavior\WriteHtmlCacheBehavior [ RunTime:0.000750s ]
INFO: [ view_filter ] --END-- [ RunTime:0.000820s ]
INFO: [ app_end ] --START--
INFO: Run Behavior\ShowPageTraceBehavior [ RunTime:0.000742s ]
INFO: [ app_end ] --END-- [ RunTime:0.000787s ]

[ 2018-08-31T23:12:57+08:00 ] 127.0.0.1 /index.php/Admin/Goods/add.html
INFO: [ app_init ] --START--
INFO: Run Behavior\BuildLiteBehavior [ RunTime:0.000016s ]
INFO: [ app_init ] --END-- [ RunTime:0.000380s ]
INFO: [ app_begin ] --START--
INFO: Run Behavior\ReadHtmlCacheBehavior [ RunTime:0.000599s ]
INFO: [ app_begin ] --END-- [ RunTime:0.000656s ]
SQL: SHOW COLUMNS FROM `pan_member_level` [ RunTime:0.0128s ]
SQL: SELECT `id`,`level_name` FROM `pan_member_level` ORDER BY jifen_bottom asc  [ RunTime:0.0004s ]
NOTIC: [2048] Declaration of Admin\Model\GoodCategoryModel::_before_delete() should be compatible with Think\Model::_before_delete($options) D:\phpStudy\PHPTutorial\WWW\testshop\Application\Admin\Model\GoodCategoryModel.class.php 第 71 行.
SQL: SHOW COLUMNS FROM `pan_good_category` [ RunTime:0.0098s ]
SQL: SELECT * FROM `pan_good_category`  [ RunTime:0.0004s ]
INFO: [ view_parse ] --START--
INFO: [ template_filter ] --START--
INFO: Run Behavior\ContentReplaceBehavior [ RunTime:0.000112s ]
INFO: [ template_filter ] --END-- [ RunTime:0.000186s ]
SQL: SHOW COLUMNS FROM `pan_brand` [ RunTime:0.0084s ]
SQL: SELECT `id`,`brand_name` FROM `pan_brand`  [ RunTime:0.0003s ]
INFO: Run Behavior\ParseTemplateBehavior [ RunTime:0.020450s ]
INFO: [ view_parse ] --END-- [ RunTime:0.020508s ]
INFO: [ view_filter ] --START--
INFO: Run Behavior\WriteHtmlCacheBehavior [ RunTime:0.000646s ]
INFO: [ view_filter ] --END-- [ RunTime:0.000702s ]
INFO: [ app_end ] --START--
INFO: Run Behavior\ShowPageTraceBehavior [ RunTime:0.001199s ]
INFO: [ app_end ] --END-- [ RunTime:0.001278s ]

[ 2018-08-31T23:13:00+08:00 ] 127.0.0.1 /index.php/Admin/Goods/lst.html
INFO: [ app_init ] --START--
INFO: Run Behavior\BuildLiteBehavior [ RunTime:0.000020s ]
INFO: [ app_init ] --END-- [ RunTime:0.000500s ]
INFO: [ app_begin ] --START--
INFO: Run Behavior\ReadHtmlCacheBehavior [ RunTime:0.000810s ]
INFO: [ app_begin ] --END-- [ RunTime:0.000882s ]
NOTIC: [2048] Declaration of Admin\Model\GoodsModel::_after_insert() should be compatible with Think\Model::_after_insert($data, $options) D:\phpStudy\PHPTutorial\WWW\testshop\Application\Admin\Model\GoodsModel.class.php 第 5 行.
SQL: SHOW COLUMNS FROM `pan_goods` [ RunTime:0.0259s ]
SQL: SELECT COUNT(*) AS tp_count FROM pan_goods a LIMIT 1   [ RunTime:0.0008s ]
SQL: SELECT a.*,b.brand_name,c.catename,group_concat(distinct e.catename) ext_id FROM pan_goods a left join pan_brand b on a.brand_id = b.id
                                left join pan_good_category c on a.category_id = c.id
                                left join pan_good_cat d on a.id = d.good_id
                                left join pan_good_category e on d.category_id = e.id  GROUP BY a.id ORDER BY addtime desc LIMIT 0,5   [ RunTime:0.0377s ]
NOTIC: [2048] Declaration of Admin\Model\GoodCategoryModel::_before_delete() should be compatible with Think\Model::_before_delete($options) D:\phpStudy\PHPTutorial\WWW\testshop\Application\Admin\Model\GoodCategoryModel.class.php 第 71 行.
SQL: SHOW COLUMNS FROM `pan_good_category` [ RunTime:0.0141s ]
SQL: SELECT * FROM `pan_good_category`  [ RunTime:0.0006s ]
INFO: [ view_parse ] --START--
INFO: [ template_filter ] --START--
INFO: Run Behavior\ContentReplaceBehavior [ RunTime:0.000082s ]
INFO: [ template_filter ] --END-- [ RunTime:0.000160s ]
SQL: SHOW COLUMNS FROM `pan_brand` [ RunTime:0.0083s ]
SQL: SELECT `id`,`brand_name` FROM `pan_brand`  [ RunTime:0.0003s ]
INFO: Run Behavior\ParseTemplateBehavior [ RunTime:0.055997s ]
INFO: [ view_parse ] --END-- [ RunTime:0.056070s ]
INFO: [ view_filter ] --START--
INFO: Run Behavior\WriteHtmlCacheBehavior [ RunTime:0.000600s ]
INFO: [ view_filter ] --END-- [ RunTime:0.000644s ]
INFO: [ app_end ] --START--
INFO: Run Behavior\ShowPageTraceBehavior [ RunTime:0.001469s ]
INFO: [ app_end ] --END-- [ RunTime:0.001552s ]

[ 2018-08-31T23:13:25+08:00 ] 127.0.0.1 /index.php/Admin/Goods/lst?gn=&brand_id=&cateid=1&fp=&tp=&ios=&fa=&ta=&odby=add_desc
INFO: [ app_init ] --START--
INFO: Run Behavior\BuildLiteBehavior [ RunTime:0.000015s ]
INFO: [ app_init ] --END-- [ RunTime:0.000395s ]
INFO: [ app_begin ] --START--
INFO: Run Behavior\ReadHtmlCacheBehavior [ RunTime:0.000702s ]
INFO: [ app_begin ] --END-- [ RunTime:0.000752s ]
NOTIC: [2048] Declaration of Admin\Model\GoodsModel::_after_insert() should be compatible with Think\Model::_after_insert($data, $options) D:\phpStudy\PHPTutorial\WWW\testshop\Application\Admin\Model\GoodsModel.class.php 第 5 行.
SQL: SHOW COLUMNS FROM `pan_goods` [ RunTime:0.0242s ]
NOTIC: [2048] Declaration of Admin\Model\GoodCategoryModel::_before_delete() should be compatible with Think\Model::_before_delete($options) D:\phpStudy\PHPTutorial\WWW\testshop\Application\Admin\Model\GoodCategoryModel.class.php 第 71 行.
SQL: SHOW COLUMNS FROM `pan_good_category` [ RunTime:0.0189s ]
SQL: SELECT * FROM `pan_good_category`  [ RunTime:0.0010s ]
SQL: SELECT `id` FROM `pan_goods` WHERE `category_id` IN ('17','22','18','19','1')  [ RunTime:0.0009s ]
SQL: SHOW COLUMNS FROM `pan_good_cat` [ RunTime:0.0232s ]
SQL: SELECT distinct good_id FROM `pan_good_cat` WHERE `category_id` IN ('17','22','18','19','1')  [ RunTime:0.0009s ]

[ 2018-08-31T23:27:44+08:00 ] 127.0.0.1 /index.php/Admin/Goods/lst?gn=&brand_id=&cateid=1&fp=&tp=&ios=&fa=&ta=&odby=add_desc
INFO: [ app_init ] --START--
INFO: Run Behavior\BuildLiteBehavior [ RunTime:0.000015s ]
INFO: [ app_init ] --END-- [ RunTime:0.000397s ]
INFO: [ app_begin ] --START--
INFO: Run Behavior\ReadHtmlCacheBehavior [ RunTime:0.000738s ]
INFO: [ app_begin ] --END-- [ RunTime:0.000794s ]
NOTIC: [2048] Declaration of Admin\Model\GoodsModel::_after_insert() should be compatible with Think\Model::_after_insert($data, $options) D:\phpStudy\PHPTutorial\WWW\testshop\Application\Admin\Model\GoodsModel.class.php 第 5 行.
SQL: SHOW COLUMNS FROM `pan_goods` [ RunTime:0.0231s ]
NOTIC: [2048] Declaration of Admin\Model\GoodCategoryModel::_before_delete() should be compatible with Think\Model::_before_delete($options) D:\phpStudy\PHPTutorial\WWW\testshop\Application\Admin\Model\GoodCategoryModel.class.php 第 71 行.
SQL: SHOW COLUMNS FROM `pan_good_category` [ RunTime:0.0195s ]
SQL: SELECT * FROM `pan_good_category`  [ RunTime:0.0011s ]
SQL: SELECT `id` FROM `pan_goods` WHERE `category_id` IN ('17','22','18','19','1')  [ RunTime:0.0007s ]
SQL: SHOW COLUMNS FROM `pan_good_cat` [ RunTime:0.0194s ]
SQL: SELECT distinct good_id id FROM `pan_good_cat` WHERE `category_id` IN ('17','22','18','19','1')  [ RunTime:0.0009s ]

[ 2018-08-31T23:41:46+08:00 ] 127.0.0.1 /index.php/Admin/Goods/lst?gn=&brand_id=&cateid=1&fp=&tp=&ios=&fa=&ta=&odby=add_desc
INFO: [ app_init ] --START--
INFO: Run Behavior\BuildLiteBehavior [ RunTime:0.000017s ]
INFO: [ app_init ] --END-- [ RunTime:0.000416s ]
INFO: [ app_begin ] --START--
INFO: Run Behavior\ReadHtmlCacheBehavior [ RunTime:0.000690s ]
INFO: [ app_begin ] --END-- [ RunTime:0.000744s ]

[ 2018-08-31T23:42:06+08:00 ] 127.0.0.1 /index.php/Admin/Goods/lst?gn=&brand_id=&cateid=1&fp=&tp=&ios=&fa=&ta=&odby=add_desc
INFO: [ app_init ] --START--
INFO: Run Behavior\BuildLiteBehavior [ RunTime:0.000017s ]
INFO: [ app_init ] --END-- [ RunTime:0.000396s ]
INFO: [ app_begin ] --START--
INFO: Run Behavior\ReadHtmlCacheBehavior [ RunTime:0.000599s ]
INFO: [ app_begin ] --END-- [ RunTime:0.000650s ]
NOTIC: [2048] Declaration of Admin\Model\GoodsModel::_after_insert() should be compatible with Think\Model::_after_insert($data, $options) D:\phpStudy\PHPTutorial\WWW\testshop\Application\Admin\Model\GoodsModel.class.php 第 5 行.
SQL: SHOW COLUMNS FROM `pan_goods` [ RunTime:0.0247s ]
NOTIC: [2048] Declaration of Admin\Model\GoodCategoryModel::_before_delete() should be compatible with Think\Model::_before_delete($options) D:\phpStudy\PHPTutorial\WWW\testshop\Application\Admin\Model\GoodCategoryModel.class.php 第 71 行.
SQL: SHOW COLUMNS FROM `pan_good_category` [ RunTime:0.0192s ]
SQL: SELECT * FROM `pan_good_category`  [ RunTime:0.0010s ]
SQL: SELECT `id` FROM `pan_goods` WHERE `category_id` IN ('17','22','18','19','1')  [ RunTime:0.0007s ]
SQL: SHOW COLUMNS FROM `pan_good_cat` [ RunTime:0.0222s ]
SQL: SELECT distinct good_id id FROM `pan_good_cat` WHERE `category_id` IN ('17','22','18','19','1')  [ RunTime:0.0009s ]

[ 2018-08-31T23:42:24+08:00 ] 127.0.0.1 /index.php/Admin/Goods/lst.html
INFO: [ app_init ] --START--
INFO: Run Behavior\BuildLiteBehavior [ RunTime:0.000014s ]
INFO: [ app_init ] --END-- [ RunTime:0.000377s ]
INFO: [ app_begin ] --START--
INFO: Run Behavior\ReadHtmlCacheBehavior [ RunTime:0.000649s ]
INFO: [ app_begin ] --END-- [ RunTime:0.000707s ]
NOTIC: [2048] Declaration of Admin\Model\GoodsModel::_after_insert() should be compatible with Think\Model::_after_insert($data, $options) D:\phpStudy\PHPTutorial\WWW\testshop\Application\Admin\Model\GoodsModel.class.php 第 5 行.
SQL: SHOW COLUMNS FROM `pan_goods` [ RunTime:0.0254s ]
SQL: SELECT COUNT(*) AS tp_count FROM pan_goods a LIMIT 1   [ RunTime:0.0008s ]
SQL: SELECT a.*,b.brand_name,c.catename,group_concat(distinct e.catename) ext_id FROM pan_goods a left join pan_brand b on a.brand_id = b.id
                                left join pan_good_category c on a.category_id = c.id
                                left join pan_good_cat d on a.id = d.good_id
                                left join pan_good_category e on d.category_id = e.id  GROUP BY a.id ORDER BY addtime desc LIMIT 0,5   [ RunTime:0.0305s ]
NOTIC: [2048] Declaration of Admin\Model\GoodCategoryModel::_before_delete() should be compatible with Think\Model::_before_delete($options) D:\phpStudy\PHPTutorial\WWW\testshop\Application\Admin\Model\GoodCategoryModel.class.php 第 71 行.
SQL: SHOW COLUMNS FROM `pan_good_category` [ RunTime:0.0200s ]
SQL: SELECT * FROM `pan_good_category`  [ RunTime:0.0008s ]
INFO: [ view_parse ] --START--
INFO: [ template_filter ] --START--
INFO: Run Behavior\ContentReplaceBehavior [ RunTime:0.000200s ]
INFO: [ template_filter ] --END-- [ RunTime:0.000361s ]
SQL: SHOW COLUMNS FROM `pan_brand` [ RunTime:0.0243s ]
SQL: SELECT `id`,`brand_name` FROM `pan_brand`  [ RunTime:0.0008s ]
INFO: Run Behavior\ParseTemplateBehavior [ RunTime:0.059862s ]
INFO: [ view_parse ] --END-- [ RunTime:0.060046s ]
INFO: [ view_filter ] --START--
INFO: Run Behavior\WriteHtmlCacheBehavior [ RunTime:0.002197s ]
INFO: [ view_filter ] --END-- [ RunTime:0.002392s ]
INFO: [ app_end ] --START--
INFO: Run Behavior\ShowPageTraceBehavior [ RunTime:0.002999s ]
INFO: [ app_end ] --END-- [ RunTime:0.003195s ]

[ 2018-08-31T23:42:30+08:00 ] 127.0.0.1 /index.php/Admin/Goods/lst?gn=&brand_id=&cateid=17&fp=&tp=&ios=&fa=&ta=&odby=add_desc
INFO: [ app_init ] --START--
INFO: Run Behavior\BuildLiteBehavior [ RunTime:0.000041s ]
INFO: [ app_init ] --END-- [ RunTime:0.001205s ]
INFO: [ app_begin ] --START--
INFO: Run Behavior\ReadHtmlCacheBehavior [ RunTime:0.001817s ]
INFO: [ app_begin ] --END-- [ RunTime:0.001964s ]
NOTIC: [2048] Declaration of Admin\Model\GoodsModel::_after_insert() should be compatible with Think\Model::_after_insert($data, $options) D:\phpStudy\PHPTutorial\WWW\testshop\Application\Admin\Model\GoodsModel.class.php 第 5 行.
SQL: SHOW COLUMNS FROM `pan_goods` [ RunTime:0.0237s ]
NOTIC: [2048] Declaration of Admin\Model\GoodCategoryModel::_before_delete() should be compatible with Think\Model::_before_delete($options) D:\phpStudy\PHPTutorial\WWW\testshop\Application\Admin\Model\GoodCategoryModel.class.php 第 71 行.
SQL: SHOW COLUMNS FROM `pan_good_category` [ RunTime:0.0187s ]
SQL: SELECT * FROM `pan_good_category`  [ RunTime:0.0010s ]
SQL: SELECT `id` FROM `pan_goods` WHERE `category_id` IN ('22','17')  [ RunTime:0.0007s ]
SQL: SHOW COLUMNS FROM `pan_good_cat` [ RunTime:0.0182s ]
SQL: SELECT distinct good_id id FROM `pan_good_cat` WHERE `category_id` IN ('22','17')  [ RunTime:0.0013s ]

[ 2018-08-31T23:42:37+08:00 ] 127.0.0.1 /index.php/Admin/Goods/lst.html
INFO: [ app_init ] --START--
INFO: Run Behavior\BuildLiteBehavior [ RunTime:0.000016s ]
INFO: [ app_init ] --END-- [ RunTime:0.000388s ]
INFO: [ app_begin ] --START--
INFO: Run Behavior\ReadHtmlCacheBehavior [ RunTime:0.000637s ]
INFO: [ app_begin ] --END-- [ RunTime:0.000697s ]
NOTIC: [2048] Declaration of Admin\Model\GoodsModel::_after_insert() should be compatible with Think\Model::_after_insert($data, $options) D:\phpStudy\PHPTutorial\WWW\testshop\Application\Admin\Model\GoodsModel.class.php 第 5 行.
SQL: SHOW COLUMNS FROM `pan_goods` [ RunTime:0.0244s ]
SQL: SELECT COUNT(*) AS tp_count FROM pan_goods a LIMIT 1   [ RunTime:0.0008s ]
SQL: SELECT a.*,b.brand_name,c.catename,group_concat(distinct e.catename) ext_id FROM pan_goods a left join pan_brand b on a.brand_id = b.id
                                left join pan_good_category c on a.category_id = c.id
                                left join pan_good_cat d on a.id = d.good_id
                                left join pan_good_category e on d.category_id = e.id  GROUP BY a.id ORDER BY addtime desc LIMIT 0,5   [ RunTime:0.0327s ]
NOTIC: [2048] Declaration of Admin\Model\GoodCategoryModel::_before_delete() should be compatible with Think\Model::_before_delete($options) D:\phpStudy\PHPTutorial\WWW\testshop\Application\Admin\Model\GoodCategoryModel.class.php 第 71 行.
SQL: SHOW COLUMNS FROM `pan_good_category` [ RunTime:0.0208s ]
SQL: SELECT * FROM `pan_good_category`  [ RunTime:0.0006s ]
INFO: [ view_parse ] --START--
INFO: [ template_filter ] --START--
INFO: Run Behavior\ContentReplaceBehavior [ RunTime:0.000201s ]
INFO: [ template_filter ] --END-- [ RunTime:0.000368s ]
SQL: SHOW COLUMNS FROM `pan_brand` [ RunTime:0.0159s ]
SQL: SELECT `id`,`brand_name` FROM `pan_brand`  [ RunTime:0.0005s ]
INFO: Run Behavior\ParseTemplateBehavior [ RunTime:0.043745s ]
INFO: [ view_parse ] --END-- [ RunTime:0.043866s ]
INFO: [ view_filter ] --START--
INFO: Run Behavior\WriteHtmlCacheBehavior [ RunTime:0.001097s ]
INFO: [ view_filter ] --END-- [ RunTime:0.001187s ]
INFO: [ app_end ] --START--
INFO: Run Behavior\ShowPageTraceBehavior [ RunTime:0.001852s ]
INFO: [ app_end ] --END-- [ RunTime:0.002009s ]

[ 2018-08-31T23:42:42+08:00 ] 127.0.0.1 /index.php/Admin/Goods/lst?gn=&brand_id=&cateid=22&fp=&tp=&ios=&fa=&ta=&odby=add_desc
INFO: [ app_init ] --START--
INFO: Run Behavior\BuildLiteBehavior [ RunTime:0.000041s ]
INFO: [ app_init ] --END-- [ RunTime:0.000896s ]
INFO: [ app_begin ] --START--
INFO: Run Behavior\ReadHtmlCacheBehavior [ RunTime:0.001521s ]
INFO: [ app_begin ] --END-- [ RunTime:0.001638s ]
NOTIC: [2048] Declaration of Admin\Model\GoodsModel::_after_insert() should be compatible with Think\Model::_after_insert($data, $options) D:\phpStudy\PHPTutorial\WWW\testshop\Application\Admin\Model\GoodsModel.class.php 第 5 行.
SQL: SHOW COLUMNS FROM `pan_goods` [ RunTime:0.0233s ]
NOTIC: [2048] Declaration of Admin\Model\GoodCategoryModel::_before_delete() should be compatible with Think\Model::_before_delete($options) D:\phpStudy\PHPTutorial\WWW\testshop\Application\Admin\Model\GoodCategoryModel.class.php 第 71 行.
SQL: SHOW COLUMNS FROM `pan_good_category` [ RunTime:0.0198s ]
SQL: SELECT * FROM `pan_good_category`  [ RunTime:0.0010s ]
SQL: SELECT `id` FROM `pan_goods` WHERE `category_id` IN ('22')  [ RunTime:0.0006s ]
SQL: SHOW COLUMNS FROM `pan_good_cat` [ RunTime:0.0181s ]
SQL: SELECT distinct good_id id FROM `pan_good_cat` WHERE `category_id` IN ('22')  [ RunTime:0.0013s ]

[ 2018-08-31T23:43:09+08:00 ] 127.0.0.1 /index.php/Admin/Goods/lst.html
INFO: [ app_init ] --START--
INFO: Run Behavior\BuildLiteBehavior [ RunTime:0.000018s ]
INFO: [ app_init ] --END-- [ RunTime:0.000614s ]
INFO: [ app_begin ] --START--
INFO: Run Behavior\ReadHtmlCacheBehavior [ RunTime:0.000622s ]
INFO: [ app_begin ] --END-- [ RunTime:0.000676s ]
NOTIC: [2048] Declaration of Admin\Model\GoodsModel::_after_insert() should be compatible with Think\Model::_after_insert($data, $options) D:\phpStudy\PHPTutorial\WWW\testshop\Application\Admin\Model\GoodsModel.class.php 第 5 行.
SQL: SHOW COLUMNS FROM `pan_goods` [ RunTime:0.0237s ]
SQL: SELECT COUNT(*) AS tp_count FROM pan_goods a LIMIT 1   [ RunTime:0.0011s ]
SQL: SELECT a.*,b.brand_name,c.catename,group_concat(distinct e.catename) ext_id FROM pan_goods a left join pan_brand b on a.brand_id = b.id
                                left join pan_good_category c on a.category_id = c.id
                                left join pan_good_cat d on a.id = d.good_id
                                left join pan_good_category e on d.category_id = e.id  GROUP BY a.id ORDER BY addtime desc LIMIT 0,5   [ RunTime:0.0246s ]
NOTIC: [2048] Declaration of Admin\Model\GoodCategoryModel::_before_delete() should be compatible with Think\Model::_before_delete($options) D:\phpStudy\PHPTutorial\WWW\testshop\Application\Admin\Model\GoodCategoryModel.class.php 第 71 行.
SQL: SHOW COLUMNS FROM `pan_good_category` [ RunTime:0.0252s ]
SQL: SELECT * FROM `pan_good_category`  [ RunTime:0.0010s ]
INFO: [ view_parse ] --START--
INFO: [ template_filter ] --START--
INFO: Run Behavior\ContentReplaceBehavior [ RunTime:0.000123s ]
INFO: [ template_filter ] --END-- [ RunTime:0.000223s ]
SQL: SHOW COLUMNS FROM `pan_brand` [ RunTime:0.0131s ]
SQL: SELECT `id`,`brand_name` FROM `pan_brand`  [ RunTime:0.0005s ]
INFO: Run Behavior\ParseTemplateBehavior [ RunTime:0.036465s ]
INFO: [ view_parse ] --END-- [ RunTime:0.036648s ]
INFO: [ view_filter ] --START--
INFO: Run Behavior\WriteHtmlCacheBehavior [ RunTime:0.001474s ]
INFO: [ view_filter ] --END-- [ RunTime:0.001588s ]
INFO: [ app_end ] --START--
INFO: Run Behavior\ShowPageTraceBehavior [ RunTime:0.002074s ]
INFO: [ app_end ] --END-- [ RunTime:0.002271s ]

[ 2018-08-31T23:43:14+08:00 ] 127.0.0.1 /index.php/Admin/Goods/lst?gn=&brand_id=&cateid=19&fp=&tp=&ios=&fa=&ta=&odby=add_desc
INFO: [ app_init ] --START--
INFO: Run Behavior\BuildLiteBehavior [ RunTime:0.000014s ]
INFO: [ app_init ] --END-- [ RunTime:0.000361s ]
INFO: [ app_begin ] --START--
INFO: Run Behavior\ReadHtmlCacheBehavior [ RunTime:0.000599s ]
INFO: [ app_begin ] --END-- [ RunTime:0.000648s ]
NOTIC: [2048] Declaration of Admin\Model\GoodsModel::_after_insert() should be compatible with Think\Model::_after_insert($data, $options) D:\phpStudy\PHPTutorial\WWW\testshop\Application\Admin\Model\GoodsModel.class.php 第 5 行.
SQL: SHOW COLUMNS FROM `pan_goods` [ RunTime:0.0232s ]
NOTIC: [2048] Declaration of Admin\Model\GoodCategoryModel::_before_delete() should be compatible with Think\Model::_before_delete($options) D:\phpStudy\PHPTutorial\WWW\testshop\Application\Admin\Model\GoodCategoryModel.class.php 第 71 行.
SQL: SHOW COLUMNS FROM `pan_good_category` [ RunTime:0.0184s ]
SQL: SELECT * FROM `pan_good_category`  [ RunTime:0.0010s ]
SQL: SELECT `id` FROM `pan_goods` WHERE `category_id` IN ('19')  [ RunTime:0.0007s ]
SQL: SHOW COLUMNS FROM `pan_good_cat` [ RunTime:0.0203s ]
SQL: SELECT distinct good_id id FROM `pan_good_cat` WHERE `category_id` IN ('19')  [ RunTime:0.0012s ]

[ 2018-08-31T23:43:19+08:00 ] 127.0.0.1 /index.php/Admin/GoodCategory/lst.html
INFO: [ app_init ] --START--
INFO: Run Behavior\BuildLiteBehavior [ RunTime:0.000014s ]
INFO: [ app_init ] --END-- [ RunTime:0.000354s ]
INFO: [ app_begin ] --START--
INFO: Run Behavior\ReadHtmlCacheBehavior [ RunTime:0.000584s ]
INFO: [ app_begin ] --END-- [ RunTime:0.000635s ]
NOTIC: [2048] Declaration of Admin\Model\GoodCategoryModel::_before_delete() should be compatible with Think\Model::_before_delete($options) D:\phpStudy\PHPTutorial\WWW\testshop\Application\Admin\Model\GoodCategoryModel.class.php 第 5 行.
SQL: SHOW COLUMNS FROM `pan_good_category` [ RunTime:0.0233s ]
SQL: SELECT * FROM `pan_good_category`  [ RunTime:0.0010s ]
INFO: [ view_parse ] --START--
INFO: [ template_filter ] --START--
INFO: Run Behavior\ContentReplaceBehavior [ RunTime:0.000125s ]
INFO: [ template_filter ] --END-- [ RunTime:0.000270s ]
INFO: Run Behavior\ParseTemplateBehavior [ RunTime:0.054197s ]
INFO: [ view_parse ] --END-- [ RunTime:0.054433s ]
INFO: [ view_filter ] --START--
INFO: Run Behavior\WriteHtmlCacheBehavior [ RunTime:0.001770s ]
INFO: [ view_filter ] --END-- [ RunTime:0.001971s ]
INFO: [ app_end ] --START--
INFO: Run Behavior\ShowPageTraceBehavior [ RunTime:0.005414s ]
INFO: [ app_end ] --END-- [ RunTime:0.005615s ]

[ 2018-08-31T23:43:23+08:00 ] 127.0.0.1 /index.php/Admin/Goods/lst.html
INFO: [ app_init ] --START--
INFO: Run Behavior\BuildLiteBehavior [ RunTime:0.000014s ]
INFO: [ app_init ] --END-- [ RunTime:0.000362s ]
INFO: [ app_begin ] --START--
INFO: Run Behavior\ReadHtmlCacheBehavior [ RunTime:0.000588s ]
INFO: [ app_begin ] --END-- [ RunTime:0.000639s ]
NOTIC: [2048] Declaration of Admin\Model\GoodsModel::_after_insert() should be compatible with Think\Model::_after_insert($data, $options) D:\phpStudy\PHPTutorial\WWW\testshop\Application\Admin\Model\GoodsModel.class.php 第 5 行.
SQL: SHOW COLUMNS FROM `pan_goods` [ RunTime:0.0236s ]
SQL: SELECT COUNT(*) AS tp_count FROM pan_goods a LIMIT 1   [ RunTime:0.0007s ]
SQL: SELECT a.*,b.brand_name,c.catename,group_concat(distinct e.catename) ext_id FROM pan_goods a left join pan_brand b on a.brand_id = b.id
                                left join pan_good_category c on a.category_id = c.id
                                left join pan_good_cat d on a.id = d.good_id
                                left join pan_good_category e on d.category_id = e.id  GROUP BY a.id ORDER BY addtime desc LIMIT 0,5   [ RunTime:0.0247s ]
NOTIC: [2048] Declaration of Admin\Model\GoodCategoryModel::_before_delete() should be compatible with Think\Model::_before_delete($options) D:\phpStudy\PHPTutorial\WWW\testshop\Application\Admin\Model\GoodCategoryModel.class.php 第 71 行.
SQL: SHOW COLUMNS FROM `pan_good_category` [ RunTime:0.0195s ]
SQL: SELECT * FROM `pan_good_category`  [ RunTime:0.0008s ]
INFO: [ view_parse ] --START--
INFO: [ template_filter ] --START--
INFO: Run Behavior\ContentReplaceBehavior [ RunTime:0.000182s ]
INFO: [ template_filter ] --END-- [ RunTime:0.000328s ]
SQL: SHOW COLUMNS FROM `pan_brand` [ RunTime:0.0203s ]
SQL: SELECT `id`,`brand_name` FROM `pan_brand`  [ RunTime:0.0007s ]
INFO: Run Behavior\ParseTemplateBehavior [ RunTime:0.050170s ]
INFO: [ view_parse ] --END-- [ RunTime:0.050302s ]
INFO: [ view_filter ] --START--
INFO: Run Behavior\WriteHtmlCacheBehavior [ RunTime:0.001363s ]
INFO: [ view_filter ] --END-- [ RunTime:0.001475s ]
INFO: [ app_end ] --START--
INFO: Run Behavior\ShowPageTraceBehavior [ RunTime:0.002526s ]
INFO: [ app_end ] --END-- [ RunTime:0.002703s ]

[ 2018-08-31T23:44:01+08:00 ] 127.0.0.1 /index.php/Admin/Goods/lst?gn=&brand_id=&cateid=2&fp=&tp=&ios=&fa=&ta=&odby=add_desc
INFO: [ app_init ] --START--
INFO: Run Behavior\BuildLiteBehavior [ RunTime:0.000038s ]
INFO: [ app_init ] --END-- [ RunTime:0.001037s ]
INFO: [ app_begin ] --START--
INFO: Run Behavior\ReadHtmlCacheBehavior [ RunTime:0.001833s ]
INFO: [ app_begin ] --END-- [ RunTime:0.002010s ]
NOTIC: [2048] Declaration of Admin\Model\GoodsModel::_after_insert() should be compatible with Think\Model::_after_insert($data, $options) D:\phpStudy\PHPTutorial\WWW\testshop\Application\Admin\Model\GoodsModel.class.php 第 5 行.
SQL: SHOW COLUMNS FROM `pan_goods` [ RunTime:0.0242s ]
NOTIC: [2048] Declaration of Admin\Model\GoodCategoryModel::_before_delete() should be compatible with Think\Model::_before_delete($options) D:\phpStudy\PHPTutorial\WWW\testshop\Application\Admin\Model\GoodCategoryModel.class.php 第 71 行.
SQL: SHOW COLUMNS FROM `pan_good_category` [ RunTime:0.0190s ]
SQL: SELECT * FROM `pan_good_category`  [ RunTime:0.0010s ]
SQL: SELECT `id` FROM `pan_goods` WHERE `category_id` IN ('21','2')  [ RunTime:0.0006s ]
SQL: SHOW COLUMNS FROM `pan_good_cat` [ RunTime:0.0184s ]
SQL: SELECT distinct good_id id FROM `pan_good_cat` WHERE `category_id` IN ('21','2')  [ RunTime:0.0008s ]

[ 2018-08-31T23:54:20+08:00 ] 127.0.0.1 /index.php/Admin/Goods/lst?gn=&brand_id=&cateid=2&fp=&tp=&ios=&fa=&ta=&odby=add_desc
INFO: [ app_init ] --START--
INFO: Run Behavior\BuildLiteBehavior [ RunTime:0.000014s ]
INFO: [ app_init ] --END-- [ RunTime:0.000393s ]
INFO: [ app_begin ] --START--
INFO: Run Behavior\ReadHtmlCacheBehavior [ RunTime:0.000712s ]
INFO: [ app_begin ] --END-- [ RunTime:0.000767s ]

[ 2018-08-31T23:54:50+08:00 ] 127.0.0.1 /index.php/Admin/Goods/lst?gn=&brand_id=&cateid=2&fp=&tp=&ios=&fa=&ta=&odby=add_desc
INFO: [ app_init ] --START--
INFO: Run Behavior\BuildLiteBehavior [ RunTime:0.000015s ]
INFO: [ app_init ] --END-- [ RunTime:0.000370s ]
INFO: [ app_begin ] --START--
INFO: Run Behavior\ReadHtmlCacheBehavior [ RunTime:0.000599s ]
INFO: [ app_begin ] --END-- [ RunTime:0.000651s ]
NOTIC: [2048] Declaration of Admin\Model\GoodsModel::_after_insert() should be compatible with Think\Model::_after_insert($data, $options) D:\phpStudy\PHPTutorial\WWW\testshop\Application\Admin\Model\GoodsModel.class.php 第 5 行.
SQL: SHOW COLUMNS FROM `pan_goods` [ RunTime:0.0267s ]
NOTIC: [2048] Declaration of Admin\Model\GoodCategoryModel::_before_delete() should be compatible with Think\Model::_before_delete($options) D:\phpStudy\PHPTutorial\WWW\testshop\Application\Admin\Model\GoodCategoryModel.class.php 第 71 行.
SQL: SHOW COLUMNS FROM `pan_good_category` [ RunTime:0.0129s ]
SQL: SELECT * FROM `pan_good_category`  [ RunTime:0.0007s ]
SQL: SELECT `id` FROM `pan_goods` WHERE `category_id` IN ('21','2')  [ RunTime:0.0005s ]
SQL: SHOW COLUMNS FROM `pan_good_cat` [ RunTime:0.0170s ]
SQL: SELECT distinct good_id id FROM `pan_good_cat` WHERE `category_id` IN ('21','2')  [ RunTime:0.0007s ]

